Copyright 1986-2018 Xilinx, Inc. All Rights Reserved.
------------------------------------------------------------------------------------------------------------------------------
| Tool Version : Vivado v.2018.2 (lin64) Build 2258646 Thu Jun 14 20:02:38 MDT 2018
| Date         : Sun Apr  5 15:06:56 2026
| Host         : bn-srv0 running 64-bit Red Hat Enterprise Linux release 7.9
| Command      : report_drc -file softcore_top_drc_routed.rpt -pb softcore_top_drc_routed.pb -rpx softcore_top_drc_routed.rpx
| Design       : softcore_top
| Device       : xc7k325tffg900-1
| Speed File   : -1
| Design State : Routed
------------------------------------------------------------------------------------------------------------------------------

Report DRC

Table of Contents
-----------------
1. REPORT SUMMARY
2. REPORT DETAILS

1. REPORT SUMMARY
-----------------
            Netlist: netlist
          Floorplan: design_1
      Design limits: <entire design considered>
           Ruledeck: default
             Max violations: <unlimited>
             Violations found: 152
+-----------+----------+-----------------------------------------------------+------------+
| Rule      | Severity | Description                                         | Violations |
+-----------+----------+-----------------------------------------------------+------------+
| CFGBVS-1  | Warning  | Missing CFGBVS and CONFIG_VOLTAGE Design Properties | 1          |
| CHECK-3   | Warning  | Report rule limit reached                           | 2          |
| DPIP-1    | Warning  | Input pipelining                                    | 26         |
| DPOP-1    | Warning  | PREG Output pipelining                              | 9          |
| DPOP-2    | Warning  | MREG Output pipelining                              | 9          |
| PDRC-153  | Warning  | Gated clock check                                   | 64         |
| REQP-1839 | Warning  | RAMB36 async control check                          | 20         |
| REQP-1840 | Warning  | RAMB18 async control check                          | 20         |
| RTSTAT-10 | Warning  | No routable loads                                   | 1          |
+-----------+----------+-----------------------------------------------------+------------+

2. REPORT DETAILS
-----------------
CFGBVS-1#1 Warning
Missing CFGBVS and CONFIG_VOLTAGE Design Properties  
Neither the CFGBVS nor CONFIG_VOLTAGE voltage property is set in the current_design.  Configuration bank voltage select (CFGBVS) must be set to VCCO or GND, and CONFIG_VOLTAGE must be set to the correct configuration voltage, in order to determine the I/O voltage support for the pins in bank 0.  It is suggested to specify these either using the 'Edit Device Properties' function in the GUI or directly in the XDC file using the following syntax:

 set_property CFGBVS value1 [current_design]
 #where value1 is either VCCO or GND

 set_property CONFIG_VOLTAGE value2 [current_design]
 #where value2 is the voltage provided to configuration bank 0

Refer to the device configuration user guide for more information.
Related violations: <none>

CHECK-3#1 Warning
Report rule limit reached  
REQP-1839 rule limit reached: 20 violations have been found.
Related violations: <none>

CHECK-3#2 Warning
Report rule limit reached  
REQP-1840 rule limit reached: 20 violations have been found.
Related violations: <none>

DPIP-1#1 Warning
Input pipelining  
DSP u_WASM_TOP/u_alu/ALUResult_64b0__0 input u_WASM_TOP/u_alu/ALUResult_64b0__0/A[29:0] is not pipelined. Pipelining DSP48 input will improve performance.
Related violations: <none>

DPIP-1#2 Warning
Input pipelining  
DSP u_WASM_TOP/u_alu/ALUResult_64b0__0 input u_WASM_TOP/u_alu/ALUResult_64b0__0/B[17:0] is not pipelined. Pipelining DSP48 input will improve performance.
Related violations: <none>

DPIP-1#3 Warning
Input pipelining  
DSP u_WASM_TOP/u_alu/ALUResult_64b0__0__0 input u_WASM_TOP/u_alu/ALUResult_64b0__0__0/A[29:0] is not pipelined. Pipelining DSP48 input will improve performance.
Related violations: <none>

DPIP-1#4 Warning
Input pipelining  
DSP u_WASM_TOP/u_alu/ALUResult_64b0__0__0 input u_WASM_TOP/u_alu/ALUResult_64b0__0__0/B[17:0] is not pipelined. Pipelining DSP48 input will improve performance.
Related violations: <none>

DPIP-1#5 Warning
Input pipelining  
DSP u_WASM_TOP/u_alu/ALUResult_64b0__1 input u_WASM_TOP/u_alu/ALUResult_64b0__1/A[29:0] is not pipelined. Pipelining DSP48 input will improve performance.
Related violations: <none>

DPIP-1#6 Warning
Input pipelining  
DSP u_WASM_TOP/u_alu/ALUResult_64b0__1 input u_WASM_TOP/u_alu/ALUResult_64b0__1/B[17:0] is not pipelined. Pipelining DSP48 input will improve performance.
Related violations: <none>

DPIP-1#7 Warning
Input pipelining  
DSP u_WASM_TOP/u_alu/ALUResult_64b0__2 input u_WASM_TOP/u_alu/ALUResult_64b0__2/A[29:0] is not pipelined. Pipelining DSP48 input will improve performance.
Related violations: <none>

DPIP-1#8 Warning
Input pipelining  
DSP u_WASM_TOP/u_alu/ALUResult_64b0__2 input u_WASM_TOP/u_alu/ALUResult_64b0__2/B[17:0] is not pipelined. Pipelining DSP48 input will improve performance.
Related violations: <none>

DPIP-1#9 Warning
Input pipelining  
DSP u_WASM_TOP/u_alu/ALUResult_64b0__3 input u_WASM_TOP/u_alu/ALUResult_64b0__3/A[29:0] is not pipelined. Pipelining DSP48 input will improve performance.
Related violations: <none>

DPIP-1#10 Warning
Input pipelining  
DSP u_WASM_TOP/u_alu/ALUResult_64b0__3 input u_WASM_TOP/u_alu/ALUResult_64b0__3/B[17:0] is not pipelined. Pipelining DSP48 input will improve performance.
Related violations: <none>

DPIP-1#11 Warning
Input pipelining  
DSP u_WASM_TOP/u_alu/ALUResult_64b0__4 input u_WASM_TOP/u_alu/ALUResult_64b0__4/A[29:0] is not pipelined. Pipelining DSP48 input will improve performance.
Related violations: <none>

DPIP-1#12 Warning
Input pipelining  
DSP u_WASM_TOP/u_alu/ALUResult_64b0__4 input u_WASM_TOP/u_alu/ALUResult_64b0__4/B[17:0] is not pipelined. Pipelining DSP48 input will improve performance.
Related violations: <none>

DPIP-1#13 Warning
Input pipelining  
DSP u_WASM_TOP/u_alu/ALUResult_64b0__5 input u_WASM_TOP/u_alu/ALUResult_64b0__5/A[29:0] is not pipelined. Pipelining DSP48 input will improve performance.
Related violations: <none>

DPIP-1#14 Warning
Input pipelining  
DSP u_WASM_TOP/u_alu/ALUResult_64b0__5 input u_WASM_TOP/u_alu/ALUResult_64b0__5/B[17:0] is not pipelined. Pipelining DSP48 input will improve performance.
Related violations: <none>

DPIP-1#15 Warning
Input pipelining  
DSP u_WASM_TOP/u_alu/ALUResult_64b0__6 input u_WASM_TOP/u_alu/ALUResult_64b0__6/A[29:0] is not pipelined. Pipelining DSP48 input will improve performance.
Related violations: <none>

DPIP-1#16 Warning
Input pipelining  
DSP u_WASM_TOP/u_alu/ALUResult_64b0__6 input u_WASM_TOP/u_alu/ALUResult_64b0__6/B[17:0] is not pipelined. Pipelining DSP48 input will improve performance.
Related violations: <none>

DPIP-1#17 Warning
Input pipelining  
DSP u_WASM_TOP/u_alu/ALUResult_64b0__7 input u_WASM_TOP/u_alu/ALUResult_64b0__7/A[29:0] is not pipelined. Pipelining DSP48 input will improve performance.
Related violations: <none>

DPIP-1#18 Warning
Input pipelining  
DSP u_WASM_TOP/u_alu/ALUResult_64b0__7 input u_WASM_TOP/u_alu/ALUResult_64b0__7/B[17:0] is not pipelined. Pipelining DSP48 input will improve performance.
Related violations: <none>

DPIP-1#19 Warning
Input pipelining  
DSP u_WASM_TOP/u_alu/ALUResult_64b0__8 input u_WASM_TOP/u_alu/ALUResult_64b0__8/A[29:0] is not pipelined. Pipelining DSP48 input will improve performance.
Related violations: <none>

DPIP-1#20 Warning
Input pipelining  
DSP u_WASM_TOP/u_alu/ALUResult_64b0__8 input u_WASM_TOP/u_alu/ALUResult_64b0__8/B[17:0] is not pipelined. Pipelining DSP48 input will improve performance.
Related violations: <none>

DPIP-1#21 Warning
Input pipelining  
DSP u_WASM_TOP/u_alu/ALU_32bit/ALUResult0 input u_WASM_TOP/u_alu/ALU_32bit/ALUResult0/A[29:0] is not pipelined. Pipelining DSP48 input will improve performance.
Related violations: <none>

DPIP-1#22 Warning
Input pipelining  
DSP u_WASM_TOP/u_alu/ALU_32bit/ALUResult0 input u_WASM_TOP/u_alu/ALU_32bit/ALUResult0/B[17:0] is not pipelined. Pipelining DSP48 input will improve performance.
Related violations: <none>

DPIP-1#23 Warning
Input pipelining  
DSP u_WASM_TOP/u_alu/ALU_32bit/ALUResult0__0 input u_WASM_TOP/u_alu/ALU_32bit/ALUResult0__0/A[29:0] is not pipelined. Pipelining DSP48 input will improve performance.
Related violations: <none>

DPIP-1#24 Warning
Input pipelining  
DSP u_WASM_TOP/u_alu/ALU_32bit/ALUResult0__0 input u_WASM_TOP/u_alu/ALU_32bit/ALUResult0__0/B[17:0] is not pipelined. Pipelining DSP48 input will improve performance.
Related violations: <none>

DPIP-1#25 Warning
Input pipelining  
DSP u_WASM_TOP/u_alu/ALU_32bit/ALUResult0__1 input u_WASM_TOP/u_alu/ALU_32bit/ALUResult0__1/A[29:0] is not pipelined. Pipelining DSP48 input will improve performance.
Related violations: <none>

DPIP-1#26 Warning
Input pipelining  
DSP u_WASM_TOP/u_alu/ALU_32bit/ALUResult0__1 input u_WASM_TOP/u_alu/ALU_32bit/ALUResult0__1/B[17:0] is not pipelined. Pipelining DSP48 input will improve performance.
Related violations: <none>

DPOP-1#1 Warning
PREG Output pipelining  
DSP u_WASM_TOP/u_alu/ALUResult_64b0__0__0 output u_WASM_TOP/u_alu/ALUResult_64b0__0__0/P[47:0] is not pipelined (PREG=0). Pipelining the DSP48 output will improve performance and often saves power so it is suggested whenever possible to fully pipeline this function.  If this DSP48 function was inferred, it is suggested to describe an additional register stage after this function.  If the DSP48 was instantiated in the design, it is suggested to set the PREG attribute to 1.
Related violations: <none>

DPOP-1#2 Warning
PREG Output pipelining  
DSP u_WASM_TOP/u_alu/ALUResult_64b0__2 output u_WASM_TOP/u_alu/ALUResult_64b0__2/P[47:0] is not pipelined (PREG=0). Pipelining the DSP48 output will improve performance and often saves power so it is suggested whenever possible to fully pipeline this function.  If this DSP48 function was inferred, it is suggested to describe an additional register stage after this function.  If the DSP48 was instantiated in the design, it is suggested to set the PREG attribute to 1.
Related violations: <none>

DPOP-1#3 Warning
PREG Output pipelining  
DSP u_WASM_TOP/u_alu/ALUResult_64b0__4 output u_WASM_TOP/u_alu/ALUResult_64b0__4/P[47:0] is not pipelined (PREG=0). Pipelining the DSP48 output will improve performance and often saves power so it is suggested whenever possible to fully pipeline this function.  If this DSP48 function was inferred, it is suggested to describe an additional register stage after this function.  If the DSP48 was instantiated in the design, it is suggested to set the PREG attribute to 1.
Related violations: <none>

DPOP-1#4 Warning
PREG Output pipelining  
DSP u_WASM_TOP/u_alu/ALUResult_64b0__5 output u_WASM_TOP/u_alu/ALUResult_64b0__5/P[47:0] is not pipelined (PREG=0). Pipelining the DSP48 output will improve performance and often saves power so it is suggested whenever possible to fully pipeline this function.  If this DSP48 function was inferred, it is suggested to describe an additional register stage after this function.  If the DSP48 was instantiated in the design, it is suggested to set the PREG attribute to 1.
Related violations: <none>

DPOP-1#5 Warning
PREG Output pipelining  
DSP u_WASM_TOP/u_alu/ALUResult_64b0__7 output u_WASM_TOP/u_alu/ALUResult_64b0__7/P[47:0] is not pipelined (PREG=0). Pipelining the DSP48 output will improve performance and often saves power so it is suggested whenever possible to fully pipeline this function.  If this DSP48 function was inferred, it is suggested to describe an additional register stage after this function.  If the DSP48 was instantiated in the design, it is suggested to set the PREG attribute to 1.
Related violations: <none>

DPOP-1#6 Warning
PREG Output pipelining  
DSP u_WASM_TOP/u_alu/ALUResult_64b0__8 output u_WASM_TOP/u_alu/ALUResult_64b0__8/P[47:0] is not pipelined (PREG=0). Pipelining the DSP48 output will improve performance and often saves power so it is suggested whenever possible to fully pipeline this function.  If this DSP48 function was inferred, it is suggested to describe an additional register stage after this function.  If the DSP48 was instantiated in the design, it is suggested to set the PREG attribute to 1.
Related violations: <none>

DPOP-1#7 Warning
PREG Output pipelining  
DSP u_WASM_TOP/u_alu/ALU_32bit/ALUResult0 output u_WASM_TOP/u_alu/ALU_32bit/ALUResult0/P[47:0] is not pipelined (PREG=0). Pipelining the DSP48 output will improve performance and often saves power so it is suggested whenever possible to fully pipeline this function.  If this DSP48 function was inferred, it is suggested to describe an additional register stage after this function.  If the DSP48 was instantiated in the design, it is suggested to set the PREG attribute to 1.
Related violations: <none>

DPOP-1#8 Warning
PREG Output pipelining  
DSP u_WASM_TOP/u_alu/ALU_32bit/ALUResult0__0 output u_WASM_TOP/u_alu/ALU_32bit/ALUResult0__0/P[47:0] is not pipelined (PREG=0). Pipelining the DSP48 output will improve performance and often saves power so it is suggested whenever possible to fully pipeline this function.  If this DSP48 function was inferred, it is suggested to describe an additional register stage after this function.  If the DSP48 was instantiated in the design, it is suggested to set the PREG attribute to 1.
Related violations: <none>

DPOP-1#9 Warning
PREG Output pipelining  
DSP u_WASM_TOP/u_alu/ALU_32bit/ALUResult0__1 output u_WASM_TOP/u_alu/ALU_32bit/ALUResult0__1/P[47:0] is not pipelined (PREG=0). Pipelining the DSP48 output will improve performance and often saves power so it is suggested whenever possible to fully pipeline this function.  If this DSP48 function was inferred, it is suggested to describe an additional register stage after this function.  If the DSP48 was instantiated in the design, it is suggested to set the PREG attribute to 1.
Related violations: <none>

DPOP-2#1 Warning
MREG Output pipelining  
DSP u_WASM_TOP/u_alu/ALUResult_64b0__0__0 multiplier stage u_WASM_TOP/u_alu/ALUResult_64b0__0__0/P[47:0] is not pipelined (MREG=0). Pipelining the multiplier function will improve performance and will save significant power so it is suggested whenever possible to fully pipeline this function.  If this multiplier was inferred, it is suggested to describe an additional register stage after this function.  If there is no registered adder/accumulator following the multiply function, two pipeline stages are suggested to allow both the MREG and PREG registers to be used.  If the DSP48 was instantiated in the design, it is suggested to set both the MREG and PREG attributes to 1 when performing multiply functions.
Related violations: <none>

DPOP-2#2 Warning
MREG Output pipelining  
DSP u_WASM_TOP/u_alu/ALUResult_64b0__2 multiplier stage u_WASM_TOP/u_alu/ALUResult_64b0__2/P[47:0] is not pipelined (MREG=0). Pipelining the multiplier function will improve performance and will save significant power so it is suggested whenever possible to fully pipeline this function.  If this multiplier was inferred, it is suggested to describe an additional register stage after this function.  If there is no registered adder/accumulator following the multiply function, two pipeline stages are suggested to allow both the MREG and PREG registers to be used.  If the DSP48 was instantiated in the design, it is suggested to set both the MREG and PREG attributes to 1 when performing multiply functions.
Related violations: <none>

DPOP-2#3 Warning
MREG Output pipelining  
DSP u_WASM_TOP/u_alu/ALUResult_64b0__4 multiplier stage u_WASM_TOP/u_alu/ALUResult_64b0__4/P[47:0] is not pipelined (MREG=0). Pipelining the multiplier function will improve performance and will save significant power so it is suggested whenever possible to fully pipeline this function.  If this multiplier was inferred, it is suggested to describe an additional register stage after this function.  If there is no registered adder/accumulator following the multiply function, two pipeline stages are suggested to allow both the MREG and PREG registers to be used.  If the DSP48 was instantiated in the design, it is suggested to set both the MREG and PREG attributes to 1 when performing multiply functions.
Related violations: <none>

DPOP-2#4 Warning
MREG Output pipelining  
DSP u_WASM_TOP/u_alu/ALUResult_64b0__5 multiplier stage u_WASM_TOP/u_alu/ALUResult_64b0__5/P[47:0] is not pipelined (MREG=0). Pipelining the multiplier function will improve performance and will save significant power so it is suggested whenever possible to fully pipeline this function.  If this multiplier was inferred, it is suggested to describe an additional register stage after this function.  If there is no registered adder/accumulator following the multiply function, two pipeline stages are suggested to allow both the MREG and PREG registers to be used.  If the DSP48 was instantiated in the design, it is suggested to set both the MREG and PREG attributes to 1 when performing multiply functions.
Related violations: <none>

DPOP-2#5 Warning
MREG Output pipelining  
DSP u_WASM_TOP/u_alu/ALUResult_64b0__7 multiplier stage u_WASM_TOP/u_alu/ALUResult_64b0__7/P[47:0] is not pipelined (MREG=0). Pipelining the multiplier function will improve performance and will save significant power so it is suggested whenever possible to fully pipeline this function.  If this multiplier was inferred, it is suggested to describe an additional register stage after this function.  If there is no registered adder/accumulator following the multiply function, two pipeline stages are suggested to allow both the MREG and PREG registers to be used.  If the DSP48 was instantiated in the design, it is suggested to set both the MREG and PREG attributes to 1 when performing multiply functions.
Related violations: <none>

DPOP-2#6 Warning
MREG Output pipelining  
DSP u_WASM_TOP/u_alu/ALUResult_64b0__8 multiplier stage u_WASM_TOP/u_alu/ALUResult_64b0__8/P[47:0] is not pipelined (MREG=0). Pipelining the multiplier function will improve performance and will save significant power so it is suggested whenever possible to fully pipeline this function.  If this multiplier was inferred, it is suggested to describe an additional register stage after this function.  If there is no registered adder/accumulator following the multiply function, two pipeline stages are suggested to allow both the MREG and PREG registers to be used.  If the DSP48 was instantiated in the design, it is suggested to set both the MREG and PREG attributes to 1 when performing multiply functions.
Related violations: <none>

DPOP-2#7 Warning
MREG Output pipelining  
DSP u_WASM_TOP/u_alu/ALU_32bit/ALUResult0 multiplier stage u_WASM_TOP/u_alu/ALU_32bit/ALUResult0/P[47:0] is not pipelined (MREG=0). Pipelining the multiplier function will improve performance and will save significant power so it is suggested whenever possible to fully pipeline this function.  If this multiplier was inferred, it is suggested to describe an additional register stage after this function.  If there is no registered adder/accumulator following the multiply function, two pipeline stages are suggested to allow both the MREG and PREG registers to be used.  If the DSP48 was instantiated in the design, it is suggested to set both the MREG and PREG attributes to 1 when performing multiply functions.
Related violations: <none>

DPOP-2#8 Warning
MREG Output pipelining  
DSP u_WASM_TOP/u_alu/ALU_32bit/ALUResult0__0 multiplier stage u_WASM_TOP/u_alu/ALU_32bit/ALUResult0__0/P[47:0] is not pipelined (MREG=0). Pipelining the multiplier function will improve performance and will save significant power so it is suggested whenever possible to fully pipeline this function.  If this multiplier was inferred, it is suggested to describe an additional register stage after this function.  If there is no registered adder/accumulator following the multiply function, two pipeline stages are suggested to allow both the MREG and PREG registers to be used.  If the DSP48 was instantiated in the design, it is suggested to set both the MREG and PREG attributes to 1 when performing multiply functions.
Related violations: <none>

DPOP-2#9 Warning
MREG Output pipelining  
DSP u_WASM_TOP/u_alu/ALU_32bit/ALUResult0__1 multiplier stage u_WASM_TOP/u_alu/ALU_32bit/ALUResult0__1/P[47:0] is not pipelined (MREG=0). Pipelining the multiplier function will improve performance and will save significant power so it is suggested whenever possible to fully pipeline this function.  If this multiplier was inferred, it is suggested to describe an additional register stage after this function.  If there is no registered adder/accumulator following the multiply function, two pipeline stages are suggested to allow both the MREG and PREG registers to be used.  If the DSP48 was instantiated in the design, it is suggested to set both the MREG and PREG attributes to 1 when performing multiply functions.
Related violations: <none>

PDRC-153#1 Warning
Gated clock check  
Net global_record_reg[0][0]_LDC_i_1_n_1 is a gated clock net sourced by a combinational pin global_record_reg[0][0]_LDC_i_1/O, cell global_record_reg[0][0]_LDC_i_1. This is not good design practice and will likely impact performance. For SLICE registers, for example, use the CE pin to control the loading of data.
Related violations: <none>

PDRC-153#2 Warning
Gated clock check  
Net global_record_reg[0][10]_LDC_i_1_n_1 is a gated clock net sourced by a combinational pin global_record_reg[0][10]_LDC_i_1/O, cell global_record_reg[0][10]_LDC_i_1. This is not good design practice and will likely impact performance. For SLICE registers, for example, use the CE pin to control the loading of data.
Related violations: <none>

PDRC-153#3 Warning
Gated clock check  
Net global_record_reg[0][11]_LDC_i_1_n_1 is a gated clock net sourced by a combinational pin global_record_reg[0][11]_LDC_i_1/O, cell global_record_reg[0][11]_LDC_i_1. This is not good design practice and will likely impact performance. For SLICE registers, for example, use the CE pin to control the loading of data.
Related violations: <none>

PDRC-153#4 Warning
Gated clock check  
Net global_record_reg[0][12]_LDC_i_1_n_1 is a gated clock net sourced by a combinational pin global_record_reg[0][12]_LDC_i_1/O, cell global_record_reg[0][12]_LDC_i_1. This is not good design practice and will likely impact performance. For SLICE registers, for example, use the CE pin to control the loading of data.
Related violations: <none>

PDRC-153#5 Warning
Gated clock check  
Net global_record_reg[0][13]_LDC_i_1_n_1 is a gated clock net sourced by a combinational pin global_record_reg[0][13]_LDC_i_1/O, cell global_record_reg[0][13]_LDC_i_1. This is not good design practice and will likely impact performance. For SLICE registers, for example, use the CE pin to control the loading of data.
Related violations: <none>

PDRC-153#6 Warning
Gated clock check  
Net global_record_reg[0][14]_LDC_i_1_n_1 is a gated clock net sourced by a combinational pin global_record_reg[0][14]_LDC_i_1/O, cell global_record_reg[0][14]_LDC_i_1. This is not good design practice and will likely impact performance. For SLICE registers, for example, use the CE pin to control the loading of data.
Related violations: <none>

PDRC-153#7 Warning
Gated clock check  
Net global_record_reg[0][15]_LDC_i_1_n_1 is a gated clock net sourced by a combinational pin global_record_reg[0][15]_LDC_i_1/O, cell global_record_reg[0][15]_LDC_i_1. This is not good design practice and will likely impact performance. For SLICE registers, for example, use the CE pin to control the loading of data.
Related violations: <none>

PDRC-153#8 Warning
Gated clock check  
Net global_record_reg[0][16]_LDC_i_1_n_1 is a gated clock net sourced by a combinational pin global_record_reg[0][16]_LDC_i_1/O, cell global_record_reg[0][16]_LDC_i_1. This is not good design practice and will likely impact performance. For SLICE registers, for example, use the CE pin to control the loading of data.
Related violations: <none>

PDRC-153#9 Warning
Gated clock check  
Net global_record_reg[0][17]_LDC_i_1_n_1 is a gated clock net sourced by a combinational pin global_record_reg[0][17]_LDC_i_1/O, cell global_record_reg[0][17]_LDC_i_1. This is not good design practice and will likely impact performance. For SLICE registers, for example, use the CE pin to control the loading of data.
Related violations: <none>

PDRC-153#10 Warning
Gated clock check  
Net global_record_reg[0][18]_LDC_i_1_n_1 is a gated clock net sourced by a combinational pin global_record_reg[0][18]_LDC_i_1/O, cell global_record_reg[0][18]_LDC_i_1. This is not good design practice and will likely impact performance. For SLICE registers, for example, use the CE pin to control the loading of data.
Related violations: <none>

PDRC-153#11 Warning
Gated clock check  
Net global_record_reg[0][19]_LDC_i_1_n_1 is a gated clock net sourced by a combinational pin global_record_reg[0][19]_LDC_i_1/O, cell global_record_reg[0][19]_LDC_i_1. This is not good design practice and will likely impact performance. For SLICE registers, for example, use the CE pin to control the loading of data.
Related violations: <none>

PDRC-153#12 Warning
Gated clock check  
Net global_record_reg[0][1]_LDC_i_1_n_1 is a gated clock net sourced by a combinational pin global_record_reg[0][1]_LDC_i_1/O, cell global_record_reg[0][1]_LDC_i_1. This is not good design practice and will likely impact performance. For SLICE registers, for example, use the CE pin to control the loading of data.
Related violations: <none>

PDRC-153#13 Warning
Gated clock check  
Net global_record_reg[0][20]_LDC_i_1_n_1 is a gated clock net sourced by a combinational pin global_record_reg[0][20]_LDC_i_1/O, cell global_record_reg[0][20]_LDC_i_1. This is not good design practice and will likely impact performance. For SLICE registers, for example, use the CE pin to control the loading of data.
Related violations: <none>

PDRC-153#14 Warning
Gated clock check  
Net global_record_reg[0][21]_LDC_i_1_n_1 is a gated clock net sourced by a combinational pin global_record_reg[0][21]_LDC_i_1/O, cell global_record_reg[0][21]_LDC_i_1. This is not good design practice and will likely impact performance. For SLICE registers, for example, use the CE pin to control the loading of data.
Related violations: <none>

PDRC-153#15 Warning
Gated clock check  
Net global_record_reg[0][22]_LDC_i_1_n_1 is a gated clock net sourced by a combinational pin global_record_reg[0][22]_LDC_i_1/O, cell global_record_reg[0][22]_LDC_i_1. This is not good design practice and will likely impact performance. For SLICE registers, for example, use the CE pin to control the loading of data.
Related violations: <none>

PDRC-153#16 Warning
Gated clock check  
Net global_record_reg[0][23]_LDC_i_1_n_1 is a gated clock net sourced by a combinational pin global_record_reg[0][23]_LDC_i_1/O, cell global_record_reg[0][23]_LDC_i_1. This is not good design practice and will likely impact performance. For SLICE registers, for example, use the CE pin to control the loading of data.
Related violations: <none>

PDRC-153#17 Warning
Gated clock check  
Net global_record_reg[0][24]_LDC_i_1_n_1 is a gated clock net sourced by a combinational pin global_record_reg[0][24]_LDC_i_1/O, cell global_record_reg[0][24]_LDC_i_1. This is not good design practice and will likely impact performance. For SLICE registers, for example, use the CE pin to control the loading of data.
Related violations: <none>

PDRC-153#18 Warning
Gated clock check  
Net global_record_reg[0][25]_LDC_i_1_n_1 is a gated clock net sourced by a combinational pin global_record_reg[0][25]_LDC_i_1/O, cell global_record_reg[0][25]_LDC_i_1. This is not good design practice and will likely impact performance. For SLICE registers, for example, use the CE pin to control the loading of data.
Related violations: <none>

PDRC-153#19 Warning
Gated clock check  
Net global_record_reg[0][26]_LDC_i_1_n_1 is a gated clock net sourced by a combinational pin global_record_reg[0][26]_LDC_i_1/O, cell global_record_reg[0][26]_LDC_i_1. This is not good design practice and will likely impact performance. For SLICE registers, for example, use the CE pin to control the loading of data.
Related violations: <none>

PDRC-153#20 Warning
Gated clock check  
Net global_record_reg[0][27]_LDC_i_1_n_1 is a gated clock net sourced by a combinational pin global_record_reg[0][27]_LDC_i_1/O, cell global_record_reg[0][27]_LDC_i_1. This is not good design practice and will likely impact performance. For SLICE registers, for example, use the CE pin to control the loading of data.
Related violations: <none>

PDRC-153#21 Warning
Gated clock check  
Net global_record_reg[0][28]_LDC_i_1_n_1 is a gated clock net sourced by a combinational pin global_record_reg[0][28]_LDC_i_1/O, cell global_record_reg[0][28]_LDC_i_1. This is not good design practice and will likely impact performance. For SLICE registers, for example, use the CE pin to control the loading of data.
Related violations: <none>

PDRC-153#22 Warning
Gated clock check  
Net global_record_reg[0][29]_LDC_i_1_n_1 is a gated clock net sourced by a combinational pin global_record_reg[0][29]_LDC_i_1/O, cell global_record_reg[0][29]_LDC_i_1. This is not good design practice and will likely impact performance. For SLICE registers, for example, use the CE pin to control the loading of data.
Related violations: <none>

PDRC-153#23 Warning
Gated clock check  
Net global_record_reg[0][2]_LDC_i_1_n_1 is a gated clock net sourced by a combinational pin global_record_reg[0][2]_LDC_i_1/O, cell global_record_reg[0][2]_LDC_i_1. This is not good design practice and will likely impact performance. For SLICE registers, for example, use the CE pin to control the loading of data.
Related violations: <none>

PDRC-153#24 Warning
Gated clock check  
Net global_record_reg[0][30]_LDC_i_1_n_1 is a gated clock net sourced by a combinational pin global_record_reg[0][30]_LDC_i_1/O, cell global_record_reg[0][30]_LDC_i_1. This is not good design practice and will likely impact performance. For SLICE registers, for example, use the CE pin to control the loading of data.
Related violations: <none>

PDRC-153#25 Warning
Gated clock check  
Net global_record_reg[0][31]_LDC_i_1_n_1 is a gated clock net sourced by a combinational pin global_record_reg[0][31]_LDC_i_1/O, cell global_record_reg[0][31]_LDC_i_1. This is not good design practice and will likely impact performance. For SLICE registers, for example, use the CE pin to control the loading of data.
Related violations: <none>

PDRC-153#26 Warning
Gated clock check  
Net global_record_reg[0][3]_LDC_i_1_n_1 is a gated clock net sourced by a combinational pin global_record_reg[0][3]_LDC_i_1/O, cell global_record_reg[0][3]_LDC_i_1. This is not good design practice and will likely impact performance. For SLICE registers, for example, use the CE pin to control the loading of data.
Related violations: <none>

PDRC-153#27 Warning
Gated clock check  
Net global_record_reg[0][4]_LDC_i_1_n_1 is a gated clock net sourced by a combinational pin global_record_reg[0][4]_LDC_i_1/O, cell global_record_reg[0][4]_LDC_i_1. This is not good design practice and will likely impact performance. For SLICE registers, for example, use the CE pin to control the loading of data.
Related violations: <none>

PDRC-153#28 Warning
Gated clock check  
Net global_record_reg[0][5]_LDC_i_1_n_1 is a gated clock net sourced by a combinational pin global_record_reg[0][5]_LDC_i_1/O, cell global_record_reg[0][5]_LDC_i_1. This is not good design practice and will likely impact performance. For SLICE registers, for example, use the CE pin to control the loading of data.
Related violations: <none>

PDRC-153#29 Warning
Gated clock check  
Net global_record_reg[0][6]_LDC_i_1_n_1 is a gated clock net sourced by a combinational pin global_record_reg[0][6]_LDC_i_1/O, cell global_record_reg[0][6]_LDC_i_1. This is not good design practice and will likely impact performance. For SLICE registers, for example, use the CE pin to control the loading of data.
Related violations: <none>

PDRC-153#30 Warning
Gated clock check  
Net global_record_reg[0][7]_LDC_i_1_n_1 is a gated clock net sourced by a combinational pin global_record_reg[0][7]_LDC_i_1/O, cell global_record_reg[0][7]_LDC_i_1. This is not good design practice and will likely impact performance. For SLICE registers, for example, use the CE pin to control the loading of data.
Related violations: <none>

PDRC-153#31 Warning
Gated clock check  
Net global_record_reg[0][8]_LDC_i_1_n_1 is a gated clock net sourced by a combinational pin global_record_reg[0][8]_LDC_i_1/O, cell global_record_reg[0][8]_LDC_i_1. This is not good design practice and will likely impact performance. For SLICE registers, for example, use the CE pin to control the loading of data.
Related violations: <none>

PDRC-153#32 Warning
Gated clock check  
Net global_record_reg[0][9]_LDC_i_1_n_1 is a gated clock net sourced by a combinational pin global_record_reg[0][9]_LDC_i_1/O, cell global_record_reg[0][9]_LDC_i_1. This is not good design practice and will likely impact performance. For SLICE registers, for example, use the CE pin to control the loading of data.
Related violations: <none>

PDRC-153#33 Warning
Gated clock check  
Net global_record_reg[1][0]_LDC_i_1_n_1 is a gated clock net sourced by a combinational pin global_record_reg[1][0]_LDC_i_1/O, cell global_record_reg[1][0]_LDC_i_1. This is not good design practice and will likely impact performance. For SLICE registers, for example, use the CE pin to control the loading of data.
Related violations: <none>

PDRC-153#34 Warning
Gated clock check  
Net global_record_reg[1][10]_LDC_i_1_n_1 is a gated clock net sourced by a combinational pin global_record_reg[1][10]_LDC_i_1/O, cell global_record_reg[1][10]_LDC_i_1. This is not good design practice and will likely impact performance. For SLICE registers, for example, use the CE pin to control the loading of data.
Related violations: <none>

PDRC-153#35 Warning
Gated clock check  
Net global_record_reg[1][11]_LDC_i_1_n_1 is a gated clock net sourced by a combinational pin global_record_reg[1][11]_LDC_i_1/O, cell global_record_reg[1][11]_LDC_i_1. This is not good design practice and will likely impact performance. For SLICE registers, for example, use the CE pin to control the loading of data.
Related violations: <none>

PDRC-153#36 Warning
Gated clock check  
Net global_record_reg[1][12]_LDC_i_1_n_1 is a gated clock net sourced by a combinational pin global_record_reg[1][12]_LDC_i_1/O, cell global_record_reg[1][12]_LDC_i_1. This is not good design practice and will likely impact performance. For SLICE registers, for example, use the CE pin to control the loading of data.
Related violations: <none>

PDRC-153#37 Warning
Gated clock check  
Net global_record_reg[1][13]_LDC_i_1_n_1 is a gated clock net sourced by a combinational pin global_record_reg[1][13]_LDC_i_1/O, cell global_record_reg[1][13]_LDC_i_1. This is not good design practice and will likely impact performance. For SLICE registers, for example, use the CE pin to control the loading of data.
Related violations: <none>

PDRC-153#38 Warning
Gated clock check  
Net global_record_reg[1][14]_LDC_i_1_n_1 is a gated clock net sourced by a combinational pin global_record_reg[1][14]_LDC_i_1/O, cell global_record_reg[1][14]_LDC_i_1. This is not good design practice and will likely impact performance. For SLICE registers, for example, use the CE pin to control the loading of data.
Related violations: <none>

PDRC-153#39 Warning
Gated clock check  
Net global_record_reg[1][15]_LDC_i_1_n_1 is a gated clock net sourced by a combinational pin global_record_reg[1][15]_LDC_i_1/O, cell global_record_reg[1][15]_LDC_i_1. This is not good design practice and will likely impact performance. For SLICE registers, for example, use the CE pin to control the loading of data.
Related violations: <none>

PDRC-153#40 Warning
Gated clock check  
Net global_record_reg[1][16]_LDC_i_1_n_1 is a gated clock net sourced by a combinational pin global_record_reg[1][16]_LDC_i_1/O, cell global_record_reg[1][16]_LDC_i_1. This is not good design practice and will likely impact performance. For SLICE registers, for example, use the CE pin to control the loading of data.
Related violations: <none>

PDRC-153#41 Warning
Gated clock check  
Net global_record_reg[1][17]_LDC_i_1_n_1 is a gated clock net sourced by a combinational pin global_record_reg[1][17]_LDC_i_1/O, cell global_record_reg[1][17]_LDC_i_1. This is not good design practice and will likely impact performance. For SLICE registers, for example, use the CE pin to control the loading of data.
Related violations: <none>

PDRC-153#42 Warning
Gated clock check  
Net global_record_reg[1][18]_LDC_i_1_n_1 is a gated clock net sourced by a combinational pin global_record_reg[1][18]_LDC_i_1/O, cell global_record_reg[1][18]_LDC_i_1. This is not good design practice and will likely impact performance. For SLICE registers, for example, use the CE pin to control the loading of data.
Related violations: <none>

PDRC-153#43 Warning
Gated clock check  
Net global_record_reg[1][19]_LDC_i_1_n_1 is a gated clock net sourced by a combinational pin global_record_reg[1][19]_LDC_i_1/O, cell global_record_reg[1][19]_LDC_i_1. This is not good design practice and will likely impact performance. For SLICE registers, for example, use the CE pin to control the loading of data.
Related violations: <none>

PDRC-153#44 Warning
Gated clock check  
Net global_record_reg[1][1]_LDC_i_1_n_1 is a gated clock net sourced by a combinational pin global_record_reg[1][1]_LDC_i_1/O, cell global_record_reg[1][1]_LDC_i_1. This is not good design practice and will likely impact performance. For SLICE registers, for example, use the CE pin to control the loading of data.
Related violations: <none>

PDRC-153#45 Warning
Gated clock check  
Net global_record_reg[1][20]_LDC_i_1_n_1 is a gated clock net sourced by a combinational pin global_record_reg[1][20]_LDC_i_1/O, cell global_record_reg[1][20]_LDC_i_1. This is not good design practice and will likely impact performance. For SLICE registers, for example, use the CE pin to control the loading of data.
Related violations: <none>

PDRC-153#46 Warning
Gated clock check  
Net global_record_reg[1][21]_LDC_i_1_n_1 is a gated clock net sourced by a combinational pin global_record_reg[1][21]_LDC_i_1/O, cell global_record_reg[1][21]_LDC_i_1. This is not good design practice and will likely impact performance. For SLICE registers, for example, use the CE pin to control the loading of data.
Related violations: <none>

PDRC-153#47 Warning
Gated clock check  
Net global_record_reg[1][22]_LDC_i_1_n_1 is a gated clock net sourced by a combinational pin global_record_reg[1][22]_LDC_i_1/O, cell global_record_reg[1][22]_LDC_i_1. This is not good design practice and will likely impact performance. For SLICE registers, for example, use the CE pin to control the loading of data.
Related violations: <none>

PDRC-153#48 Warning
Gated clock check  
Net global_record_reg[1][23]_LDC_i_1_n_1 is a gated clock net sourced by a combinational pin global_record_reg[1][23]_LDC_i_1/O, cell global_record_reg[1][23]_LDC_i_1. This is not good design practice and will likely impact performance. For SLICE registers, for example, use the CE pin to control the loading of data.
Related violations: <none>

PDRC-153#49 Warning
Gated clock check  
Net global_record_reg[1][24]_LDC_i_1_n_1 is a gated clock net sourced by a combinational pin global_record_reg[1][24]_LDC_i_1/O, cell global_record_reg[1][24]_LDC_i_1. This is not good design practice and will likely impact performance. For SLICE registers, for example, use the CE pin to control the loading of data.
Related violations: <none>

PDRC-153#50 Warning
Gated clock check  
Net global_record_reg[1][25]_LDC_i_1_n_1 is a gated clock net sourced by a combinational pin global_record_reg[1][25]_LDC_i_1/O, cell global_record_reg[1][25]_LDC_i_1. This is not good design practice and will likely impact performance. For SLICE registers, for example, use the CE pin to control the loading of data.
Related violations: <none>

PDRC-153#51 Warning
Gated clock check  
Net global_record_reg[1][26]_LDC_i_1_n_1 is a gated clock net sourced by a combinational pin global_record_reg[1][26]_LDC_i_1/O, cell global_record_reg[1][26]_LDC_i_1. This is not good design practice and will likely impact performance. For SLICE registers, for example, use the CE pin to control the loading of data.
Related violations: <none>

PDRC-153#52 Warning
Gated clock check  
Net global_record_reg[1][27]_LDC_i_1_n_1 is a gated clock net sourced by a combinational pin global_record_reg[1][27]_LDC_i_1/O, cell global_record_reg[1][27]_LDC_i_1. This is not good design practice and will likely impact performance. For SLICE registers, for example, use the CE pin to control the loading of data.
Related violations: <none>

PDRC-153#53 Warning
Gated clock check  
Net global_record_reg[1][28]_LDC_i_1_n_1 is a gated clock net sourced by a combinational pin global_record_reg[1][28]_LDC_i_1/O, cell global_record_reg[1][28]_LDC_i_1. This is not good design practice and will likely impact performance. For SLICE registers, for example, use the CE pin to control the loading of data.
Related violations: <none>

PDRC-153#54 Warning
Gated clock check  
Net global_record_reg[1][29]_LDC_i_1_n_1 is a gated clock net sourced by a combinational pin global_record_reg[1][29]_LDC_i_1/O, cell global_record_reg[1][29]_LDC_i_1. This is not good design practice and will likely impact performance. For SLICE registers, for example, use the CE pin to control the loading of data.
Related violations: <none>

PDRC-153#55 Warning
Gated clock check  
Net global_record_reg[1][2]_LDC_i_1_n_1 is a gated clock net sourced by a combinational pin global_record_reg[1][2]_LDC_i_1/O, cell global_record_reg[1][2]_LDC_i_1. This is not good design practice and will likely impact performance. For SLICE registers, for example, use the CE pin to control the loading of data.
Related violations: <none>

PDRC-153#56 Warning
Gated clock check  
Net global_record_reg[1][30]_LDC_i_1_n_1 is a gated clock net sourced by a combinational pin global_record_reg[1][30]_LDC_i_1/O, cell global_record_reg[1][30]_LDC_i_1. This is not good design practice and will likely impact performance. For SLICE registers, for example, use the CE pin to control the loading of data.
Related violations: <none>

PDRC-153#57 Warning
Gated clock check  
Net global_record_reg[1][31]_LDC_i_1_n_1 is a gated clock net sourced by a combinational pin global_record_reg[1][31]_LDC_i_1/O, cell global_record_reg[1][31]_LDC_i_1. This is not good design practice and will likely impact performance. For SLICE registers, for example, use the CE pin to control the loading of data.
Related violations: <none>

PDRC-153#58 Warning
Gated clock check  
Net global_record_reg[1][3]_LDC_i_1_n_1 is a gated clock net sourced by a combinational pin global_record_reg[1][3]_LDC_i_1/O, cell global_record_reg[1][3]_LDC_i_1. This is not good design practice and will likely impact performance. For SLICE registers, for example, use the CE pin to control the loading of data.
Related violations: <none>

PDRC-153#59 Warning
Gated clock check  
Net global_record_reg[1][4]_LDC_i_1_n_1 is a gated clock net sourced by a combinational pin global_record_reg[1][4]_LDC_i_1/O, cell global_record_reg[1][4]_LDC_i_1. This is not good design practice and will likely impact performance. For SLICE registers, for example, use the CE pin to control the loading of data.
Related violations: <none>

PDRC-153#60 Warning
Gated clock check  
Net global_record_reg[1][5]_LDC_i_1_n_1 is a gated clock net sourced by a combinational pin global_record_reg[1][5]_LDC_i_1/O, cell global_record_reg[1][5]_LDC_i_1. This is not good design practice and will likely impact performance. For SLICE registers, for example, use the CE pin to control the loading of data.
Related violations: <none>

PDRC-153#61 Warning
Gated clock check  
Net global_record_reg[1][6]_LDC_i_1_n_1 is a gated clock net sourced by a combinational pin global_record_reg[1][6]_LDC_i_1/O, cell global_record_reg[1][6]_LDC_i_1. This is not good design practice and will likely impact performance. For SLICE registers, for example, use the CE pin to control the loading of data.
Related violations: <none>

PDRC-153#62 Warning
Gated clock check  
Net global_record_reg[1][7]_LDC_i_1_n_1 is a gated clock net sourced by a combinational pin global_record_reg[1][7]_LDC_i_1/O, cell global_record_reg[1][7]_LDC_i_1. This is not good design practice and will likely impact performance. For SLICE registers, for example, use the CE pin to control the loading of data.
Related violations: <none>

PDRC-153#63 Warning
Gated clock check  
Net global_record_reg[1][8]_LDC_i_1_n_1 is a gated clock net sourced by a combinational pin global_record_reg[1][8]_LDC_i_1/O, cell global_record_reg[1][8]_LDC_i_1. This is not good design practice and will likely impact performance. For SLICE registers, for example, use the CE pin to control the loading of data.
Related violations: <none>

PDRC-153#64 Warning
Gated clock check  
Net global_record_reg[1][9]_LDC_i_1_n_1 is a gated clock net sourced by a combinational pin global_record_reg[1][9]_LDC_i_1/O, cell global_record_reg[1][9]_LDC_i_1. This is not good design practice and will likely impact performance. For SLICE registers, for example, use the CE pin to control the loading of data.
Related violations: <none>

REQP-1839#1 Warning
RAMB36 async control check  
The RAMB36E1 u_WASM_TOP/u_line_memory/u_blk_mem_gen_0/U0/inst_blk_mem_gen/gnbram.gnativebmg.native_blk_mem_gen/valid.cstr/ramloop[0].ram.r/prim_noinit.ram/DEVICE_7SERIES.NO_BMM_INFO.SP.SIMPLE_PRIM36.ram has an input control pin u_WASM_TOP/u_line_memory/u_blk_mem_gen_0/U0/inst_blk_mem_gen/gnbram.gnativebmg.native_blk_mem_gen/valid.cstr/ramloop[0].ram.r/prim_noinit.ram/DEVICE_7SERIES.NO_BMM_INFO.SP.SIMPLE_PRIM36.ram/ADDRARDADDR[14] (net: u_WASM_TOP/u_line_memory/u_blk_mem_gen_0/U0/inst_blk_mem_gen/gnbram.gnativebmg.native_blk_mem_gen/valid.cstr/ramloop[0].ram.r/prim_noinit.ram/addra[9]) which is driven by a register (u_WASM_TOP/FSM_onehot_top_state_reg[0]) that has an active asychronous set or reset. This may cause corruption of the memory contents and/or read values when the set/reset is asserted and is not analyzed by the default static timing analysis. It is suggested to eliminate the use of a set/reset to registers driving this RAMB pin or else use a synchronous reset in which the assertion of the reset is timed by default.
Related violations: <none>

REQP-1839#2 Warning
RAMB36 async control check  
The RAMB36E1 u_WASM_TOP/u_line_memory/u_blk_mem_gen_0/U0/inst_blk_mem_gen/gnbram.gnativebmg.native_blk_mem_gen/valid.cstr/ramloop[0].ram.r/prim_noinit.ram/DEVICE_7SERIES.NO_BMM_INFO.SP.SIMPLE_PRIM36.ram has an input control pin u_WASM_TOP/u_line_memory/u_blk_mem_gen_0/U0/inst_blk_mem_gen/gnbram.gnativebmg.native_blk_mem_gen/valid.cstr/ramloop[0].ram.r/prim_noinit.ram/DEVICE_7SERIES.NO_BMM_INFO.SP.SIMPLE_PRIM36.ram/ADDRARDADDR[14] (net: u_WASM_TOP/u_line_memory/u_blk_mem_gen_0/U0/inst_blk_mem_gen/gnbram.gnativebmg.native_blk_mem_gen/valid.cstr/ramloop[0].ram.r/prim_noinit.ram/addra[9]) which is driven by a register (u_WASM_TOP/u_ctrl_unit/FSM_sequential_code_pre_read_state_reg[0]) that has an active asychronous set or reset. This may cause corruption of the memory contents and/or read values when the set/reset is asserted and is not analyzed by the default static timing analysis. It is suggested to eliminate the use of a set/reset to registers driving this RAMB pin or else use a synchronous reset in which the assertion of the reset is timed by default.
Related violations: <none>

REQP-1839#3 Warning
RAMB36 async control check  
The RAMB36E1 u_WASM_TOP/u_line_memory/u_blk_mem_gen_0/U0/inst_blk_mem_gen/gnbram.gnativebmg.native_blk_mem_gen/valid.cstr/ramloop[0].ram.r/prim_noinit.ram/DEVICE_7SERIES.NO_BMM_INFO.SP.SIMPLE_PRIM36.ram has an input control pin u_WASM_TOP/u_line_memory/u_blk_mem_gen_0/U0/inst_blk_mem_gen/gnbram.gnativebmg.native_blk_mem_gen/valid.cstr/ramloop[0].ram.r/prim_noinit.ram/DEVICE_7SERIES.NO_BMM_INFO.SP.SIMPLE_PRIM36.ram/ADDRARDADDR[14] (net: u_WASM_TOP/u_line_memory/u_blk_mem_gen_0/U0/inst_blk_mem_gen/gnbram.gnativebmg.native_blk_mem_gen/valid.cstr/ramloop[0].ram.r/prim_noinit.ram/addra[9]) which is driven by a register (u_WASM_TOP/u_ctrl_unit/FSM_sequential_code_pre_read_state_reg[1]) that has an active asychronous set or reset. This may cause corruption of the memory contents and/or read values when the set/reset is asserted and is not analyzed by the default static timing analysis. It is suggested to eliminate the use of a set/reset to registers driving this RAMB pin or else use a synchronous reset in which the assertion of the reset is timed by default.
Related violations: <none>

REQP-1839#4 Warning
RAMB36 async control check  
The RAMB36E1 u_WASM_TOP/u_line_memory/u_blk_mem_gen_0/U0/inst_blk_mem_gen/gnbram.gnativebmg.native_blk_mem_gen/valid.cstr/ramloop[0].ram.r/prim_noinit.ram/DEVICE_7SERIES.NO_BMM_INFO.SP.SIMPLE_PRIM36.ram has an input control pin u_WASM_TOP/u_line_memory/u_blk_mem_gen_0/U0/inst_blk_mem_gen/gnbram.gnativebmg.native_blk_mem_gen/valid.cstr/ramloop[0].ram.r/prim_noinit.ram/DEVICE_7SERIES.NO_BMM_INFO.SP.SIMPLE_PRIM36.ram/ADDRARDADDR[14] (net: u_WASM_TOP/u_line_memory/u_blk_mem_gen_0/U0/inst_blk_mem_gen/gnbram.gnativebmg.native_blk_mem_gen/valid.cstr/ramloop[0].ram.r/prim_noinit.ram/addra[9]) which is driven by a register (u_WASM_TOP/u_ctrl_unit/block_hold_reg) that has an active asychronous set or reset. This may cause corruption of the memory contents and/or read values when the set/reset is asserted and is not analyzed by the default static timing analysis. It is suggested to eliminate the use of a set/reset to registers driving this RAMB pin or else use a synchronous reset in which the assertion of the reset is timed by default.
Related violations: <none>

REQP-1839#5 Warning
RAMB36 async control check  
The RAMB36E1 u_WASM_TOP/u_line_memory/u_blk_mem_gen_0/U0/inst_blk_mem_gen/gnbram.gnativebmg.native_blk_mem_gen/valid.cstr/ramloop[0].ram.r/prim_noinit.ram/DEVICE_7SERIES.NO_BMM_INFO.SP.SIMPLE_PRIM36.ram has an input control pin u_WASM_TOP/u_line_memory/u_blk_mem_gen_0/U0/inst_blk_mem_gen/gnbram.gnativebmg.native_blk_mem_gen/valid.cstr/ramloop[0].ram.r/prim_noinit.ram/DEVICE_7SERIES.NO_BMM_INFO.SP.SIMPLE_PRIM36.ram/ADDRARDADDR[14] (net: u_WASM_TOP/u_line_memory/u_blk_mem_gen_0/U0/inst_blk_mem_gen/gnbram.gnativebmg.native_blk_mem_gen/valid.cstr/ramloop[0].ram.r/prim_noinit.ram/addra[9]) which is driven by a register (u_WASM_TOP/u_ctrl_unit/break_depth_reg[0]) that has an active asychronous set or reset. This may cause corruption of the memory contents and/or read values when the set/reset is asserted and is not analyzed by the default static timing analysis. It is suggested to eliminate the use of a set/reset to registers driving this RAMB pin or else use a synchronous reset in which the assertion of the reset is timed by default.
Related violations: <none>

REQP-1839#6 Warning
RAMB36 async control check  
The RAMB36E1 u_WASM_TOP/u_line_memory/u_blk_mem_gen_0/U0/inst_blk_mem_gen/gnbram.gnativebmg.native_blk_mem_gen/valid.cstr/ramloop[0].ram.r/prim_noinit.ram/DEVICE_7SERIES.NO_BMM_INFO.SP.SIMPLE_PRIM36.ram has an input control pin u_WASM_TOP/u_line_memory/u_blk_mem_gen_0/U0/inst_blk_mem_gen/gnbram.gnativebmg.native_blk_mem_gen/valid.cstr/ramloop[0].ram.r/prim_noinit.ram/DEVICE_7SERIES.NO_BMM_INFO.SP.SIMPLE_PRIM36.ram/ADDRARDADDR[14] (net: u_WASM_TOP/u_line_memory/u_blk_mem_gen_0/U0/inst_blk_mem_gen/gnbram.gnativebmg.native_blk_mem_gen/valid.cstr/ramloop[0].ram.r/prim_noinit.ram/addra[9]) which is driven by a register (u_WASM_TOP/u_ctrl_unit/break_depth_reg[10]) that has an active asychronous set or reset. This may cause corruption of the memory contents and/or read values when the set/reset is asserted and is not analyzed by the default static timing analysis. It is suggested to eliminate the use of a set/reset to registers driving this RAMB pin or else use a synchronous reset in which the assertion of the reset is timed by default.
Related violations: <none>

REQP-1839#7 Warning
RAMB36 async control check  
The RAMB36E1 u_WASM_TOP/u_line_memory/u_blk_mem_gen_0/U0/inst_blk_mem_gen/gnbram.gnativebmg.native_blk_mem_gen/valid.cstr/ramloop[0].ram.r/prim_noinit.ram/DEVICE_7SERIES.NO_BMM_INFO.SP.SIMPLE_PRIM36.ram has an input control pin u_WASM_TOP/u_line_memory/u_blk_mem_gen_0/U0/inst_blk_mem_gen/gnbram.gnativebmg.native_blk_mem_gen/valid.cstr/ramloop[0].ram.r/prim_noinit.ram/DEVICE_7SERIES.NO_BMM_INFO.SP.SIMPLE_PRIM36.ram/ADDRARDADDR[14] (net: u_WASM_TOP/u_line_memory/u_blk_mem_gen_0/U0/inst_blk_mem_gen/gnbram.gnativebmg.native_blk_mem_gen/valid.cstr/ramloop[0].ram.r/prim_noinit.ram/addra[9]) which is driven by a register (u_WASM_TOP/u_ctrl_unit/break_depth_reg[11]) that has an active asychronous set or reset. This may cause corruption of the memory contents and/or read values when the set/reset is asserted and is not analyzed by the default static timing analysis. It is suggested to eliminate the use of a set/reset to registers driving this RAMB pin or else use a synchronous reset in which the assertion of the reset is timed by default.
Related violations: <none>

REQP-1839#8 Warning
RAMB36 async control check  
The RAMB36E1 u_WASM_TOP/u_line_memory/u_blk_mem_gen_0/U0/inst_blk_mem_gen/gnbram.gnativebmg.native_blk_mem_gen/valid.cstr/ramloop[0].ram.r/prim_noinit.ram/DEVICE_7SERIES.NO_BMM_INFO.SP.SIMPLE_PRIM36.ram has an input control pin u_WASM_TOP/u_line_memory/u_blk_mem_gen_0/U0/inst_blk_mem_gen/gnbram.gnativebmg.native_blk_mem_gen/valid.cstr/ramloop[0].ram.r/prim_noinit.ram/DEVICE_7SERIES.NO_BMM_INFO.SP.SIMPLE_PRIM36.ram/ADDRARDADDR[14] (net: u_WASM_TOP/u_line_memory/u_blk_mem_gen_0/U0/inst_blk_mem_gen/gnbram.gnativebmg.native_blk_mem_gen/valid.cstr/ramloop[0].ram.r/prim_noinit.ram/addra[9]) which is driven by a register (u_WASM_TOP/u_ctrl_unit/break_depth_reg[12]) that has an active asychronous set or reset. This may cause corruption of the memory contents and/or read values when the set/reset is asserted and is not analyzed by the default static timing analysis. It is suggested to eliminate the use of a set/reset to registers driving this RAMB pin or else use a synchronous reset in which the assertion of the reset is timed by default.
Related violations: <none>

REQP-1839#9 Warning
RAMB36 async control check  
The RAMB36E1 u_WASM_TOP/u_line_memory/u_blk_mem_gen_0/U0/inst_blk_mem_gen/gnbram.gnativebmg.native_blk_mem_gen/valid.cstr/ramloop[0].ram.r/prim_noinit.ram/DEVICE_7SERIES.NO_BMM_INFO.SP.SIMPLE_PRIM36.ram has an input control pin u_WASM_TOP/u_line_memory/u_blk_mem_gen_0/U0/inst_blk_mem_gen/gnbram.gnativebmg.native_blk_mem_gen/valid.cstr/ramloop[0].ram.r/prim_noinit.ram/DEVICE_7SERIES.NO_BMM_INFO.SP.SIMPLE_PRIM36.ram/ADDRARDADDR[14] (net: u_WASM_TOP/u_line_memory/u_blk_mem_gen_0/U0/inst_blk_mem_gen/gnbram.gnativebmg.native_blk_mem_gen/valid.cstr/ramloop[0].ram.r/prim_noinit.ram/addra[9]) which is driven by a register (u_WASM_TOP/u_ctrl_unit/break_depth_reg[13]) that has an active asychronous set or reset. This may cause corruption of the memory contents and/or read values when the set/reset is asserted and is not analyzed by the default static timing analysis. It is suggested to eliminate the use of a set/reset to registers driving this RAMB pin or else use a synchronous reset in which the assertion of the reset is timed by default.
Related violations: <none>

REQP-1839#10 Warning
RAMB36 async control check  
The RAMB36E1 u_WASM_TOP/u_line_memory/u_blk_mem_gen_0/U0/inst_blk_mem_gen/gnbram.gnativebmg.native_blk_mem_gen/valid.cstr/ramloop[0].ram.r/prim_noinit.ram/DEVICE_7SERIES.NO_BMM_INFO.SP.SIMPLE_PRIM36.ram has an input control pin u_WASM_TOP/u_line_memory/u_blk_mem_gen_0/U0/inst_blk_mem_gen/gnbram.gnativebmg.native_blk_mem_gen/valid.cstr/ramloop[0].ram.r/prim_noinit.ram/DEVICE_7SERIES.NO_BMM_INFO.SP.SIMPLE_PRIM36.ram/ADDRARDADDR[14] (net: u_WASM_TOP/u_line_memory/u_blk_mem_gen_0/U0/inst_blk_mem_gen/gnbram.gnativebmg.native_blk_mem_gen/valid.cstr/ramloop[0].ram.r/prim_noinit.ram/addra[9]) which is driven by a register (u_WASM_TOP/u_ctrl_unit/break_depth_reg[14]) that has an active asychronous set or reset. This may cause corruption of the memory contents and/or read values when the set/reset is asserted and is not analyzed by the default static timing analysis. It is suggested to eliminate the use of a set/reset to registers driving this RAMB pin or else use a synchronous reset in which the assertion of the reset is timed by default.
Related violations: <none>

REQP-1839#11 Warning
RAMB36 async control check  
The RAMB36E1 u_WASM_TOP/u_line_memory/u_blk_mem_gen_0/U0/inst_blk_mem_gen/gnbram.gnativebmg.native_blk_mem_gen/valid.cstr/ramloop[0].ram.r/prim_noinit.ram/DEVICE_7SERIES.NO_BMM_INFO.SP.SIMPLE_PRIM36.ram has an input control pin u_WASM_TOP/u_line_memory/u_blk_mem_gen_0/U0/inst_blk_mem_gen/gnbram.gnativebmg.native_blk_mem_gen/valid.cstr/ramloop[0].ram.r/prim_noinit.ram/DEVICE_7SERIES.NO_BMM_INFO.SP.SIMPLE_PRIM36.ram/ADDRARDADDR[14] (net: u_WASM_TOP/u_line_memory/u_blk_mem_gen_0/U0/inst_blk_mem_gen/gnbram.gnativebmg.native_blk_mem_gen/valid.cstr/ramloop[0].ram.r/prim_noinit.ram/addra[9]) which is driven by a register (u_WASM_TOP/u_ctrl_unit/break_depth_reg[15]) that has an active asychronous set or reset. This may cause corruption of the memory contents and/or read values when the set/reset is asserted and is not analyzed by the default static timing analysis. It is suggested to eliminate the use of a set/reset to registers driving this RAMB pin or else use a synchronous reset in which the assertion of the reset is timed by default.
Related violations: <none>

REQP-1839#12 Warning
RAMB36 async control check  
The RAMB36E1 u_WASM_TOP/u_line_memory/u_blk_mem_gen_0/U0/inst_blk_mem_gen/gnbram.gnativebmg.native_blk_mem_gen/valid.cstr/ramloop[0].ram.r/prim_noinit.ram/DEVICE_7SERIES.NO_BMM_INFO.SP.SIMPLE_PRIM36.ram has an input control pin u_WASM_TOP/u_line_memory/u_blk_mem_gen_0/U0/inst_blk_mem_gen/gnbram.gnativebmg.native_blk_mem_gen/valid.cstr/ramloop[0].ram.r/prim_noinit.ram/DEVICE_7SERIES.NO_BMM_INFO.SP.SIMPLE_PRIM36.ram/ADDRARDADDR[14] (net: u_WASM_TOP/u_line_memory/u_blk_mem_gen_0/U0/inst_blk_mem_gen/gnbram.gnativebmg.native_blk_mem_gen/valid.cstr/ramloop[0].ram.r/prim_noinit.ram/addra[9]) which is driven by a register (u_WASM_TOP/u_ctrl_unit/break_depth_reg[16]) that has an active asychronous set or reset. This may cause corruption of the memory contents and/or read values when the set/reset is asserted and is not analyzed by the default static timing analysis. It is suggested to eliminate the use of a set/reset to registers driving this RAMB pin or else use a synchronous reset in which the assertion of the reset is timed by default.
Related violations: <none>

REQP-1839#13 Warning
RAMB36 async control check  
The RAMB36E1 u_WASM_TOP/u_line_memory/u_blk_mem_gen_0/U0/inst_blk_mem_gen/gnbram.gnativebmg.native_blk_mem_gen/valid.cstr/ramloop[0].ram.r/prim_noinit.ram/DEVICE_7SERIES.NO_BMM_INFO.SP.SIMPLE_PRIM36.ram has an input control pin u_WASM_TOP/u_line_memory/u_blk_mem_gen_0/U0/inst_blk_mem_gen/gnbram.gnativebmg.native_blk_mem_gen/valid.cstr/ramloop[0].ram.r/prim_noinit.ram/DEVICE_7SERIES.NO_BMM_INFO.SP.SIMPLE_PRIM36.ram/ADDRARDADDR[14] (net: u_WASM_TOP/u_line_memory/u_blk_mem_gen_0/U0/inst_blk_mem_gen/gnbram.gnativebmg.native_blk_mem_gen/valid.cstr/ramloop[0].ram.r/prim_noinit.ram/addra[9]) which is driven by a register (u_WASM_TOP/u_ctrl_unit/break_depth_reg[17]) that has an active asychronous set or reset. This may cause corruption of the memory contents and/or read values when the set/reset is asserted and is not analyzed by the default static timing analysis. It is suggested to eliminate the use of a set/reset to registers driving this RAMB pin or else use a synchronous reset in which the assertion of the reset is timed by default.
Related violations: <none>

REQP-1839#14 Warning
RAMB36 async control check  
The RAMB36E1 u_WASM_TOP/u_line_memory/u_blk_mem_gen_0/U0/inst_blk_mem_gen/gnbram.gnativebmg.native_blk_mem_gen/valid.cstr/ramloop[0].ram.r/prim_noinit.ram/DEVICE_7SERIES.NO_BMM_INFO.SP.SIMPLE_PRIM36.ram has an input control pin u_WASM_TOP/u_line_memory/u_blk_mem_gen_0/U0/inst_blk_mem_gen/gnbram.gnativebmg.native_blk_mem_gen/valid.cstr/ramloop[0].ram.r/prim_noinit.ram/DEVICE_7SERIES.NO_BMM_INFO.SP.SIMPLE_PRIM36.ram/ADDRARDADDR[14] (net: u_WASM_TOP/u_line_memory/u_blk_mem_gen_0/U0/inst_blk_mem_gen/gnbram.gnativebmg.native_blk_mem_gen/valid.cstr/ramloop[0].ram.r/prim_noinit.ram/addra[9]) which is driven by a register (u_WASM_TOP/u_ctrl_unit/break_depth_reg[18]) that has an active asychronous set or reset. This may cause corruption of the memory contents and/or read values when the set/reset is asserted and is not analyzed by the default static timing analysis. It is suggested to eliminate the use of a set/reset to registers driving this RAMB pin or else use a synchronous reset in which the assertion of the reset is timed by default.
Related violations: <none>

REQP-1839#15 Warning
RAMB36 async control check  
The RAMB36E1 u_WASM_TOP/u_line_memory/u_blk_mem_gen_0/U0/inst_blk_mem_gen/gnbram.gnativebmg.native_blk_mem_gen/valid.cstr/ramloop[0].ram.r/prim_noinit.ram/DEVICE_7SERIES.NO_BMM_INFO.SP.SIMPLE_PRIM36.ram has an input control pin u_WASM_TOP/u_line_memory/u_blk_mem_gen_0/U0/inst_blk_mem_gen/gnbram.gnativebmg.native_blk_mem_gen/valid.cstr/ramloop[0].ram.r/prim_noinit.ram/DEVICE_7SERIES.NO_BMM_INFO.SP.SIMPLE_PRIM36.ram/ADDRARDADDR[14] (net: u_WASM_TOP/u_line_memory/u_blk_mem_gen_0/U0/inst_blk_mem_gen/gnbram.gnativebmg.native_blk_mem_gen/valid.cstr/ramloop[0].ram.r/prim_noinit.ram/addra[9]) which is driven by a register (u_WASM_TOP/u_ctrl_unit/break_depth_reg[19]) that has an active asychronous set or reset. This may cause corruption of the memory contents and/or read values when the set/reset is asserted and is not analyzed by the default static timing analysis. It is suggested to eliminate the use of a set/reset to registers driving this RAMB pin or else use a synchronous reset in which the assertion of the reset is timed by default.
Related violations: <none>

REQP-1839#16 Warning
RAMB36 async control check  
The RAMB36E1 u_WASM_TOP/u_line_memory/u_blk_mem_gen_0/U0/inst_blk_mem_gen/gnbram.gnativebmg.native_blk_mem_gen/valid.cstr/ramloop[0].ram.r/prim_noinit.ram/DEVICE_7SERIES.NO_BMM_INFO.SP.SIMPLE_PRIM36.ram has an input control pin u_WASM_TOP/u_line_memory/u_blk_mem_gen_0/U0/inst_blk_mem_gen/gnbram.gnativebmg.native_blk_mem_gen/valid.cstr/ramloop[0].ram.r/prim_noinit.ram/DEVICE_7SERIES.NO_BMM_INFO.SP.SIMPLE_PRIM36.ram/ADDRARDADDR[14] (net: u_WASM_TOP/u_line_memory/u_blk_mem_gen_0/U0/inst_blk_mem_gen/gnbram.gnativebmg.native_blk_mem_gen/valid.cstr/ramloop[0].ram.r/prim_noinit.ram/addra[9]) which is driven by a register (u_WASM_TOP/u_ctrl_unit/break_depth_reg[1]) that has an active asychronous set or reset. This may cause corruption of the memory contents and/or read values when the set/reset is asserted and is not analyzed by the default static timing analysis. It is suggested to eliminate the use of a set/reset to registers driving this RAMB pin or else use a synchronous reset in which the assertion of the reset is timed by default.
Related violations: <none>

REQP-1839#17 Warning
RAMB36 async control check  
The RAMB36E1 u_WASM_TOP/u_line_memory/u_blk_mem_gen_0/U0/inst_blk_mem_gen/gnbram.gnativebmg.native_blk_mem_gen/valid.cstr/ramloop[0].ram.r/prim_noinit.ram/DEVICE_7SERIES.NO_BMM_INFO.SP.SIMPLE_PRIM36.ram has an input control pin u_WASM_TOP/u_line_memory/u_blk_mem_gen_0/U0/inst_blk_mem_gen/gnbram.gnativebmg.native_blk_mem_gen/valid.cstr/ramloop[0].ram.r/prim_noinit.ram/DEVICE_7SERIES.NO_BMM_INFO.SP.SIMPLE_PRIM36.ram/ADDRARDADDR[14] (net: u_WASM_TOP/u_line_memory/u_blk_mem_gen_0/U0/inst_blk_mem_gen/gnbram.gnativebmg.native_blk_mem_gen/valid.cstr/ramloop[0].ram.r/prim_noinit.ram/addra[9]) which is driven by a register (u_WASM_TOP/u_ctrl_unit/break_depth_reg[20]) that has an active asychronous set or reset. This may cause corruption of the memory contents and/or read values when the set/reset is asserted and is not analyzed by the default static timing analysis. It is suggested to eliminate the use of a set/reset to registers driving this RAMB pin or else use a synchronous reset in which the assertion of the reset is timed by default.
Related violations: <none>

REQP-1839#18 Warning
RAMB36 async control check  
The RAMB36E1 u_WASM_TOP/u_line_memory/u_blk_mem_gen_0/U0/inst_blk_mem_gen/gnbram.gnativebmg.native_blk_mem_gen/valid.cstr/ramloop[0].ram.r/prim_noinit.ram/DEVICE_7SERIES.NO_BMM_INFO.SP.SIMPLE_PRIM36.ram has an input control pin u_WASM_TOP/u_line_memory/u_blk_mem_gen_0/U0/inst_blk_mem_gen/gnbram.gnativebmg.native_blk_mem_gen/valid.cstr/ramloop[0].ram.r/prim_noinit.ram/DEVICE_7SERIES.NO_BMM_INFO.SP.SIMPLE_PRIM36.ram/ADDRARDADDR[14] (net: u_WASM_TOP/u_line_memory/u_blk_mem_gen_0/U0/inst_blk_mem_gen/gnbram.gnativebmg.native_blk_mem_gen/valid.cstr/ramloop[0].ram.r/prim_noinit.ram/addra[9]) which is driven by a register (u_WASM_TOP/u_ctrl_unit/break_depth_reg[21]) that has an active asychronous set or reset. This may cause corruption of the memory contents and/or read values when the set/reset is asserted and is not analyzed by the default static timing analysis. It is suggested to eliminate the use of a set/reset to registers driving this RAMB pin or else use a synchronous reset in which the assertion of the reset is timed by default.
Related violations: <none>

REQP-1839#19 Warning
RAMB36 async control check  
The RAMB36E1 u_WASM_TOP/u_line_memory/u_blk_mem_gen_0/U0/inst_blk_mem_gen/gnbram.gnativebmg.native_blk_mem_gen/valid.cstr/ramloop[0].ram.r/prim_noinit.ram/DEVICE_7SERIES.NO_BMM_INFO.SP.SIMPLE_PRIM36.ram has an input control pin u_WASM_TOP/u_line_memory/u_blk_mem_gen_0/U0/inst_blk_mem_gen/gnbram.gnativebmg.native_blk_mem_gen/valid.cstr/ramloop[0].ram.r/prim_noinit.ram/DEVICE_7SERIES.NO_BMM_INFO.SP.SIMPLE_PRIM36.ram/ADDRARDADDR[14] (net: u_WASM_TOP/u_line_memory/u_blk_mem_gen_0/U0/inst_blk_mem_gen/gnbram.gnativebmg.native_blk_mem_gen/valid.cstr/ramloop[0].ram.r/prim_noinit.ram/addra[9]) which is driven by a register (u_WASM_TOP/u_ctrl_unit/break_depth_reg[22]) that has an active asychronous set or reset. This may cause corruption of the memory contents and/or read values when the set/reset is asserted and is not analyzed by the default static timing analysis. It is suggested to eliminate the use of a set/reset to registers driving this RAMB pin or else use a synchronous reset in which the assertion of the reset is timed by default.
Related violations: <none>

REQP-1839#20 Warning
RAMB36 async control check  
The RAMB36E1 u_WASM_TOP/u_line_memory/u_blk_mem_gen_0/U0/inst_blk_mem_gen/gnbram.gnativebmg.native_blk_mem_gen/valid.cstr/ramloop[0].ram.r/prim_noinit.ram/DEVICE_7SERIES.NO_BMM_INFO.SP.SIMPLE_PRIM36.ram has an input control pin u_WASM_TOP/u_line_memory/u_blk_mem_gen_0/U0/inst_blk_mem_gen/gnbram.gnativebmg.native_blk_mem_gen/valid.cstr/ramloop[0].ram.r/prim_noinit.ram/DEVICE_7SERIES.NO_BMM_INFO.SP.SIMPLE_PRIM36.ram/ADDRARDADDR[14] (net: u_WASM_TOP/u_line_memory/u_blk_mem_gen_0/U0/inst_blk_mem_gen/gnbram.gnativebmg.native_blk_mem_gen/valid.cstr/ramloop[0].ram.r/prim_noinit.ram/addra[9]) which is driven by a register (u_WASM_TOP/u_ctrl_unit/break_depth_reg[23]) that has an active asychronous set or reset. This may cause corruption of the memory contents and/or read values when the set/reset is asserted and is not analyzed by the default static timing analysis. It is suggested to eliminate the use of a set/reset to registers driving this RAMB pin or else use a synchronous reset in which the assertion of the reset is timed by default.
Related violations: <none>

REQP-1840#1 Warning
RAMB18 async control check  
The RAMB18E1 u_WASM_TOP/u_instr_mem_ctrl/blk_mem_gen_1_0/ram_reg has an input control pin u_WASM_TOP/u_instr_mem_ctrl/blk_mem_gen_1_0/ram_reg/ADDRARDADDR[13] (net: u_WASM_TOP/u_instr_mem_ctrl/blk_mem_gen_1_0/o_instr_mem_wr_rdy_reg[9]) which is driven by a register (u_WASM_TOP/FSM_onehot_top_state_reg[0]) that has an active asychronous set or reset. This may cause corruption of the memory contents and/or read values when the set/reset is asserted and is not analyzed by the default static timing analysis. It is suggested to eliminate the use of a set/reset to registers driving this RAMB pin or else use a synchronous reset in which the assertion of the reset is timed by default.
Related violations: <none>

REQP-1840#2 Warning
RAMB18 async control check  
The RAMB18E1 u_WASM_TOP/u_instr_mem_ctrl/blk_mem_gen_1_0/ram_reg has an input control pin u_WASM_TOP/u_instr_mem_ctrl/blk_mem_gen_1_0/ram_reg/ADDRARDADDR[13] (net: u_WASM_TOP/u_instr_mem_ctrl/blk_mem_gen_1_0/o_instr_mem_wr_rdy_reg[9]) which is driven by a register (u_WASM_TOP/bubble2_reg) that has an active asychronous set or reset. This may cause corruption of the memory contents and/or read values when the set/reset is asserted and is not analyzed by the default static timing analysis. It is suggested to eliminate the use of a set/reset to registers driving this RAMB pin or else use a synchronous reset in which the assertion of the reset is timed by default.
Related violations: <none>

REQP-1840#3 Warning
RAMB18 async control check  
The RAMB18E1 u_WASM_TOP/u_instr_mem_ctrl/blk_mem_gen_1_0/ram_reg has an input control pin u_WASM_TOP/u_instr_mem_ctrl/blk_mem_gen_1_0/ram_reg/ADDRARDADDR[13] (net: u_WASM_TOP/u_instr_mem_ctrl/blk_mem_gen_1_0/o_instr_mem_wr_rdy_reg[9]) which is driven by a register (u_WASM_TOP/o_instr_mem_wr_rdy_reg) that has an active asychronous set or reset. This may cause corruption of the memory contents and/or read values when the set/reset is asserted and is not analyzed by the default static timing analysis. It is suggested to eliminate the use of a set/reset to registers driving this RAMB pin or else use a synchronous reset in which the assertion of the reset is timed by default.
Related violations: <none>

REQP-1840#4 Warning
RAMB18 async control check  
The RAMB18E1 u_WASM_TOP/u_instr_mem_ctrl/blk_mem_gen_1_0/ram_reg has an input control pin u_WASM_TOP/u_instr_mem_ctrl/blk_mem_gen_1_0/ram_reg/ADDRARDADDR[13] (net: u_WASM_TOP/u_instr_mem_ctrl/blk_mem_gen_1_0/o_instr_mem_wr_rdy_reg[9]) which is driven by a register (u_WASM_TOP/u_ctrl_unit/FSM_sequential_code_pre_read_state_reg[0]) that has an active asychronous set or reset. This may cause corruption of the memory contents and/or read values when the set/reset is asserted and is not analyzed by the default static timing analysis. It is suggested to eliminate the use of a set/reset to registers driving this RAMB pin or else use a synchronous reset in which the assertion of the reset is timed by default.
Related violations: <none>

REQP-1840#5 Warning
RAMB18 async control check  
The RAMB18E1 u_WASM_TOP/u_instr_mem_ctrl/blk_mem_gen_1_0/ram_reg has an input control pin u_WASM_TOP/u_instr_mem_ctrl/blk_mem_gen_1_0/ram_reg/ADDRARDADDR[13] (net: u_WASM_TOP/u_instr_mem_ctrl/blk_mem_gen_1_0/o_instr_mem_wr_rdy_reg[9]) which is driven by a register (u_WASM_TOP/u_ctrl_unit/FSM_sequential_code_pre_read_state_reg[1]) that has an active asychronous set or reset. This may cause corruption of the memory contents and/or read values when the set/reset is asserted and is not analyzed by the default static timing analysis. It is suggested to eliminate the use of a set/reset to registers driving this RAMB pin or else use a synchronous reset in which the assertion of the reset is timed by default.
Related violations: <none>

REQP-1840#6 Warning
RAMB18 async control check  
The RAMB18E1 u_WASM_TOP/u_instr_mem_ctrl/blk_mem_gen_1_0/ram_reg has an input control pin u_WASM_TOP/u_instr_mem_ctrl/blk_mem_gen_1_0/ram_reg/ADDRARDADDR[13] (net: u_WASM_TOP/u_instr_mem_ctrl/blk_mem_gen_1_0/o_instr_mem_wr_rdy_reg[9]) which is driven by a register (u_WASM_TOP/u_ctrl_unit/block_hold_reg) that has an active asychronous set or reset. This may cause corruption of the memory contents and/or read values when the set/reset is asserted and is not analyzed by the default static timing analysis. It is suggested to eliminate the use of a set/reset to registers driving this RAMB pin or else use a synchronous reset in which the assertion of the reset is timed by default.
Related violations: <none>

REQP-1840#7 Warning
RAMB18 async control check  
The RAMB18E1 u_WASM_TOP/u_instr_mem_ctrl/blk_mem_gen_1_0/ram_reg has an input control pin u_WASM_TOP/u_instr_mem_ctrl/blk_mem_gen_1_0/ram_reg/ADDRARDADDR[13] (net: u_WASM_TOP/u_instr_mem_ctrl/blk_mem_gen_1_0/o_instr_mem_wr_rdy_reg[9]) which is driven by a register (u_WASM_TOP/u_ctrl_unit/break_depth_reg[0]) that has an active asychronous set or reset. This may cause corruption of the memory contents and/or read values when the set/reset is asserted and is not analyzed by the default static timing analysis. It is suggested to eliminate the use of a set/reset to registers driving this RAMB pin or else use a synchronous reset in which the assertion of the reset is timed by default.
Related violations: <none>

REQP-1840#8 Warning
RAMB18 async control check  
The RAMB18E1 u_WASM_TOP/u_instr_mem_ctrl/blk_mem_gen_1_0/ram_reg has an input control pin u_WASM_TOP/u_instr_mem_ctrl/blk_mem_gen_1_0/ram_reg/ADDRARDADDR[13] (net: u_WASM_TOP/u_instr_mem_ctrl/blk_mem_gen_1_0/o_instr_mem_wr_rdy_reg[9]) which is driven by a register (u_WASM_TOP/u_ctrl_unit/break_depth_reg[10]) that has an active asychronous set or reset. This may cause corruption of the memory contents and/or read values when the set/reset is asserted and is not analyzed by the default static timing analysis. It is suggested to eliminate the use of a set/reset to registers driving this RAMB pin or else use a synchronous reset in which the assertion of the reset is timed by default.
Related violations: <none>

REQP-1840#9 Warning
RAMB18 async control check  
The RAMB18E1 u_WASM_TOP/u_instr_mem_ctrl/blk_mem_gen_1_0/ram_reg has an input control pin u_WASM_TOP/u_instr_mem_ctrl/blk_mem_gen_1_0/ram_reg/ADDRARDADDR[13] (net: u_WASM_TOP/u_instr_mem_ctrl/blk_mem_gen_1_0/o_instr_mem_wr_rdy_reg[9]) which is driven by a register (u_WASM_TOP/u_ctrl_unit/break_depth_reg[11]) that has an active asychronous set or reset. This may cause corruption of the memory contents and/or read values when the set/reset is asserted and is not analyzed by the default static timing analysis. It is suggested to eliminate the use of a set/reset to registers driving this RAMB pin or else use a synchronous reset in which the assertion of the reset is timed by default.
Related violations: <none>

REQP-1840#10 Warning
RAMB18 async control check  
The RAMB18E1 u_WASM_TOP/u_instr_mem_ctrl/blk_mem_gen_1_0/ram_reg has an input control pin u_WASM_TOP/u_instr_mem_ctrl/blk_mem_gen_1_0/ram_reg/ADDRARDADDR[13] (net: u_WASM_TOP/u_instr_mem_ctrl/blk_mem_gen_1_0/o_instr_mem_wr_rdy_reg[9]) which is driven by a register (u_WASM_TOP/u_ctrl_unit/break_depth_reg[12]) that has an active asychronous set or reset. This may cause corruption of the memory contents and/or read values when the set/reset is asserted and is not analyzed by the default static timing analysis. It is suggested to eliminate the use of a set/reset to registers driving this RAMB pin or else use a synchronous reset in which the assertion of the reset is timed by default.
Related violations: <none>

REQP-1840#11 Warning
RAMB18 async control check  
The RAMB18E1 u_WASM_TOP/u_instr_mem_ctrl/blk_mem_gen_1_0/ram_reg has an input control pin u_WASM_TOP/u_instr_mem_ctrl/blk_mem_gen_1_0/ram_reg/ADDRARDADDR[13] (net: u_WASM_TOP/u_instr_mem_ctrl/blk_mem_gen_1_0/o_instr_mem_wr_rdy_reg[9]) which is driven by a register (u_WASM_TOP/u_ctrl_unit/break_depth_reg[13]) that has an active asychronous set or reset. This may cause corruption of the memory contents and/or read values when the set/reset is asserted and is not analyzed by the default static timing analysis. It is suggested to eliminate the use of a set/reset to registers driving this RAMB pin or else use a synchronous reset in which the assertion of the reset is timed by default.
Related violations: <none>

REQP-1840#12 Warning
RAMB18 async control check  
The RAMB18E1 u_WASM_TOP/u_instr_mem_ctrl/blk_mem_gen_1_0/ram_reg has an input control pin u_WASM_TOP/u_instr_mem_ctrl/blk_mem_gen_1_0/ram_reg/ADDRARDADDR[13] (net: u_WASM_TOP/u_instr_mem_ctrl/blk_mem_gen_1_0/o_instr_mem_wr_rdy_reg[9]) which is driven by a register (u_WASM_TOP/u_ctrl_unit/break_depth_reg[14]) that has an active asychronous set or reset. This may cause corruption of the memory contents and/or read values when the set/reset is asserted and is not analyzed by the default static timing analysis. It is suggested to eliminate the use of a set/reset to registers driving this RAMB pin or else use a synchronous reset in which the assertion of the reset is timed by default.
Related violations: <none>

REQP-1840#13 Warning
RAMB18 async control check  
The RAMB18E1 u_WASM_TOP/u_instr_mem_ctrl/blk_mem_gen_1_0/ram_reg has an input control pin u_WASM_TOP/u_instr_mem_ctrl/blk_mem_gen_1_0/ram_reg/ADDRARDADDR[13] (net: u_WASM_TOP/u_instr_mem_ctrl/blk_mem_gen_1_0/o_instr_mem_wr_rdy_reg[9]) which is driven by a register (u_WASM_TOP/u_ctrl_unit/break_depth_reg[15]) that has an active asychronous set or reset. This may cause corruption of the memory contents and/or read values when the set/reset is asserted and is not analyzed by the default static timing analysis. It is suggested to eliminate the use of a set/reset to registers driving this RAMB pin or else use a synchronous reset in which the assertion of the reset is timed by default.
Related violations: <none>

REQP-1840#14 Warning
RAMB18 async control check  
The RAMB18E1 u_WASM_TOP/u_instr_mem_ctrl/blk_mem_gen_1_0/ram_reg has an input control pin u_WASM_TOP/u_instr_mem_ctrl/blk_mem_gen_1_0/ram_reg/ADDRARDADDR[13] (net: u_WASM_TOP/u_instr_mem_ctrl/blk_mem_gen_1_0/o_instr_mem_wr_rdy_reg[9]) which is driven by a register (u_WASM_TOP/u_ctrl_unit/break_depth_reg[16]) that has an active asychronous set or reset. This may cause corruption of the memory contents and/or read values when the set/reset is asserted and is not analyzed by the default static timing analysis. It is suggested to eliminate the use of a set/reset to registers driving this RAMB pin or else use a synchronous reset in which the assertion of the reset is timed by default.
Related violations: <none>

REQP-1840#15 Warning
RAMB18 async control check  
The RAMB18E1 u_WASM_TOP/u_instr_mem_ctrl/blk_mem_gen_1_0/ram_reg has an input control pin u_WASM_TOP/u_instr_mem_ctrl/blk_mem_gen_1_0/ram_reg/ADDRARDADDR[13] (net: u_WASM_TOP/u_instr_mem_ctrl/blk_mem_gen_1_0/o_instr_mem_wr_rdy_reg[9]) which is driven by a register (u_WASM_TOP/u_ctrl_unit/break_depth_reg[17]) that has an active asychronous set or reset. This may cause corruption of the memory contents and/or read values when the set/reset is asserted and is not analyzed by the default static timing analysis. It is suggested to eliminate the use of a set/reset to registers driving this RAMB pin or else use a synchronous reset in which the assertion of the reset is timed by default.
Related violations: <none>

REQP-1840#16 Warning
RAMB18 async control check  
The RAMB18E1 u_WASM_TOP/u_instr_mem_ctrl/blk_mem_gen_1_0/ram_reg has an input control pin u_WASM_TOP/u_instr_mem_ctrl/blk_mem_gen_1_0/ram_reg/ADDRARDADDR[13] (net: u_WASM_TOP/u_instr_mem_ctrl/blk_mem_gen_1_0/o_instr_mem_wr_rdy_reg[9]) which is driven by a register (u_WASM_TOP/u_ctrl_unit/break_depth_reg[18]) that has an active asychronous set or reset. This may cause corruption of the memory contents and/or read values when the set/reset is asserted and is not analyzed by the default static timing analysis. It is suggested to eliminate the use of a set/reset to registers driving this RAMB pin or else use a synchronous reset in which the assertion of the reset is timed by default.
Related violations: <none>

REQP-1840#17 Warning
RAMB18 async control check  
The RAMB18E1 u_WASM_TOP/u_instr_mem_ctrl/blk_mem_gen_1_0/ram_reg has an input control pin u_WASM_TOP/u_instr_mem_ctrl/blk_mem_gen_1_0/ram_reg/ADDRARDADDR[13] (net: u_WASM_TOP/u_instr_mem_ctrl/blk_mem_gen_1_0/o_instr_mem_wr_rdy_reg[9]) which is driven by a register (u_WASM_TOP/u_ctrl_unit/break_depth_reg[19]) that has an active asychronous set or reset. This may cause corruption of the memory contents and/or read values when the set/reset is asserted and is not analyzed by the default static timing analysis. It is suggested to eliminate the use of a set/reset to registers driving this RAMB pin or else use a synchronous reset in which the assertion of the reset is timed by default.
Related violations: <none>

REQP-1840#18 Warning
RAMB18 async control check  
The RAMB18E1 u_WASM_TOP/u_instr_mem_ctrl/blk_mem_gen_1_0/ram_reg has an input control pin u_WASM_TOP/u_instr_mem_ctrl/blk_mem_gen_1_0/ram_reg/ADDRARDADDR[13] (net: u_WASM_TOP/u_instr_mem_ctrl/blk_mem_gen_1_0/o_instr_mem_wr_rdy_reg[9]) which is driven by a register (u_WASM_TOP/u_ctrl_unit/break_depth_reg[1]) that has an active asychronous set or reset. This may cause corruption of the memory contents and/or read values when the set/reset is asserted and is not analyzed by the default static timing analysis. It is suggested to eliminate the use of a set/reset to registers driving this RAMB pin or else use a synchronous reset in which the assertion of the reset is timed by default.
Related violations: <none>

REQP-1840#19 Warning
RAMB18 async control check  
The RAMB18E1 u_WASM_TOP/u_instr_mem_ctrl/blk_mem_gen_1_0/ram_reg has an input control pin u_WASM_TOP/u_instr_mem_ctrl/blk_mem_gen_1_0/ram_reg/ADDRARDADDR[13] (net: u_WASM_TOP/u_instr_mem_ctrl/blk_mem_gen_1_0/o_instr_mem_wr_rdy_reg[9]) which is driven by a register (u_WASM_TOP/u_ctrl_unit/break_depth_reg[20]) that has an active asychronous set or reset. This may cause corruption of the memory contents and/or read values when the set/reset is asserted and is not analyzed by the default static timing analysis. It is suggested to eliminate the use of a set/reset to registers driving this RAMB pin or else use a synchronous reset in which the assertion of the reset is timed by default.
Related violations: <none>

REQP-1840#20 Warning
RAMB18 async control check  
The RAMB18E1 u_WASM_TOP/u_instr_mem_ctrl/blk_mem_gen_1_0/ram_reg has an input control pin u_WASM_TOP/u_instr_mem_ctrl/blk_mem_gen_1_0/ram_reg/ADDRARDADDR[13] (net: u_WASM_TOP/u_instr_mem_ctrl/blk_mem_gen_1_0/o_instr_mem_wr_rdy_reg[9]) which is driven by a register (u_uart_rx_instr/instr_wr_valid_reg_reg) that has an active asychronous set or reset. This may cause corruption of the memory contents and/or read values when the set/reset is asserted and is not analyzed by the default static timing analysis. It is suggested to eliminate the use of a set/reset to registers driving this RAMB pin or else use a synchronous reset in which the assertion of the reset is timed by default.
Related violations: <none>

RTSTAT-10#1 Warning
No routable loads  
25 net(s) have no routable loads. The problem bus(es) and/or net(s) are dbg_hub/inst/BSCANID.u_xsdbm_id/CORE_XSDB.UUT_MASTER/U_ICON_INTERFACE/U_CMD6_RD/U_RD_FIFO/SUBCORE_FIFO.xsdbm_v3_0_0_rdfifo_inst/inst_fifo_gen/gconvfifo.rf/grf.rf/gntv_or_sync_fifo.gl0.rd/gr1.gr1_int.rfwft/aempty_fwft_i, dbg_hub/inst/BSCANID.u_xsdbm_id/CORE_XSDB.UUT_MASTER/U_ICON_INTERFACE/U_CMD7_CTL/ctl_reg[2:0], dbg_hub/inst/BSCANID.u_xsdbm_id/CORE_XSDB.UUT_MASTER/U_ICON_INTERFACE/U_CMD7_CTL/ctl_reg_en_2[1], dbg_hub/inst/BSCANID.u_xsdbm_id/CORE_XSDB.UUT_MASTER/U_ICON_INTERFACE/U_CMD1/ctl_reg_en_2[1], dbg_hub/inst/BSCANID.u_xsdbm_id/SWITCH_N_EXT_BSCAN.bscan_switch/m_bscan_capture[0], dbg_hub/inst/BSCANID.u_xsdbm_id/SWITCH_N_EXT_BSCAN.bscan_switch/m_bscan_drck[0], dbg_hub/inst/BSCANID.u_xsdbm_id/SWITCH_N_EXT_BSCAN.bscan_switch/m_bscan_runtest[0], dbg_hub/inst/BSCANID.u_xsdbm_id/CORE_XSDB.UUT_MASTER/U_ICON_INTERFACE/U_CMD6_WR/U_WR_FIFO/SUBCORE_FIFO.xsdbm_v3_0_0_wrfifo_inst/inst_fifo_gen/gconvfifo.rf/grf.rf/gntv_or_sync_fifo.gl0.wr/gwhf.whf/overflow, dbg_hub/inst/BSCANID.u_xsdbm_id/CORE_XSDB.UUT_MASTER/U_ICON_INTERFACE/U_CMD6_RD/U_RD_FIFO/SUBCORE_FIFO.xsdbm_v3_0_0_rdfifo_inst/inst_fifo_gen/gconvfifo.rf/grf.rf/gntv_or_sync_fifo.gl0.wr/gwhf.whf/overflow, dbg_hub/inst/BSCANID.u_xsdbm_id/CORE_XSDB.UUT_MASTER/U_ICON_INTERFACE/U_CMD6_RD/U_RD_FIFO/SUBCORE_FIFO.xsdbm_v3_0_0_rdfifo_inst/inst_fifo_gen/gconvfifo.rf/grf.rf/gntv_or_sync_fifo.gl0.rd/gras.rsts/ram_empty_i, dbg_hub/inst/BSCANID.u_xsdbm_id/CORE_XSDB.UUT_MASTER/U_ICON_INTERFACE/U_CMD6_WR/U_WR_FIFO/SUBCORE_FIFO.xsdbm_v3_0_0_wrfifo_inst/inst_fifo_gen/gconvfifo.rf/grf.rf/gntv_or_sync_fifo.gl0.wr/gwas.wsts/ram_full_i, dbg_hub/inst/BSCANID.u_xsdbm_id/CORE_XSDB.UUT_MASTER/U_ICON_INTERFACE/U_CMD6_WR/U_WR_FIFO/SUBCORE_FIFO.xsdbm_v3_0_0_wrfifo_inst/inst_fifo_gen/gconvfifo.rf/grf.rf/rstblk/rd_rst_reg[0], dbg_hub/inst/BSCANID.u_xsdbm_id/SWITCH_N_EXT_BSCAN.bscan_inst/s_bscan_tms, u_ila/inst/ila_core_inst/u_ila_regs/U_XSDB_SLAVE/s_daddr_o[13], u_ila/inst/ila_core_inst/u_ila_regs/U_XSDB_SLAVE/s_daddr_o[14] (the first 15 of 23 listed).
Related violations: <none>


