Copyright 1986-2018 Xilinx, Inc. All Rights Reserved.
--------------------------------------------------------------------------------------------------------------------------------------------------------------------------
| Tool Version : Vivado v.2018.2 (lin64) Build 2258646 Thu Jun 14 20:02:38 MDT 2018
| Date         : Sun Apr  5 15:07:28 2026
| Host         : bn-srv0 running 64-bit Red Hat Enterprise Linux release 7.9
| Command      : report_methodology -file softcore_top_methodology_drc_routed.rpt -pb softcore_top_methodology_drc_routed.pb -rpx softcore_top_methodology_drc_routed.rpx
| Design       : softcore_top
| Device       : xc7k325tffg900-1
| Speed File   : -1
| Design State : Routed
--------------------------------------------------------------------------------------------------------------------------------------------------------------------------

Report Methodology

Table of Contents
-----------------
1. REPORT SUMMARY
2. REPORT DETAILS

1. REPORT SUMMARY
-----------------
            Netlist: netlist
          Floorplan: design_1
      Design limits: <entire design considered>
             Max violations: <unlimited>
             Violations found: 328
+-----------+----------+-------------------------------------------------+------------+
| Rule      | Severity | Description                                     | Violations |
+-----------+----------+-------------------------------------------------+------------+
| LUTAR-1   | Warning  | LUT drives async reset alert                    | 132        |
| PDRC-190  | Warning  | Suboptimally placed synchronized register chain | 16         |
| SYNTH-10  | Warning  | Wide multiplier                                 | 13         |
| TIMING-20 | Warning  | Non-clocked latch                               | 167        |
+-----------+----------+-------------------------------------------------+------------+

2. REPORT DETAILS
-----------------
LUTAR-1#1 Warning
LUT drives async reset alert  
LUT cell dbg_hub/inst/BSCANID.u_xsdbm_id/CORE_XSDB.UUT_MASTER/U_ICON_INTERFACE/U_CMD6_RD/U_RD_FIFO/SUBCORE_FIFO.xsdbm_v3_0_0_rdfifo_inst/inst_fifo_gen/gconvfifo.rf/grf.rf/rstblk/ngwrdrst.grst.g7serrst.gwrrd_rst_sync_stage[2].rrst_inst/ngwrdrst.grst.g7serrst.rd_rst_reg[2]_i_1, with 2 or more inputs, drives asynchronous preset/clear pin(s) dbg_hub/inst/BSCANID.u_xsdbm_id/CORE_XSDB.UUT_MASTER/U_ICON_INTERFACE/U_CMD6_RD/U_RD_FIFO/SUBCORE_FIFO.xsdbm_v3_0_0_rdfifo_inst/inst_fifo_gen/gconvfifo.rf/grf.rf/rstblk/ngwrdrst.grst.g7serrst.rd_rst_reg_reg[0]/PRE, dbg_hub/inst/BSCANID.u_xsdbm_id/CORE_XSDB.UUT_MASTER/U_ICON_INTERFACE/U_CMD6_RD/U_RD_FIFO/SUBCORE_FIFO.xsdbm_v3_0_0_rdfifo_inst/inst_fifo_gen/gconvfifo.rf/grf.rf/rstblk/ngwrdrst.grst.g7serrst.rd_rst_reg_reg[1]/PRE, dbg_hub/inst/BSCANID.u_xsdbm_id/CORE_XSDB.UUT_MASTER/U_ICON_INTERFACE/U_CMD6_RD/U_RD_FIFO/SUBCORE_FIFO.xsdbm_v3_0_0_rdfifo_inst/inst_fifo_gen/gconvfifo.rf/grf.rf/rstblk/ngwrdrst.grst.g7serrst.rd_rst_reg_reg[2]/PRE. The LUT may glitch and trigger an unexpected reset, even if it is a properly timed path.
Related violations: <none>

LUTAR-1#2 Warning
LUT drives async reset alert  
LUT cell dbg_hub/inst/BSCANID.u_xsdbm_id/CORE_XSDB.UUT_MASTER/U_ICON_INTERFACE/U_CMD6_RD/U_RD_FIFO/SUBCORE_FIFO.xsdbm_v3_0_0_rdfifo_inst/inst_fifo_gen/gconvfifo.rf/grf.rf/rstblk/ngwrdrst.grst.g7serrst.gwrrd_rst_sync_stage[2].wrst_inst/ngwrdrst.grst.g7serrst.wr_rst_reg[2]_i_1, with 2 or more inputs, drives asynchronous preset/clear pin(s) dbg_hub/inst/BSCANID.u_xsdbm_id/CORE_XSDB.UUT_MASTER/U_ICON_INTERFACE/U_CMD6_RD/U_RD_FIFO/SUBCORE_FIFO.xsdbm_v3_0_0_rdfifo_inst/inst_fifo_gen/gconvfifo.rf/grf.rf/rstblk/ngwrdrst.grst.g7serrst.wr_rst_reg_reg[0]/PRE, dbg_hub/inst/BSCANID.u_xsdbm_id/CORE_XSDB.UUT_MASTER/U_ICON_INTERFACE/U_CMD6_RD/U_RD_FIFO/SUBCORE_FIFO.xsdbm_v3_0_0_rdfifo_inst/inst_fifo_gen/gconvfifo.rf/grf.rf/rstblk/ngwrdrst.grst.g7serrst.wr_rst_reg_reg[1]/PRE, dbg_hub/inst/BSCANID.u_xsdbm_id/CORE_XSDB.UUT_MASTER/U_ICON_INTERFACE/U_CMD6_RD/U_RD_FIFO/SUBCORE_FIFO.xsdbm_v3_0_0_rdfifo_inst/inst_fifo_gen/gconvfifo.rf/grf.rf/rstblk/ngwrdrst.grst.g7serrst.wr_rst_reg_reg[2]/PRE. The LUT may glitch and trigger an unexpected reset, even if it is a properly timed path.
Related violations: <none>

LUTAR-1#3 Warning
LUT drives async reset alert  
LUT cell dbg_hub/inst/BSCANID.u_xsdbm_id/CORE_XSDB.UUT_MASTER/U_ICON_INTERFACE/U_CMD6_WR/U_WR_FIFO/SUBCORE_FIFO.xsdbm_v3_0_0_wrfifo_inst/inst_fifo_gen/gconvfifo.rf/grf.rf/rstblk/ngwrdrst.grst.g7serrst.gwrrd_rst_sync_stage[2].rrst_inst/ngwrdrst.grst.g7serrst.rd_rst_reg[2]_i_1, with 2 or more inputs, drives asynchronous preset/clear pin(s) dbg_hub/inst/BSCANID.u_xsdbm_id/CORE_XSDB.UUT_MASTER/U_ICON_INTERFACE/U_CMD6_WR/U_WR_FIFO/SUBCORE_FIFO.xsdbm_v3_0_0_wrfifo_inst/inst_fifo_gen/gconvfifo.rf/grf.rf/rstblk/ngwrdrst.grst.g7serrst.rd_rst_reg_reg[0]/PRE, dbg_hub/inst/BSCANID.u_xsdbm_id/CORE_XSDB.UUT_MASTER/U_ICON_INTERFACE/U_CMD6_WR/U_WR_FIFO/SUBCORE_FIFO.xsdbm_v3_0_0_wrfifo_inst/inst_fifo_gen/gconvfifo.rf/grf.rf/rstblk/ngwrdrst.grst.g7serrst.rd_rst_reg_reg[1]/PRE, dbg_hub/inst/BSCANID.u_xsdbm_id/CORE_XSDB.UUT_MASTER/U_ICON_INTERFACE/U_CMD6_WR/U_WR_FIFO/SUBCORE_FIFO.xsdbm_v3_0_0_wrfifo_inst/inst_fifo_gen/gconvfifo.rf/grf.rf/rstblk/ngwrdrst.grst.g7serrst.rd_rst_reg_reg[2]/PRE. The LUT may glitch and trigger an unexpected reset, even if it is a properly timed path.
Related violations: <none>

LUTAR-1#4 Warning
LUT drives async reset alert  
LUT cell dbg_hub/inst/BSCANID.u_xsdbm_id/CORE_XSDB.UUT_MASTER/U_ICON_INTERFACE/U_CMD6_WR/U_WR_FIFO/SUBCORE_FIFO.xsdbm_v3_0_0_wrfifo_inst/inst_fifo_gen/gconvfifo.rf/grf.rf/rstblk/ngwrdrst.grst.g7serrst.gwrrd_rst_sync_stage[2].wrst_inst/ngwrdrst.grst.g7serrst.wr_rst_reg[2]_i_1, with 2 or more inputs, drives asynchronous preset/clear pin(s) dbg_hub/inst/BSCANID.u_xsdbm_id/CORE_XSDB.UUT_MASTER/U_ICON_INTERFACE/U_CMD6_WR/U_WR_FIFO/SUBCORE_FIFO.xsdbm_v3_0_0_wrfifo_inst/inst_fifo_gen/gconvfifo.rf/grf.rf/rstblk/ngwrdrst.grst.g7serrst.wr_rst_reg_reg[0]/PRE, dbg_hub/inst/BSCANID.u_xsdbm_id/CORE_XSDB.UUT_MASTER/U_ICON_INTERFACE/U_CMD6_WR/U_WR_FIFO/SUBCORE_FIFO.xsdbm_v3_0_0_wrfifo_inst/inst_fifo_gen/gconvfifo.rf/grf.rf/rstblk/ngwrdrst.grst.g7serrst.wr_rst_reg_reg[1]/PRE, dbg_hub/inst/BSCANID.u_xsdbm_id/CORE_XSDB.UUT_MASTER/U_ICON_INTERFACE/U_CMD6_WR/U_WR_FIFO/SUBCORE_FIFO.xsdbm_v3_0_0_wrfifo_inst/inst_fifo_gen/gconvfifo.rf/grf.rf/rstblk/ngwrdrst.grst.g7serrst.wr_rst_reg_reg[2]/PRE. The LUT may glitch and trigger an unexpected reset, even if it is a properly timed path.
Related violations: <none>

LUTAR-1#5 Warning
LUT drives async reset alert  
LUT cell global_record_reg[0][0]_LDC_i_1, with 2 or more inputs, drives asynchronous preset/clear pin(s) global_record_reg[0][0]_P/PRE. The LUT may glitch and trigger an unexpected reset, even if it is a properly timed path.
Related violations: <none>

LUTAR-1#6 Warning
LUT drives async reset alert  
LUT cell global_record_reg[0][0]_LDC_i_2, with 2 or more inputs, drives asynchronous preset/clear pin(s) global_record_reg[0][0]_C/CLR, global_record_reg[0][0]_LDC/CLR. The LUT may glitch and trigger an unexpected reset, even if it is a properly timed path.
Related violations: <none>

LUTAR-1#7 Warning
LUT drives async reset alert  
LUT cell global_record_reg[0][10]_LDC_i_1, with 2 or more inputs, drives asynchronous preset/clear pin(s) global_record_reg[0][10]_P/PRE. The LUT may glitch and trigger an unexpected reset, even if it is a properly timed path.
Related violations: <none>

LUTAR-1#8 Warning
LUT drives async reset alert  
LUT cell global_record_reg[0][10]_LDC_i_2, with 2 or more inputs, drives asynchronous preset/clear pin(s) global_record_reg[0][10]_C/CLR, global_record_reg[0][10]_LDC/CLR. The LUT may glitch and trigger an unexpected reset, even if it is a properly timed path.
Related violations: <none>

LUTAR-1#9 Warning
LUT drives async reset alert  
LUT cell global_record_reg[0][11]_LDC_i_1, with 2 or more inputs, drives asynchronous preset/clear pin(s) global_record_reg[0][11]_P/PRE. The LUT may glitch and trigger an unexpected reset, even if it is a properly timed path.
Related violations: <none>

LUTAR-1#10 Warning
LUT drives async reset alert  
LUT cell global_record_reg[0][11]_LDC_i_2, with 2 or more inputs, drives asynchronous preset/clear pin(s) global_record_reg[0][11]_C/CLR, global_record_reg[0][11]_LDC/CLR. The LUT may glitch and trigger an unexpected reset, even if it is a properly timed path.
Related violations: <none>

LUTAR-1#11 Warning
LUT drives async reset alert  
LUT cell global_record_reg[0][12]_LDC_i_1, with 2 or more inputs, drives asynchronous preset/clear pin(s) global_record_reg[0][12]_P/PRE. The LUT may glitch and trigger an unexpected reset, even if it is a properly timed path.
Related violations: <none>

LUTAR-1#12 Warning
LUT drives async reset alert  
LUT cell global_record_reg[0][12]_LDC_i_2, with 2 or more inputs, drives asynchronous preset/clear pin(s) global_record_reg[0][12]_C/CLR, global_record_reg[0][12]_LDC/CLR. The LUT may glitch and trigger an unexpected reset, even if it is a properly timed path.
Related violations: <none>

LUTAR-1#13 Warning
LUT drives async reset alert  
LUT cell global_record_reg[0][13]_LDC_i_1, with 2 or more inputs, drives asynchronous preset/clear pin(s) global_record_reg[0][13]_P/PRE. The LUT may glitch and trigger an unexpected reset, even if it is a properly timed path.
Related violations: <none>

LUTAR-1#14 Warning
LUT drives async reset alert  
LUT cell global_record_reg[0][13]_LDC_i_2, with 2 or more inputs, drives asynchronous preset/clear pin(s) global_record_reg[0][13]_C/CLR, global_record_reg[0][13]_LDC/CLR. The LUT may glitch and trigger an unexpected reset, even if it is a properly timed path.
Related violations: <none>

LUTAR-1#15 Warning
LUT drives async reset alert  
LUT cell global_record_reg[0][14]_LDC_i_1, with 2 or more inputs, drives asynchronous preset/clear pin(s) global_record_reg[0][14]_P/PRE. The LUT may glitch and trigger an unexpected reset, even if it is a properly timed path.
Related violations: <none>

LUTAR-1#16 Warning
LUT drives async reset alert  
LUT cell global_record_reg[0][14]_LDC_i_2, with 2 or more inputs, drives asynchronous preset/clear pin(s) global_record_reg[0][14]_C/CLR, global_record_reg[0][14]_LDC/CLR. The LUT may glitch and trigger an unexpected reset, even if it is a properly timed path.
Related violations: <none>

LUTAR-1#17 Warning
LUT drives async reset alert  
LUT cell global_record_reg[0][15]_LDC_i_1, with 2 or more inputs, drives asynchronous preset/clear pin(s) global_record_reg[0][15]_P/PRE. The LUT may glitch and trigger an unexpected reset, even if it is a properly timed path.
Related violations: <none>

LUTAR-1#18 Warning
LUT drives async reset alert  
LUT cell global_record_reg[0][15]_LDC_i_2, with 2 or more inputs, drives asynchronous preset/clear pin(s) global_record_reg[0][15]_C/CLR, global_record_reg[0][15]_LDC/CLR. The LUT may glitch and trigger an unexpected reset, even if it is a properly timed path.
Related violations: <none>

LUTAR-1#19 Warning
LUT drives async reset alert  
LUT cell global_record_reg[0][16]_LDC_i_1, with 2 or more inputs, drives asynchronous preset/clear pin(s) global_record_reg[0][16]_P/PRE. The LUT may glitch and trigger an unexpected reset, even if it is a properly timed path.
Related violations: <none>

LUTAR-1#20 Warning
LUT drives async reset alert  
LUT cell global_record_reg[0][16]_LDC_i_2, with 2 or more inputs, drives asynchronous preset/clear pin(s) global_record_reg[0][16]_C/CLR, global_record_reg[0][16]_LDC/CLR. The LUT may glitch and trigger an unexpected reset, even if it is a properly timed path.
Related violations: <none>

LUTAR-1#21 Warning
LUT drives async reset alert  
LUT cell global_record_reg[0][17]_LDC_i_1, with 2 or more inputs, drives asynchronous preset/clear pin(s) global_record_reg[0][17]_P/PRE. The LUT may glitch and trigger an unexpected reset, even if it is a properly timed path.
Related violations: <none>

LUTAR-1#22 Warning
LUT drives async reset alert  
LUT cell global_record_reg[0][17]_LDC_i_2, with 2 or more inputs, drives asynchronous preset/clear pin(s) global_record_reg[0][17]_C/CLR, global_record_reg[0][17]_LDC/CLR. The LUT may glitch and trigger an unexpected reset, even if it is a properly timed path.
Related violations: <none>

LUTAR-1#23 Warning
LUT drives async reset alert  
LUT cell global_record_reg[0][18]_LDC_i_1, with 2 or more inputs, drives asynchronous preset/clear pin(s) global_record_reg[0][18]_P/PRE. The LUT may glitch and trigger an unexpected reset, even if it is a properly timed path.
Related violations: <none>

LUTAR-1#24 Warning
LUT drives async reset alert  
LUT cell global_record_reg[0][18]_LDC_i_2, with 2 or more inputs, drives asynchronous preset/clear pin(s) global_record_reg[0][18]_C/CLR, global_record_reg[0][18]_LDC/CLR. The LUT may glitch and trigger an unexpected reset, even if it is a properly timed path.
Related violations: <none>

LUTAR-1#25 Warning
LUT drives async reset alert  
LUT cell global_record_reg[0][19]_LDC_i_1, with 2 or more inputs, drives asynchronous preset/clear pin(s) global_record_reg[0][19]_P/PRE. The LUT may glitch and trigger an unexpected reset, even if it is a properly timed path.
Related violations: <none>

LUTAR-1#26 Warning
LUT drives async reset alert  
LUT cell global_record_reg[0][19]_LDC_i_2, with 2 or more inputs, drives asynchronous preset/clear pin(s) global_record_reg[0][19]_C/CLR, global_record_reg[0][19]_LDC/CLR. The LUT may glitch and trigger an unexpected reset, even if it is a properly timed path.
Related violations: <none>

LUTAR-1#27 Warning
LUT drives async reset alert  
LUT cell global_record_reg[0][1]_LDC_i_1, with 2 or more inputs, drives asynchronous preset/clear pin(s) global_record_reg[0][1]_P/PRE. The LUT may glitch and trigger an unexpected reset, even if it is a properly timed path.
Related violations: <none>

LUTAR-1#28 Warning
LUT drives async reset alert  
LUT cell global_record_reg[0][1]_LDC_i_2, with 2 or more inputs, drives asynchronous preset/clear pin(s) global_record_reg[0][1]_C/CLR, global_record_reg[0][1]_LDC/CLR. The LUT may glitch and trigger an unexpected reset, even if it is a properly timed path.
Related violations: <none>

LUTAR-1#29 Warning
LUT drives async reset alert  
LUT cell global_record_reg[0][20]_LDC_i_1, with 2 or more inputs, drives asynchronous preset/clear pin(s) global_record_reg[0][20]_P/PRE. The LUT may glitch and trigger an unexpected reset, even if it is a properly timed path.
Related violations: <none>

LUTAR-1#30 Warning
LUT drives async reset alert  
LUT cell global_record_reg[0][20]_LDC_i_2, with 2 or more inputs, drives asynchronous preset/clear pin(s) global_record_reg[0][20]_C/CLR, global_record_reg[0][20]_LDC/CLR. The LUT may glitch and trigger an unexpected reset, even if it is a properly timed path.
Related violations: <none>

LUTAR-1#31 Warning
LUT drives async reset alert  
LUT cell global_record_reg[0][21]_LDC_i_1, with 2 or more inputs, drives asynchronous preset/clear pin(s) global_record_reg[0][21]_P/PRE. The LUT may glitch and trigger an unexpected reset, even if it is a properly timed path.
Related violations: <none>

LUTAR-1#32 Warning
LUT drives async reset alert  
LUT cell global_record_reg[0][21]_LDC_i_2, with 2 or more inputs, drives asynchronous preset/clear pin(s) global_record_reg[0][21]_C/CLR, global_record_reg[0][21]_LDC/CLR. The LUT may glitch and trigger an unexpected reset, even if it is a properly timed path.
Related violations: <none>

LUTAR-1#33 Warning
LUT drives async reset alert  
LUT cell global_record_reg[0][22]_LDC_i_1, with 2 or more inputs, drives asynchronous preset/clear pin(s) global_record_reg[0][22]_P/PRE. The LUT may glitch and trigger an unexpected reset, even if it is a properly timed path.
Related violations: <none>

LUTAR-1#34 Warning
LUT drives async reset alert  
LUT cell global_record_reg[0][22]_LDC_i_2, with 2 or more inputs, drives asynchronous preset/clear pin(s) global_record_reg[0][22]_C/CLR, global_record_reg[0][22]_LDC/CLR. The LUT may glitch and trigger an unexpected reset, even if it is a properly timed path.
Related violations: <none>

LUTAR-1#35 Warning
LUT drives async reset alert  
LUT cell global_record_reg[0][23]_LDC_i_1, with 2 or more inputs, drives asynchronous preset/clear pin(s) global_record_reg[0][23]_P/PRE. The LUT may glitch and trigger an unexpected reset, even if it is a properly timed path.
Related violations: <none>

LUTAR-1#36 Warning
LUT drives async reset alert  
LUT cell global_record_reg[0][23]_LDC_i_2, with 2 or more inputs, drives asynchronous preset/clear pin(s) global_record_reg[0][23]_C/CLR, global_record_reg[0][23]_LDC/CLR. The LUT may glitch and trigger an unexpected reset, even if it is a properly timed path.
Related violations: <none>

LUTAR-1#37 Warning
LUT drives async reset alert  
LUT cell global_record_reg[0][24]_LDC_i_1, with 2 or more inputs, drives asynchronous preset/clear pin(s) global_record_reg[0][24]_P/PRE. The LUT may glitch and trigger an unexpected reset, even if it is a properly timed path.
Related violations: <none>

LUTAR-1#38 Warning
LUT drives async reset alert  
LUT cell global_record_reg[0][24]_LDC_i_2, with 2 or more inputs, drives asynchronous preset/clear pin(s) global_record_reg[0][24]_C/CLR, global_record_reg[0][24]_LDC/CLR. The LUT may glitch and trigger an unexpected reset, even if it is a properly timed path.
Related violations: <none>

LUTAR-1#39 Warning
LUT drives async reset alert  
LUT cell global_record_reg[0][25]_LDC_i_1, with 2 or more inputs, drives asynchronous preset/clear pin(s) global_record_reg[0][25]_P/PRE. The LUT may glitch and trigger an unexpected reset, even if it is a properly timed path.
Related violations: <none>

LUTAR-1#40 Warning
LUT drives async reset alert  
LUT cell global_record_reg[0][25]_LDC_i_2, with 2 or more inputs, drives asynchronous preset/clear pin(s) global_record_reg[0][25]_C/CLR, global_record_reg[0][25]_LDC/CLR. The LUT may glitch and trigger an unexpected reset, even if it is a properly timed path.
Related violations: <none>

LUTAR-1#41 Warning
LUT drives async reset alert  
LUT cell global_record_reg[0][26]_LDC_i_1, with 2 or more inputs, drives asynchronous preset/clear pin(s) global_record_reg[0][26]_P/PRE. The LUT may glitch and trigger an unexpected reset, even if it is a properly timed path.
Related violations: <none>

LUTAR-1#42 Warning
LUT drives async reset alert  
LUT cell global_record_reg[0][26]_LDC_i_2, with 2 or more inputs, drives asynchronous preset/clear pin(s) global_record_reg[0][26]_C/CLR, global_record_reg[0][26]_LDC/CLR. The LUT may glitch and trigger an unexpected reset, even if it is a properly timed path.
Related violations: <none>

LUTAR-1#43 Warning
LUT drives async reset alert  
LUT cell global_record_reg[0][27]_LDC_i_1, with 2 or more inputs, drives asynchronous preset/clear pin(s) global_record_reg[0][27]_P/PRE. The LUT may glitch and trigger an unexpected reset, even if it is a properly timed path.
Related violations: <none>

LUTAR-1#44 Warning
LUT drives async reset alert  
LUT cell global_record_reg[0][27]_LDC_i_2, with 2 or more inputs, drives asynchronous preset/clear pin(s) global_record_reg[0][27]_C/CLR, global_record_reg[0][27]_LDC/CLR. The LUT may glitch and trigger an unexpected reset, even if it is a properly timed path.
Related violations: <none>

LUTAR-1#45 Warning
LUT drives async reset alert  
LUT cell global_record_reg[0][28]_LDC_i_1, with 2 or more inputs, drives asynchronous preset/clear pin(s) global_record_reg[0][28]_P/PRE. The LUT may glitch and trigger an unexpected reset, even if it is a properly timed path.
Related violations: <none>

LUTAR-1#46 Warning
LUT drives async reset alert  
LUT cell global_record_reg[0][28]_LDC_i_2, with 2 or more inputs, drives asynchronous preset/clear pin(s) global_record_reg[0][28]_C/CLR, global_record_reg[0][28]_LDC/CLR. The LUT may glitch and trigger an unexpected reset, even if it is a properly timed path.
Related violations: <none>

LUTAR-1#47 Warning
LUT drives async reset alert  
LUT cell global_record_reg[0][29]_LDC_i_1, with 2 or more inputs, drives asynchronous preset/clear pin(s) global_record_reg[0][29]_P/PRE. The LUT may glitch and trigger an unexpected reset, even if it is a properly timed path.
Related violations: <none>

LUTAR-1#48 Warning
LUT drives async reset alert  
LUT cell global_record_reg[0][29]_LDC_i_2, with 2 or more inputs, drives asynchronous preset/clear pin(s) global_record_reg[0][29]_C/CLR, global_record_reg[0][29]_LDC/CLR. The LUT may glitch and trigger an unexpected reset, even if it is a properly timed path.
Related violations: <none>

LUTAR-1#49 Warning
LUT drives async reset alert  
LUT cell global_record_reg[0][2]_LDC_i_1, with 2 or more inputs, drives asynchronous preset/clear pin(s) global_record_reg[0][2]_P/PRE. The LUT may glitch and trigger an unexpected reset, even if it is a properly timed path.
Related violations: <none>

LUTAR-1#50 Warning
LUT drives async reset alert  
LUT cell global_record_reg[0][2]_LDC_i_2, with 2 or more inputs, drives asynchronous preset/clear pin(s) global_record_reg[0][2]_C/CLR, global_record_reg[0][2]_LDC/CLR. The LUT may glitch and trigger an unexpected reset, even if it is a properly timed path.
Related violations: <none>

LUTAR-1#51 Warning
LUT drives async reset alert  
LUT cell global_record_reg[0][30]_LDC_i_1, with 2 or more inputs, drives asynchronous preset/clear pin(s) global_record_reg[0][30]_P/PRE. The LUT may glitch and trigger an unexpected reset, even if it is a properly timed path.
Related violations: <none>

LUTAR-1#52 Warning
LUT drives async reset alert  
LUT cell global_record_reg[0][30]_LDC_i_2, with 2 or more inputs, drives asynchronous preset/clear pin(s) global_record_reg[0][30]_C/CLR, global_record_reg[0][30]_LDC/CLR. The LUT may glitch and trigger an unexpected reset, even if it is a properly timed path.
Related violations: <none>

LUTAR-1#53 Warning
LUT drives async reset alert  
LUT cell global_record_reg[0][31]_LDC_i_1, with 2 or more inputs, drives asynchronous preset/clear pin(s) global_record_reg[0][31]_P/PRE. The LUT may glitch and trigger an unexpected reset, even if it is a properly timed path.
Related violations: <none>

LUTAR-1#54 Warning
LUT drives async reset alert  
LUT cell global_record_reg[0][31]_LDC_i_2, with 2 or more inputs, drives asynchronous preset/clear pin(s) global_record_reg[0][31]_C/CLR, global_record_reg[0][31]_LDC/CLR. The LUT may glitch and trigger an unexpected reset, even if it is a properly timed path.
Related violations: <none>

LUTAR-1#55 Warning
LUT drives async reset alert  
LUT cell global_record_reg[0][3]_LDC_i_1, with 2 or more inputs, drives asynchronous preset/clear pin(s) global_record_reg[0][3]_P/PRE. The LUT may glitch and trigger an unexpected reset, even if it is a properly timed path.
Related violations: <none>

LUTAR-1#56 Warning
LUT drives async reset alert  
LUT cell global_record_reg[0][3]_LDC_i_2, with 2 or more inputs, drives asynchronous preset/clear pin(s) global_record_reg[0][3]_C/CLR, global_record_reg[0][3]_LDC/CLR. The LUT may glitch and trigger an unexpected reset, even if it is a properly timed path.
Related violations: <none>

LUTAR-1#57 Warning
LUT drives async reset alert  
LUT cell global_record_reg[0][4]_LDC_i_1, with 2 or more inputs, drives asynchronous preset/clear pin(s) global_record_reg[0][4]_P/PRE. The LUT may glitch and trigger an unexpected reset, even if it is a properly timed path.
Related violations: <none>

LUTAR-1#58 Warning
LUT drives async reset alert  
LUT cell global_record_reg[0][4]_LDC_i_2, with 2 or more inputs, drives asynchronous preset/clear pin(s) global_record_reg[0][4]_C/CLR, global_record_reg[0][4]_LDC/CLR. The LUT may glitch and trigger an unexpected reset, even if it is a properly timed path.
Related violations: <none>

LUTAR-1#59 Warning
LUT drives async reset alert  
LUT cell global_record_reg[0][5]_LDC_i_1, with 2 or more inputs, drives asynchronous preset/clear pin(s) global_record_reg[0][5]_P/PRE. The LUT may glitch and trigger an unexpected reset, even if it is a properly timed path.
Related violations: <none>

LUTAR-1#60 Warning
LUT drives async reset alert  
LUT cell global_record_reg[0][5]_LDC_i_2, with 2 or more inputs, drives asynchronous preset/clear pin(s) global_record_reg[0][5]_C/CLR, global_record_reg[0][5]_LDC/CLR. The LUT may glitch and trigger an unexpected reset, even if it is a properly timed path.
Related violations: <none>

LUTAR-1#61 Warning
LUT drives async reset alert  
LUT cell global_record_reg[0][6]_LDC_i_1, with 2 or more inputs, drives asynchronous preset/clear pin(s) global_record_reg[0][6]_P/PRE. The LUT may glitch and trigger an unexpected reset, even if it is a properly timed path.
Related violations: <none>

LUTAR-1#62 Warning
LUT drives async reset alert  
LUT cell global_record_reg[0][6]_LDC_i_2, with 2 or more inputs, drives asynchronous preset/clear pin(s) global_record_reg[0][6]_C/CLR, global_record_reg[0][6]_LDC/CLR. The LUT may glitch and trigger an unexpected reset, even if it is a properly timed path.
Related violations: <none>

LUTAR-1#63 Warning
LUT drives async reset alert  
LUT cell global_record_reg[0][7]_LDC_i_1, with 2 or more inputs, drives asynchronous preset/clear pin(s) global_record_reg[0][7]_P/PRE. The LUT may glitch and trigger an unexpected reset, even if it is a properly timed path.
Related violations: <none>

LUTAR-1#64 Warning
LUT drives async reset alert  
LUT cell global_record_reg[0][7]_LDC_i_2, with 2 or more inputs, drives asynchronous preset/clear pin(s) global_record_reg[0][7]_C/CLR, global_record_reg[0][7]_LDC/CLR. The LUT may glitch and trigger an unexpected reset, even if it is a properly timed path.
Related violations: <none>

LUTAR-1#65 Warning
LUT drives async reset alert  
LUT cell global_record_reg[0][8]_LDC_i_1, with 2 or more inputs, drives asynchronous preset/clear pin(s) global_record_reg[0][8]_P/PRE. The LUT may glitch and trigger an unexpected reset, even if it is a properly timed path.
Related violations: <none>

LUTAR-1#66 Warning
LUT drives async reset alert  
LUT cell global_record_reg[0][8]_LDC_i_2, with 2 or more inputs, drives asynchronous preset/clear pin(s) global_record_reg[0][8]_C/CLR, global_record_reg[0][8]_LDC/CLR. The LUT may glitch and trigger an unexpected reset, even if it is a properly timed path.
Related violations: <none>

LUTAR-1#67 Warning
LUT drives async reset alert  
LUT cell global_record_reg[0][9]_LDC_i_1, with 2 or more inputs, drives asynchronous preset/clear pin(s) global_record_reg[0][9]_P/PRE. The LUT may glitch and trigger an unexpected reset, even if it is a properly timed path.
Related violations: <none>

LUTAR-1#68 Warning
LUT drives async reset alert  
LUT cell global_record_reg[0][9]_LDC_i_2, with 2 or more inputs, drives asynchronous preset/clear pin(s) global_record_reg[0][9]_C/CLR, global_record_reg[0][9]_LDC/CLR. The LUT may glitch and trigger an unexpected reset, even if it is a properly timed path.
Related violations: <none>

LUTAR-1#69 Warning
LUT drives async reset alert  
LUT cell global_record_reg[1][0]_LDC_i_1, with 2 or more inputs, drives asynchronous preset/clear pin(s) global_record_reg[1][0]_P/PRE. The LUT may glitch and trigger an unexpected reset, even if it is a properly timed path.
Related violations: <none>

LUTAR-1#70 Warning
LUT drives async reset alert  
LUT cell global_record_reg[1][0]_LDC_i_2, with 2 or more inputs, drives asynchronous preset/clear pin(s) global_record_reg[1][0]_C/CLR, global_record_reg[1][0]_LDC/CLR. The LUT may glitch and trigger an unexpected reset, even if it is a properly timed path.
Related violations: <none>

LUTAR-1#71 Warning
LUT drives async reset alert  
LUT cell global_record_reg[1][10]_LDC_i_1, with 2 or more inputs, drives asynchronous preset/clear pin(s) global_record_reg[1][10]_P/PRE. The LUT may glitch and trigger an unexpected reset, even if it is a properly timed path.
Related violations: <none>

LUTAR-1#72 Warning
LUT drives async reset alert  
LUT cell global_record_reg[1][10]_LDC_i_2, with 2 or more inputs, drives asynchronous preset/clear pin(s) global_record_reg[1][10]_C/CLR, global_record_reg[1][10]_LDC/CLR. The LUT may glitch and trigger an unexpected reset, even if it is a properly timed path.
Related violations: <none>

LUTAR-1#73 Warning
LUT drives async reset alert  
LUT cell global_record_reg[1][11]_LDC_i_1, with 2 or more inputs, drives asynchronous preset/clear pin(s) global_record_reg[1][11]_P/PRE. The LUT may glitch and trigger an unexpected reset, even if it is a properly timed path.
Related violations: <none>

LUTAR-1#74 Warning
LUT drives async reset alert  
LUT cell global_record_reg[1][11]_LDC_i_2, with 2 or more inputs, drives asynchronous preset/clear pin(s) global_record_reg[1][11]_C/CLR, global_record_reg[1][11]_LDC/CLR. The LUT may glitch and trigger an unexpected reset, even if it is a properly timed path.
Related violations: <none>

LUTAR-1#75 Warning
LUT drives async reset alert  
LUT cell global_record_reg[1][12]_LDC_i_1, with 2 or more inputs, drives asynchronous preset/clear pin(s) global_record_reg[1][12]_P/PRE. The LUT may glitch and trigger an unexpected reset, even if it is a properly timed path.
Related violations: <none>

LUTAR-1#76 Warning
LUT drives async reset alert  
LUT cell global_record_reg[1][12]_LDC_i_2, with 2 or more inputs, drives asynchronous preset/clear pin(s) global_record_reg[1][12]_C/CLR, global_record_reg[1][12]_LDC/CLR. The LUT may glitch and trigger an unexpected reset, even if it is a properly timed path.
Related violations: <none>

LUTAR-1#77 Warning
LUT drives async reset alert  
LUT cell global_record_reg[1][13]_LDC_i_1, with 2 or more inputs, drives asynchronous preset/clear pin(s) global_record_reg[1][13]_P/PRE. The LUT may glitch and trigger an unexpected reset, even if it is a properly timed path.
Related violations: <none>

LUTAR-1#78 Warning
LUT drives async reset alert  
LUT cell global_record_reg[1][13]_LDC_i_2, with 2 or more inputs, drives asynchronous preset/clear pin(s) global_record_reg[1][13]_C/CLR, global_record_reg[1][13]_LDC/CLR. The LUT may glitch and trigger an unexpected reset, even if it is a properly timed path.
Related violations: <none>

LUTAR-1#79 Warning
LUT drives async reset alert  
LUT cell global_record_reg[1][14]_LDC_i_1, with 2 or more inputs, drives asynchronous preset/clear pin(s) global_record_reg[1][14]_P/PRE. The LUT may glitch and trigger an unexpected reset, even if it is a properly timed path.
Related violations: <none>

LUTAR-1#80 Warning
LUT drives async reset alert  
LUT cell global_record_reg[1][14]_LDC_i_2, with 2 or more inputs, drives asynchronous preset/clear pin(s) global_record_reg[1][14]_C/CLR, global_record_reg[1][14]_LDC/CLR. The LUT may glitch and trigger an unexpected reset, even if it is a properly timed path.
Related violations: <none>

LUTAR-1#81 Warning
LUT drives async reset alert  
LUT cell global_record_reg[1][15]_LDC_i_1, with 2 or more inputs, drives asynchronous preset/clear pin(s) global_record_reg[1][15]_P/PRE. The LUT may glitch and trigger an unexpected reset, even if it is a properly timed path.
Related violations: <none>

LUTAR-1#82 Warning
LUT drives async reset alert  
LUT cell global_record_reg[1][15]_LDC_i_2, with 2 or more inputs, drives asynchronous preset/clear pin(s) global_record_reg[1][15]_C/CLR, global_record_reg[1][15]_LDC/CLR. The LUT may glitch and trigger an unexpected reset, even if it is a properly timed path.
Related violations: <none>

LUTAR-1#83 Warning
LUT drives async reset alert  
LUT cell global_record_reg[1][16]_LDC_i_1, with 2 or more inputs, drives asynchronous preset/clear pin(s) global_record_reg[1][16]_P/PRE. The LUT may glitch and trigger an unexpected reset, even if it is a properly timed path.
Related violations: <none>

LUTAR-1#84 Warning
LUT drives async reset alert  
LUT cell global_record_reg[1][16]_LDC_i_2, with 2 or more inputs, drives asynchronous preset/clear pin(s) global_record_reg[1][16]_C/CLR, global_record_reg[1][16]_LDC/CLR. The LUT may glitch and trigger an unexpected reset, even if it is a properly timed path.
Related violations: <none>

LUTAR-1#85 Warning
LUT drives async reset alert  
LUT cell global_record_reg[1][17]_LDC_i_1, with 2 or more inputs, drives asynchronous preset/clear pin(s) global_record_reg[1][17]_P/PRE. The LUT may glitch and trigger an unexpected reset, even if it is a properly timed path.
Related violations: <none>

LUTAR-1#86 Warning
LUT drives async reset alert  
LUT cell global_record_reg[1][17]_LDC_i_2, with 2 or more inputs, drives asynchronous preset/clear pin(s) global_record_reg[1][17]_C/CLR, global_record_reg[1][17]_LDC/CLR. The LUT may glitch and trigger an unexpected reset, even if it is a properly timed path.
Related violations: <none>

LUTAR-1#87 Warning
LUT drives async reset alert  
LUT cell global_record_reg[1][18]_LDC_i_1, with 2 or more inputs, drives asynchronous preset/clear pin(s) global_record_reg[1][18]_P/PRE. The LUT may glitch and trigger an unexpected reset, even if it is a properly timed path.
Related violations: <none>

LUTAR-1#88 Warning
LUT drives async reset alert  
LUT cell global_record_reg[1][18]_LDC_i_2, with 2 or more inputs, drives asynchronous preset/clear pin(s) global_record_reg[1][18]_C/CLR, global_record_reg[1][18]_LDC/CLR. The LUT may glitch and trigger an unexpected reset, even if it is a properly timed path.
Related violations: <none>

LUTAR-1#89 Warning
LUT drives async reset alert  
LUT cell global_record_reg[1][19]_LDC_i_1, with 2 or more inputs, drives asynchronous preset/clear pin(s) global_record_reg[1][19]_P/PRE. The LUT may glitch and trigger an unexpected reset, even if it is a properly timed path.
Related violations: <none>

LUTAR-1#90 Warning
LUT drives async reset alert  
LUT cell global_record_reg[1][19]_LDC_i_2, with 2 or more inputs, drives asynchronous preset/clear pin(s) global_record_reg[1][19]_C/CLR, global_record_reg[1][19]_LDC/CLR. The LUT may glitch and trigger an unexpected reset, even if it is a properly timed path.
Related violations: <none>

LUTAR-1#91 Warning
LUT drives async reset alert  
LUT cell global_record_reg[1][1]_LDC_i_1, with 2 or more inputs, drives asynchronous preset/clear pin(s) global_record_reg[1][1]_P/PRE. The LUT may glitch and trigger an unexpected reset, even if it is a properly timed path.
Related violations: <none>

LUTAR-1#92 Warning
LUT drives async reset alert  
LUT cell global_record_reg[1][1]_LDC_i_2, with 2 or more inputs, drives asynchronous preset/clear pin(s) global_record_reg[1][1]_C/CLR, global_record_reg[1][1]_LDC/CLR. The LUT may glitch and trigger an unexpected reset, even if it is a properly timed path.
Related violations: <none>

LUTAR-1#93 Warning
LUT drives async reset alert  
LUT cell global_record_reg[1][20]_LDC_i_1, with 2 or more inputs, drives asynchronous preset/clear pin(s) global_record_reg[1][20]_P/PRE. The LUT may glitch and trigger an unexpected reset, even if it is a properly timed path.
Related violations: <none>

LUTAR-1#94 Warning
LUT drives async reset alert  
LUT cell global_record_reg[1][20]_LDC_i_2, with 2 or more inputs, drives asynchronous preset/clear pin(s) global_record_reg[1][20]_C/CLR, global_record_reg[1][20]_LDC/CLR. The LUT may glitch and trigger an unexpected reset, even if it is a properly timed path.
Related violations: <none>

LUTAR-1#95 Warning
LUT drives async reset alert  
LUT cell global_record_reg[1][21]_LDC_i_1, with 2 or more inputs, drives asynchronous preset/clear pin(s) global_record_reg[1][21]_P/PRE. The LUT may glitch and trigger an unexpected reset, even if it is a properly timed path.
Related violations: <none>

LUTAR-1#96 Warning
LUT drives async reset alert  
LUT cell global_record_reg[1][21]_LDC_i_2, with 2 or more inputs, drives asynchronous preset/clear pin(s) global_record_reg[1][21]_C/CLR, global_record_reg[1][21]_LDC/CLR. The LUT may glitch and trigger an unexpected reset, even if it is a properly timed path.
Related violations: <none>

LUTAR-1#97 Warning
LUT drives async reset alert  
LUT cell global_record_reg[1][22]_LDC_i_1, with 2 or more inputs, drives asynchronous preset/clear pin(s) global_record_reg[1][22]_P/PRE. The LUT may glitch and trigger an unexpected reset, even if it is a properly timed path.
Related violations: <none>

LUTAR-1#98 Warning
LUT drives async reset alert  
LUT cell global_record_reg[1][22]_LDC_i_2, with 2 or more inputs, drives asynchronous preset/clear pin(s) global_record_reg[1][22]_C/CLR, global_record_reg[1][22]_LDC/CLR. The LUT may glitch and trigger an unexpected reset, even if it is a properly timed path.
Related violations: <none>

LUTAR-1#99 Warning
LUT drives async reset alert  
LUT cell global_record_reg[1][23]_LDC_i_1, with 2 or more inputs, drives asynchronous preset/clear pin(s) global_record_reg[1][23]_P/PRE. The LUT may glitch and trigger an unexpected reset, even if it is a properly timed path.
Related violations: <none>

LUTAR-1#100 Warning
LUT drives async reset alert  
LUT cell global_record_reg[1][23]_LDC_i_2, with 2 or more inputs, drives asynchronous preset/clear pin(s) global_record_reg[1][23]_C/CLR, global_record_reg[1][23]_LDC/CLR. The LUT may glitch and trigger an unexpected reset, even if it is a properly timed path.
Related violations: <none>

LUTAR-1#101 Warning
LUT drives async reset alert  
LUT cell global_record_reg[1][24]_LDC_i_1, with 2 or more inputs, drives asynchronous preset/clear pin(s) global_record_reg[1][24]_P/PRE. The LUT may glitch and trigger an unexpected reset, even if it is a properly timed path.
Related violations: <none>

LUTAR-1#102 Warning
LUT drives async reset alert  
LUT cell global_record_reg[1][24]_LDC_i_2, with 2 or more inputs, drives asynchronous preset/clear pin(s) global_record_reg[1][24]_C/CLR, global_record_reg[1][24]_LDC/CLR. The LUT may glitch and trigger an unexpected reset, even if it is a properly timed path.
Related violations: <none>

LUTAR-1#103 Warning
LUT drives async reset alert  
LUT cell global_record_reg[1][25]_LDC_i_1, with 2 or more inputs, drives asynchronous preset/clear pin(s) global_record_reg[1][25]_P/PRE. The LUT may glitch and trigger an unexpected reset, even if it is a properly timed path.
Related violations: <none>

LUTAR-1#104 Warning
LUT drives async reset alert  
LUT cell global_record_reg[1][25]_LDC_i_2, with 2 or more inputs, drives asynchronous preset/clear pin(s) global_record_reg[1][25]_C/CLR, global_record_reg[1][25]_LDC/CLR. The LUT may glitch and trigger an unexpected reset, even if it is a properly timed path.
Related violations: <none>

LUTAR-1#105 Warning
LUT drives async reset alert  
LUT cell global_record_reg[1][26]_LDC_i_1, with 2 or more inputs, drives asynchronous preset/clear pin(s) global_record_reg[1][26]_P/PRE. The LUT may glitch and trigger an unexpected reset, even if it is a properly timed path.
Related violations: <none>

LUTAR-1#106 Warning
LUT drives async reset alert  
LUT cell global_record_reg[1][26]_LDC_i_2, with 2 or more inputs, drives asynchronous preset/clear pin(s) global_record_reg[1][26]_C/CLR, global_record_reg[1][26]_LDC/CLR. The LUT may glitch and trigger an unexpected reset, even if it is a properly timed path.
Related violations: <none>

LUTAR-1#107 Warning
LUT drives async reset alert  
LUT cell global_record_reg[1][27]_LDC_i_1, with 2 or more inputs, drives asynchronous preset/clear pin(s) global_record_reg[1][27]_P/PRE. The LUT may glitch and trigger an unexpected reset, even if it is a properly timed path.
Related violations: <none>

LUTAR-1#108 Warning
LUT drives async reset alert  
LUT cell global_record_reg[1][27]_LDC_i_2, with 2 or more inputs, drives asynchronous preset/clear pin(s) global_record_reg[1][27]_C/CLR, global_record_reg[1][27]_LDC/CLR. The LUT may glitch and trigger an unexpected reset, even if it is a properly timed path.
Related violations: <none>

LUTAR-1#109 Warning
LUT drives async reset alert  
LUT cell global_record_reg[1][28]_LDC_i_1, with 2 or more inputs, drives asynchronous preset/clear pin(s) global_record_reg[1][28]_P/PRE. The LUT may glitch and trigger an unexpected reset, even if it is a properly timed path.
Related violations: <none>

LUTAR-1#110 Warning
LUT drives async reset alert  
LUT cell global_record_reg[1][28]_LDC_i_2, with 2 or more inputs, drives asynchronous preset/clear pin(s) global_record_reg[1][28]_C/CLR, global_record_reg[1][28]_LDC/CLR. The LUT may glitch and trigger an unexpected reset, even if it is a properly timed path.
Related violations: <none>

LUTAR-1#111 Warning
LUT drives async reset alert  
LUT cell global_record_reg[1][29]_LDC_i_1, with 2 or more inputs, drives asynchronous preset/clear pin(s) global_record_reg[1][29]_P/PRE. The LUT may glitch and trigger an unexpected reset, even if it is a properly timed path.
Related violations: <none>

LUTAR-1#112 Warning
LUT drives async reset alert  
LUT cell global_record_reg[1][29]_LDC_i_2, with 2 or more inputs, drives asynchronous preset/clear pin(s) global_record_reg[1][29]_C/CLR, global_record_reg[1][29]_LDC/CLR. The LUT may glitch and trigger an unexpected reset, even if it is a properly timed path.
Related violations: <none>

LUTAR-1#113 Warning
LUT drives async reset alert  
LUT cell global_record_reg[1][2]_LDC_i_1, with 2 or more inputs, drives asynchronous preset/clear pin(s) global_record_reg[1][2]_P/PRE. The LUT may glitch and trigger an unexpected reset, even if it is a properly timed path.
Related violations: <none>

LUTAR-1#114 Warning
LUT drives async reset alert  
LUT cell global_record_reg[1][2]_LDC_i_2, with 2 or more inputs, drives asynchronous preset/clear pin(s) global_record_reg[1][2]_C/CLR, global_record_reg[1][2]_LDC/CLR. The LUT may glitch and trigger an unexpected reset, even if it is a properly timed path.
Related violations: <none>

LUTAR-1#115 Warning
LUT drives async reset alert  
LUT cell global_record_reg[1][30]_LDC_i_1, with 2 or more inputs, drives asynchronous preset/clear pin(s) global_record_reg[1][30]_P/PRE. The LUT may glitch and trigger an unexpected reset, even if it is a properly timed path.
Related violations: <none>

LUTAR-1#116 Warning
LUT drives async reset alert  
LUT cell global_record_reg[1][30]_LDC_i_2, with 2 or more inputs, drives asynchronous preset/clear pin(s) global_record_reg[1][30]_C/CLR, global_record_reg[1][30]_LDC/CLR. The LUT may glitch and trigger an unexpected reset, even if it is a properly timed path.
Related violations: <none>

LUTAR-1#117 Warning
LUT drives async reset alert  
LUT cell global_record_reg[1][31]_LDC_i_1, with 2 or more inputs, drives asynchronous preset/clear pin(s) global_record_reg[1][31]_P/PRE. The LUT may glitch and trigger an unexpected reset, even if it is a properly timed path.
Related violations: <none>

LUTAR-1#118 Warning
LUT drives async reset alert  
LUT cell global_record_reg[1][31]_LDC_i_2, with 2 or more inputs, drives asynchronous preset/clear pin(s) global_record_reg[1][31]_C/CLR, global_record_reg[1][31]_LDC/CLR. The LUT may glitch and trigger an unexpected reset, even if it is a properly timed path.
Related violations: <none>

LUTAR-1#119 Warning
LUT drives async reset alert  
LUT cell global_record_reg[1][3]_LDC_i_1, with 2 or more inputs, drives asynchronous preset/clear pin(s) global_record_reg[1][3]_P/PRE. The LUT may glitch and trigger an unexpected reset, even if it is a properly timed path.
Related violations: <none>

LUTAR-1#120 Warning
LUT drives async reset alert  
LUT cell global_record_reg[1][3]_LDC_i_2, with 2 or more inputs, drives asynchronous preset/clear pin(s) global_record_reg[1][3]_C/CLR, global_record_reg[1][3]_LDC/CLR. The LUT may glitch and trigger an unexpected reset, even if it is a properly timed path.
Related violations: <none>

LUTAR-1#121 Warning
LUT drives async reset alert  
LUT cell global_record_reg[1][4]_LDC_i_1, with 2 or more inputs, drives asynchronous preset/clear pin(s) global_record_reg[1][4]_P/PRE. The LUT may glitch and trigger an unexpected reset, even if it is a properly timed path.
Related violations: <none>

LUTAR-1#122 Warning
LUT drives async reset alert  
LUT cell global_record_reg[1][4]_LDC_i_2, with 2 or more inputs, drives asynchronous preset/clear pin(s) global_record_reg[1][4]_C/CLR, global_record_reg[1][4]_LDC/CLR. The LUT may glitch and trigger an unexpected reset, even if it is a properly timed path.
Related violations: <none>

LUTAR-1#123 Warning
LUT drives async reset alert  
LUT cell global_record_reg[1][5]_LDC_i_1, with 2 or more inputs, drives asynchronous preset/clear pin(s) global_record_reg[1][5]_P/PRE. The LUT may glitch and trigger an unexpected reset, even if it is a properly timed path.
Related violations: <none>

LUTAR-1#124 Warning
LUT drives async reset alert  
LUT cell global_record_reg[1][5]_LDC_i_2, with 2 or more inputs, drives asynchronous preset/clear pin(s) global_record_reg[1][5]_C/CLR, global_record_reg[1][5]_LDC/CLR. The LUT may glitch and trigger an unexpected reset, even if it is a properly timed path.
Related violations: <none>

LUTAR-1#125 Warning
LUT drives async reset alert  
LUT cell global_record_reg[1][6]_LDC_i_1, with 2 or more inputs, drives asynchronous preset/clear pin(s) global_record_reg[1][6]_P/PRE. The LUT may glitch and trigger an unexpected reset, even if it is a properly timed path.
Related violations: <none>

LUTAR-1#126 Warning
LUT drives async reset alert  
LUT cell global_record_reg[1][6]_LDC_i_2, with 2 or more inputs, drives asynchronous preset/clear pin(s) global_record_reg[1][6]_C/CLR, global_record_reg[1][6]_LDC/CLR. The LUT may glitch and trigger an unexpected reset, even if it is a properly timed path.
Related violations: <none>

LUTAR-1#127 Warning
LUT drives async reset alert  
LUT cell global_record_reg[1][7]_LDC_i_1, with 2 or more inputs, drives asynchronous preset/clear pin(s) global_record_reg[1][7]_P/PRE. The LUT may glitch and trigger an unexpected reset, even if it is a properly timed path.
Related violations: <none>

LUTAR-1#128 Warning
LUT drives async reset alert  
LUT cell global_record_reg[1][7]_LDC_i_2, with 2 or more inputs, drives asynchronous preset/clear pin(s) global_record_reg[1][7]_C/CLR, global_record_reg[1][7]_LDC/CLR. The LUT may glitch and trigger an unexpected reset, even if it is a properly timed path.
Related violations: <none>

LUTAR-1#129 Warning
LUT drives async reset alert  
LUT cell global_record_reg[1][8]_LDC_i_1, with 2 or more inputs, drives asynchronous preset/clear pin(s) global_record_reg[1][8]_P/PRE. The LUT may glitch and trigger an unexpected reset, even if it is a properly timed path.
Related violations: <none>

LUTAR-1#130 Warning
LUT drives async reset alert  
LUT cell global_record_reg[1][8]_LDC_i_2, with 2 or more inputs, drives asynchronous preset/clear pin(s) global_record_reg[1][8]_C/CLR, global_record_reg[1][8]_LDC/CLR. The LUT may glitch and trigger an unexpected reset, even if it is a properly timed path.
Related violations: <none>

LUTAR-1#131 Warning
LUT drives async reset alert  
LUT cell global_record_reg[1][9]_LDC_i_1, with 2 or more inputs, drives asynchronous preset/clear pin(s) global_record_reg[1][9]_P/PRE. The LUT may glitch and trigger an unexpected reset, even if it is a properly timed path.
Related violations: <none>

LUTAR-1#132 Warning
LUT drives async reset alert  
LUT cell global_record_reg[1][9]_LDC_i_2, with 2 or more inputs, drives asynchronous preset/clear pin(s) global_record_reg[1][9]_C/CLR, global_record_reg[1][9]_LDC/CLR. The LUT may glitch and trigger an unexpected reset, even if it is a properly timed path.
Related violations: <none>

PDRC-190#1 Warning
Suboptimally placed synchronized register chain  
The FDRE cell dbg_hub/inst/BSCANID.u_xsdbm_id/CORE_XSDB.UUT_MASTER/U_ICON_INTERFACE/U_CMD2/stat_reg_reg[0] in site SLICE_X9Y49 is part of a synchronized register chain that is suboptimally placed as the load FDRE cell dbg_hub/inst/BSCANID.u_xsdbm_id/CORE_XSDB.UUT_MASTER/U_ICON_INTERFACE/U_CMD2/stat_reg_1_reg[0] is not placed in the same (SLICE) site.
Related violations: <none>

PDRC-190#2 Warning
Suboptimally placed synchronized register chain  
The FDRE cell dbg_hub/inst/BSCANID.u_xsdbm_id/CORE_XSDB.UUT_MASTER/U_ICON_INTERFACE/U_CMD2/stat_reg_reg[1] in site SLICE_X9Y51 is part of a synchronized register chain that is suboptimally placed as the load FDRE cell dbg_hub/inst/BSCANID.u_xsdbm_id/CORE_XSDB.UUT_MASTER/U_ICON_INTERFACE/U_CMD2/stat_reg_1_reg[1] is not placed in the same (SLICE) site.
Related violations: <none>

PDRC-190#3 Warning
Suboptimally placed synchronized register chain  
The FDRE cell dbg_hub/inst/BSCANID.u_xsdbm_id/CORE_XSDB.UUT_MASTER/U_ICON_INTERFACE/U_CMD2/stat_reg_reg[2] in site SLICE_X8Y50 is part of a synchronized register chain that is suboptimally placed as the load FDRE cell dbg_hub/inst/BSCANID.u_xsdbm_id/CORE_XSDB.UUT_MASTER/U_ICON_INTERFACE/U_CMD2/stat_reg_1_reg[2] is not placed in the same (SLICE) site.
Related violations: <none>

PDRC-190#4 Warning
Suboptimally placed synchronized register chain  
The FDRE cell dbg_hub/inst/BSCANID.u_xsdbm_id/CORE_XSDB.UUT_MASTER/U_ICON_INTERFACE/U_CMD2/stat_reg_reg[3] in site SLICE_X7Y50 is part of a synchronized register chain that is suboptimally placed as the load FDRE cell dbg_hub/inst/BSCANID.u_xsdbm_id/CORE_XSDB.UUT_MASTER/U_ICON_INTERFACE/U_CMD2/stat_reg_1_reg[3] is not placed in the same (SLICE) site.
Related violations: <none>

PDRC-190#5 Warning
Suboptimally placed synchronized register chain  
The FDRE cell dbg_hub/inst/BSCANID.u_xsdbm_id/CORE_XSDB.UUT_MASTER/U_ICON_INTERFACE/U_CMD3/stat_reg_reg[0] in site SLICE_X6Y49 is part of a synchronized register chain that is suboptimally placed as the load FDRE cell dbg_hub/inst/BSCANID.u_xsdbm_id/CORE_XSDB.UUT_MASTER/U_ICON_INTERFACE/U_CMD3/stat_reg_1_reg[0] is not placed in the same (SLICE) site.
Related violations: <none>

PDRC-190#6 Warning
Suboptimally placed synchronized register chain  
The FDRE cell dbg_hub/inst/BSCANID.u_xsdbm_id/CORE_XSDB.UUT_MASTER/U_ICON_INTERFACE/U_CMD3/stat_reg_reg[1] in site SLICE_X8Y52 is part of a synchronized register chain that is suboptimally placed as the load FDRE cell dbg_hub/inst/BSCANID.u_xsdbm_id/CORE_XSDB.UUT_MASTER/U_ICON_INTERFACE/U_CMD3/stat_reg_1_reg[1] is not placed in the same (SLICE) site.
Related violations: <none>

PDRC-190#7 Warning
Suboptimally placed synchronized register chain  
The FDRE cell dbg_hub/inst/BSCANID.u_xsdbm_id/CORE_XSDB.UUT_MASTER/U_ICON_INTERFACE/U_CMD3/stat_reg_reg[2] in site SLICE_X7Y52 is part of a synchronized register chain that is suboptimally placed as the load FDRE cell dbg_hub/inst/BSCANID.u_xsdbm_id/CORE_XSDB.UUT_MASTER/U_ICON_INTERFACE/U_CMD3/stat_reg_1_reg[2] is not placed in the same (SLICE) site.
Related violations: <none>

PDRC-190#8 Warning
Suboptimally placed synchronized register chain  
The FDRE cell dbg_hub/inst/BSCANID.u_xsdbm_id/CORE_XSDB.UUT_MASTER/U_ICON_INTERFACE/U_CMD4/shift_reg_in_reg[12] in site SLICE_X3Y54 is part of a synchronized register chain that is suboptimally placed as the load FDRE cell dbg_hub/inst/BSCANID.u_xsdbm_id/CORE_XSDB.UUT_MASTER/U_ICON_INTERFACE/U_CMD4/shift_reg_in_reg[11] is not placed in the same (SLICE) site.
Related violations: <none>

PDRC-190#9 Warning
Suboptimally placed synchronized register chain  
The FDRE cell dbg_hub/inst/BSCANID.u_xsdbm_id/CORE_XSDB.UUT_MASTER/U_ICON_INTERFACE/U_CMD4/shift_reg_in_reg[20] in site SLICE_X3Y53 is part of a synchronized register chain that is suboptimally placed as the load FDRE cell dbg_hub/inst/BSCANID.u_xsdbm_id/CORE_XSDB.UUT_MASTER/U_ICON_INTERFACE/U_CMD4/shift_reg_in_reg[19] is not placed in the same (SLICE) site.
Related violations: <none>

PDRC-190#10 Warning
Suboptimally placed synchronized register chain  
The FDRE cell dbg_hub/inst/BSCANID.u_xsdbm_id/CORE_XSDB.UUT_MASTER/U_ICON_INTERFACE/U_CMD4/shift_reg_in_reg[4] in site SLICE_X3Y55 is part of a synchronized register chain that is suboptimally placed as the load FDRE cell dbg_hub/inst/BSCANID.u_xsdbm_id/CORE_XSDB.UUT_MASTER/U_ICON_INTERFACE/U_CMD4/shift_reg_in_reg[3] is not placed in the same (SLICE) site.
Related violations: <none>

PDRC-190#11 Warning
Suboptimally placed synchronized register chain  
The FDRE cell dbg_hub/inst/BSCANID.u_xsdbm_id/CORE_XSDB.UUT_MASTER/U_ICON_INTERFACE/U_CMD5/shift_reg_in_reg[10] in site SLICE_X13Y46 is part of a synchronized register chain that is suboptimally placed as the load FDRE cell dbg_hub/inst/BSCANID.u_xsdbm_id/CORE_XSDB.UUT_MASTER/U_ICON_INTERFACE/U_CMD5/shift_reg_in_reg[9] is not placed in the same (SLICE) site.
Related violations: <none>

PDRC-190#12 Warning
Suboptimally placed synchronized register chain  
The FDRE cell dbg_hub/inst/BSCANID.u_xsdbm_id/CORE_XSDB.UUT_MASTER/U_ICON_INTERFACE/U_CMD5/shift_reg_in_reg[2] in site SLICE_X13Y47 is part of a synchronized register chain that is suboptimally placed as the load FDRE cell dbg_hub/inst/BSCANID.u_xsdbm_id/CORE_XSDB.UUT_MASTER/U_ICON_INTERFACE/U_CMD5/shift_reg_in_reg[1] is not placed in the same (SLICE) site.
Related violations: <none>

PDRC-190#13 Warning
Suboptimally placed synchronized register chain  
The FDRE cell dbg_hub/inst/BSCANID.u_xsdbm_id/CORE_XSDB.UUT_MASTER/U_ICON_INTERFACE/U_CMD7_CTL/shift_reg_in_reg[0] in site SLICE_X0Y51 is part of a synchronized register chain that is suboptimally placed as the load FDRE cell dbg_hub/inst/BSCANID.u_xsdbm_id/CORE_XSDB.UUT_MASTER/U_ICON_INTERFACE/U_CMD7_STAT/stat_reg_reg[0] is not placed in the same (SLICE) site.
Related violations: <none>

PDRC-190#14 Warning
Suboptimally placed synchronized register chain  
The FDRE cell dbg_hub/inst/BSCANID.u_xsdbm_id/CORE_XSDB.UUT_MASTER/U_ICON_INTERFACE/U_CMD7_STAT/stat_reg_reg[0] in site SLICE_X0Y52 is part of a synchronized register chain that is suboptimally placed as the load FDRE cell dbg_hub/inst/BSCANID.u_xsdbm_id/CORE_XSDB.UUT_MASTER/U_ICON_INTERFACE/U_CMD7_STAT/stat_reg_1_reg[0] is not placed in the same (SLICE) site.
Related violations: <none>

PDRC-190#15 Warning
Suboptimally placed synchronized register chain  
The FDRE cell dbg_hub/inst/BSCANID.u_xsdbm_id/CORE_XSDB.UUT_MASTER/U_ICON_INTERFACE/U_CMD7_STAT/stat_reg_reg[1] in site SLICE_X1Y53 is part of a synchronized register chain that is suboptimally placed as the load FDRE cell dbg_hub/inst/BSCANID.u_xsdbm_id/CORE_XSDB.UUT_MASTER/U_ICON_INTERFACE/U_CMD7_STAT/stat_reg_1_reg[1] is not placed in the same (SLICE) site.
Related violations: <none>

PDRC-190#16 Warning
Suboptimally placed synchronized register chain  
The FDRE cell dbg_hub/inst/BSCANID.u_xsdbm_id/CORE_XSDB.UUT_MASTER/U_ICON_INTERFACE/U_CMD7_STAT/stat_reg_reg[2] in site SLICE_X0Y54 is part of a synchronized register chain that is suboptimally placed as the load FDRE cell dbg_hub/inst/BSCANID.u_xsdbm_id/CORE_XSDB.UUT_MASTER/U_ICON_INTERFACE/U_CMD7_STAT/stat_reg_1_reg[2] is not placed in the same (SLICE) site.
Related violations: <none>

SYNTH-10#1 Warning
Wide multiplier  
Detected multiplier at u_WASM_TOP/u_alu/ALUResult_64b0__0 of size 18x18, it is decomposed from a wide multipler into 16 DSP blocks.
Related violations: <none>

SYNTH-10#2 Warning
Wide multiplier  
Detected multiplier at u_WASM_TOP/u_alu/ALUResult_64b0__0__0 of size 14x18, it is decomposed from a wide multipler into 16 DSP blocks.
Related violations: <none>

SYNTH-10#3 Warning
Wide multiplier  
Detected multiplier at u_WASM_TOP/u_alu/ALUResult_64b0__1 of size 18x18, it is decomposed from a wide multipler into 16 DSP blocks.
Related violations: <none>

SYNTH-10#4 Warning
Wide multiplier  
Detected multiplier at u_WASM_TOP/u_alu/ALUResult_64b0__2 of size 18x18, it is decomposed from a wide multipler into 16 DSP blocks.
Related violations: <none>

SYNTH-10#5 Warning
Wide multiplier  
Detected multiplier at u_WASM_TOP/u_alu/ALUResult_64b0__3 of size 18x14, it is decomposed from a wide multipler into 16 DSP blocks.
Related violations: <none>

SYNTH-10#6 Warning
Wide multiplier  
Detected multiplier at u_WASM_TOP/u_alu/ALUResult_64b0__4 of size 18x18, it is decomposed from a wide multipler into 16 DSP blocks.
Related violations: <none>

SYNTH-10#7 Warning
Wide multiplier  
Detected multiplier at u_WASM_TOP/u_alu/ALUResult_64b0__5 of size 18x18, it is decomposed from a wide multipler into 16 DSP blocks.
Related violations: <none>

SYNTH-10#8 Warning
Wide multiplier  
Detected multiplier at u_WASM_TOP/u_alu/ALUResult_64b0__6 of size 18x18, it is decomposed from a wide multipler into 16 DSP blocks.
Related violations: <none>

SYNTH-10#9 Warning
Wide multiplier  
Detected multiplier at u_WASM_TOP/u_alu/ALUResult_64b0__7 of size 18x18, it is decomposed from a wide multipler into 16 DSP blocks.
Related violations: <none>

SYNTH-10#10 Warning
Wide multiplier  
Detected multiplier at u_WASM_TOP/u_alu/ALUResult_64b0__8 of size 18x18, it is decomposed from a wide multipler into 16 DSP blocks.
Related violations: <none>

SYNTH-10#11 Warning
Wide multiplier  
Detected multiplier at u_WASM_TOP/u_alu/ALU_32bit/ALUResult0 of size 16x18, it is decomposed from a wide multipler into 4 DSP blocks.
Related violations: <none>

SYNTH-10#12 Warning
Wide multiplier  
Detected multiplier at u_WASM_TOP/u_alu/ALU_32bit/ALUResult0__0 of size 18x18, it is decomposed from a wide multipler into 4 DSP blocks.
Related violations: <none>

SYNTH-10#13 Warning
Wide multiplier  
Detected multiplier at u_WASM_TOP/u_alu/ALU_32bit/ALUResult0__1 of size 18x16, it is decomposed from a wide multipler into 4 DSP blocks.
Related violations: <none>

TIMING-20#1 Warning
Non-clocked latch  
The latch global_record_reg[0][0]_LDC cannot be properly analyzed as its control pin global_record_reg[0][0]_LDC/G is not reached by a timing clock
Related violations: <none>

TIMING-20#2 Warning
Non-clocked latch  
The latch global_record_reg[0][10]_LDC cannot be properly analyzed as its control pin global_record_reg[0][10]_LDC/G is not reached by a timing clock
Related violations: <none>

TIMING-20#3 Warning
Non-clocked latch  
The latch global_record_reg[0][11]_LDC cannot be properly analyzed as its control pin global_record_reg[0][11]_LDC/G is not reached by a timing clock
Related violations: <none>

TIMING-20#4 Warning
Non-clocked latch  
The latch global_record_reg[0][12]_LDC cannot be properly analyzed as its control pin global_record_reg[0][12]_LDC/G is not reached by a timing clock
Related violations: <none>

TIMING-20#5 Warning
Non-clocked latch  
The latch global_record_reg[0][13]_LDC cannot be properly analyzed as its control pin global_record_reg[0][13]_LDC/G is not reached by a timing clock
Related violations: <none>

TIMING-20#6 Warning
Non-clocked latch  
The latch global_record_reg[0][14]_LDC cannot be properly analyzed as its control pin global_record_reg[0][14]_LDC/G is not reached by a timing clock
Related violations: <none>

TIMING-20#7 Warning
Non-clocked latch  
The latch global_record_reg[0][15]_LDC cannot be properly analyzed as its control pin global_record_reg[0][15]_LDC/G is not reached by a timing clock
Related violations: <none>

TIMING-20#8 Warning
Non-clocked latch  
The latch global_record_reg[0][16]_LDC cannot be properly analyzed as its control pin global_record_reg[0][16]_LDC/G is not reached by a timing clock
Related violations: <none>

TIMING-20#9 Warning
Non-clocked latch  
The latch global_record_reg[0][17]_LDC cannot be properly analyzed as its control pin global_record_reg[0][17]_LDC/G is not reached by a timing clock
Related violations: <none>

TIMING-20#10 Warning
Non-clocked latch  
The latch global_record_reg[0][18]_LDC cannot be properly analyzed as its control pin global_record_reg[0][18]_LDC/G is not reached by a timing clock
Related violations: <none>

TIMING-20#11 Warning
Non-clocked latch  
The latch global_record_reg[0][19]_LDC cannot be properly analyzed as its control pin global_record_reg[0][19]_LDC/G is not reached by a timing clock
Related violations: <none>

TIMING-20#12 Warning
Non-clocked latch  
The latch global_record_reg[0][1]_LDC cannot be properly analyzed as its control pin global_record_reg[0][1]_LDC/G is not reached by a timing clock
Related violations: <none>

TIMING-20#13 Warning
Non-clocked latch  
The latch global_record_reg[0][20]_LDC cannot be properly analyzed as its control pin global_record_reg[0][20]_LDC/G is not reached by a timing clock
Related violations: <none>

TIMING-20#14 Warning
Non-clocked latch  
The latch global_record_reg[0][21]_LDC cannot be properly analyzed as its control pin global_record_reg[0][21]_LDC/G is not reached by a timing clock
Related violations: <none>

TIMING-20#15 Warning
Non-clocked latch  
The latch global_record_reg[0][22]_LDC cannot be properly analyzed as its control pin global_record_reg[0][22]_LDC/G is not reached by a timing clock
Related violations: <none>

TIMING-20#16 Warning
Non-clocked latch  
The latch global_record_reg[0][23]_LDC cannot be properly analyzed as its control pin global_record_reg[0][23]_LDC/G is not reached by a timing clock
Related violations: <none>

TIMING-20#17 Warning
Non-clocked latch  
The latch global_record_reg[0][24]_LDC cannot be properly analyzed as its control pin global_record_reg[0][24]_LDC/G is not reached by a timing clock
Related violations: <none>

TIMING-20#18 Warning
Non-clocked latch  
The latch global_record_reg[0][25]_LDC cannot be properly analyzed as its control pin global_record_reg[0][25]_LDC/G is not reached by a timing clock
Related violations: <none>

TIMING-20#19 Warning
Non-clocked latch  
The latch global_record_reg[0][26]_LDC cannot be properly analyzed as its control pin global_record_reg[0][26]_LDC/G is not reached by a timing clock
Related violations: <none>

TIMING-20#20 Warning
Non-clocked latch  
The latch global_record_reg[0][27]_LDC cannot be properly analyzed as its control pin global_record_reg[0][27]_LDC/G is not reached by a timing clock
Related violations: <none>

TIMING-20#21 Warning
Non-clocked latch  
The latch global_record_reg[0][28]_LDC cannot be properly analyzed as its control pin global_record_reg[0][28]_LDC/G is not reached by a timing clock
Related violations: <none>

TIMING-20#22 Warning
Non-clocked latch  
The latch global_record_reg[0][29]_LDC cannot be properly analyzed as its control pin global_record_reg[0][29]_LDC/G is not reached by a timing clock
Related violations: <none>

TIMING-20#23 Warning
Non-clocked latch  
The latch global_record_reg[0][2]_LDC cannot be properly analyzed as its control pin global_record_reg[0][2]_LDC/G is not reached by a timing clock
Related violations: <none>

TIMING-20#24 Warning
Non-clocked latch  
The latch global_record_reg[0][30]_LDC cannot be properly analyzed as its control pin global_record_reg[0][30]_LDC/G is not reached by a timing clock
Related violations: <none>

TIMING-20#25 Warning
Non-clocked latch  
The latch global_record_reg[0][31]_LDC cannot be properly analyzed as its control pin global_record_reg[0][31]_LDC/G is not reached by a timing clock
Related violations: <none>

TIMING-20#26 Warning
Non-clocked latch  
The latch global_record_reg[0][3]_LDC cannot be properly analyzed as its control pin global_record_reg[0][3]_LDC/G is not reached by a timing clock
Related violations: <none>

TIMING-20#27 Warning
Non-clocked latch  
The latch global_record_reg[0][4]_LDC cannot be properly analyzed as its control pin global_record_reg[0][4]_LDC/G is not reached by a timing clock
Related violations: <none>

TIMING-20#28 Warning
Non-clocked latch  
The latch global_record_reg[0][5]_LDC cannot be properly analyzed as its control pin global_record_reg[0][5]_LDC/G is not reached by a timing clock
Related violations: <none>

TIMING-20#29 Warning
Non-clocked latch  
The latch global_record_reg[0][6]_LDC cannot be properly analyzed as its control pin global_record_reg[0][6]_LDC/G is not reached by a timing clock
Related violations: <none>

TIMING-20#30 Warning
Non-clocked latch  
The latch global_record_reg[0][7]_LDC cannot be properly analyzed as its control pin global_record_reg[0][7]_LDC/G is not reached by a timing clock
Related violations: <none>

TIMING-20#31 Warning
Non-clocked latch  
The latch global_record_reg[0][8]_LDC cannot be properly analyzed as its control pin global_record_reg[0][8]_LDC/G is not reached by a timing clock
Related violations: <none>

TIMING-20#32 Warning
Non-clocked latch  
The latch global_record_reg[0][9]_LDC cannot be properly analyzed as its control pin global_record_reg[0][9]_LDC/G is not reached by a timing clock
Related violations: <none>

TIMING-20#33 Warning
Non-clocked latch  
The latch global_record_reg[1][0]_LDC cannot be properly analyzed as its control pin global_record_reg[1][0]_LDC/G is not reached by a timing clock
Related violations: <none>

TIMING-20#34 Warning
Non-clocked latch  
The latch global_record_reg[1][10]_LDC cannot be properly analyzed as its control pin global_record_reg[1][10]_LDC/G is not reached by a timing clock
Related violations: <none>

TIMING-20#35 Warning
Non-clocked latch  
The latch global_record_reg[1][11]_LDC cannot be properly analyzed as its control pin global_record_reg[1][11]_LDC/G is not reached by a timing clock
Related violations: <none>

TIMING-20#36 Warning
Non-clocked latch  
The latch global_record_reg[1][12]_LDC cannot be properly analyzed as its control pin global_record_reg[1][12]_LDC/G is not reached by a timing clock
Related violations: <none>

TIMING-20#37 Warning
Non-clocked latch  
The latch global_record_reg[1][13]_LDC cannot be properly analyzed as its control pin global_record_reg[1][13]_LDC/G is not reached by a timing clock
Related violations: <none>

TIMING-20#38 Warning
Non-clocked latch  
The latch global_record_reg[1][14]_LDC cannot be properly analyzed as its control pin global_record_reg[1][14]_LDC/G is not reached by a timing clock
Related violations: <none>

TIMING-20#39 Warning
Non-clocked latch  
The latch global_record_reg[1][15]_LDC cannot be properly analyzed as its control pin global_record_reg[1][15]_LDC/G is not reached by a timing clock
Related violations: <none>

TIMING-20#40 Warning
Non-clocked latch  
The latch global_record_reg[1][16]_LDC cannot be properly analyzed as its control pin global_record_reg[1][16]_LDC/G is not reached by a timing clock
Related violations: <none>

TIMING-20#41 Warning
Non-clocked latch  
The latch global_record_reg[1][17]_LDC cannot be properly analyzed as its control pin global_record_reg[1][17]_LDC/G is not reached by a timing clock
Related violations: <none>

TIMING-20#42 Warning
Non-clocked latch  
The latch global_record_reg[1][18]_LDC cannot be properly analyzed as its control pin global_record_reg[1][18]_LDC/G is not reached by a timing clock
Related violations: <none>

TIMING-20#43 Warning
Non-clocked latch  
The latch global_record_reg[1][19]_LDC cannot be properly analyzed as its control pin global_record_reg[1][19]_LDC/G is not reached by a timing clock
Related violations: <none>

TIMING-20#44 Warning
Non-clocked latch  
The latch global_record_reg[1][1]_LDC cannot be properly analyzed as its control pin global_record_reg[1][1]_LDC/G is not reached by a timing clock
Related violations: <none>

TIMING-20#45 Warning
Non-clocked latch  
The latch global_record_reg[1][20]_LDC cannot be properly analyzed as its control pin global_record_reg[1][20]_LDC/G is not reached by a timing clock
Related violations: <none>

TIMING-20#46 Warning
Non-clocked latch  
The latch global_record_reg[1][21]_LDC cannot be properly analyzed as its control pin global_record_reg[1][21]_LDC/G is not reached by a timing clock
Related violations: <none>

TIMING-20#47 Warning
Non-clocked latch  
The latch global_record_reg[1][22]_LDC cannot be properly analyzed as its control pin global_record_reg[1][22]_LDC/G is not reached by a timing clock
Related violations: <none>

TIMING-20#48 Warning
Non-clocked latch  
The latch global_record_reg[1][23]_LDC cannot be properly analyzed as its control pin global_record_reg[1][23]_LDC/G is not reached by a timing clock
Related violations: <none>

TIMING-20#49 Warning
Non-clocked latch  
The latch global_record_reg[1][24]_LDC cannot be properly analyzed as its control pin global_record_reg[1][24]_LDC/G is not reached by a timing clock
Related violations: <none>

TIMING-20#50 Warning
Non-clocked latch  
The latch global_record_reg[1][25]_LDC cannot be properly analyzed as its control pin global_record_reg[1][25]_LDC/G is not reached by a timing clock
Related violations: <none>

TIMING-20#51 Warning
Non-clocked latch  
The latch global_record_reg[1][26]_LDC cannot be properly analyzed as its control pin global_record_reg[1][26]_LDC/G is not reached by a timing clock
Related violations: <none>

TIMING-20#52 Warning
Non-clocked latch  
The latch global_record_reg[1][27]_LDC cannot be properly analyzed as its control pin global_record_reg[1][27]_LDC/G is not reached by a timing clock
Related violations: <none>

TIMING-20#53 Warning
Non-clocked latch  
The latch global_record_reg[1][28]_LDC cannot be properly analyzed as its control pin global_record_reg[1][28]_LDC/G is not reached by a timing clock
Related violations: <none>

TIMING-20#54 Warning
Non-clocked latch  
The latch global_record_reg[1][29]_LDC cannot be properly analyzed as its control pin global_record_reg[1][29]_LDC/G is not reached by a timing clock
Related violations: <none>

TIMING-20#55 Warning
Non-clocked latch  
The latch global_record_reg[1][2]_LDC cannot be properly analyzed as its control pin global_record_reg[1][2]_LDC/G is not reached by a timing clock
Related violations: <none>

TIMING-20#56 Warning
Non-clocked latch  
The latch global_record_reg[1][30]_LDC cannot be properly analyzed as its control pin global_record_reg[1][30]_LDC/G is not reached by a timing clock
Related violations: <none>

TIMING-20#57 Warning
Non-clocked latch  
The latch global_record_reg[1][31]_LDC cannot be properly analyzed as its control pin global_record_reg[1][31]_LDC/G is not reached by a timing clock
Related violations: <none>

TIMING-20#58 Warning
Non-clocked latch  
The latch global_record_reg[1][3]_LDC cannot be properly analyzed as its control pin global_record_reg[1][3]_LDC/G is not reached by a timing clock
Related violations: <none>

TIMING-20#59 Warning
Non-clocked latch  
The latch global_record_reg[1][4]_LDC cannot be properly analyzed as its control pin global_record_reg[1][4]_LDC/G is not reached by a timing clock
Related violations: <none>

TIMING-20#60 Warning
Non-clocked latch  
The latch global_record_reg[1][5]_LDC cannot be properly analyzed as its control pin global_record_reg[1][5]_LDC/G is not reached by a timing clock
Related violations: <none>

TIMING-20#61 Warning
Non-clocked latch  
The latch global_record_reg[1][6]_LDC cannot be properly analyzed as its control pin global_record_reg[1][6]_LDC/G is not reached by a timing clock
Related violations: <none>

TIMING-20#62 Warning
Non-clocked latch  
The latch global_record_reg[1][7]_LDC cannot be properly analyzed as its control pin global_record_reg[1][7]_LDC/G is not reached by a timing clock
Related violations: <none>

TIMING-20#63 Warning
Non-clocked latch  
The latch global_record_reg[1][8]_LDC cannot be properly analyzed as its control pin global_record_reg[1][8]_LDC/G is not reached by a timing clock
Related violations: <none>

TIMING-20#64 Warning
Non-clocked latch  
The latch global_record_reg[1][9]_LDC cannot be properly analyzed as its control pin global_record_reg[1][9]_LDC/G is not reached by a timing clock
Related violations: <none>

TIMING-20#65 Warning
Non-clocked latch  
The latch u_WASM_TOP/u_instr_mem_ctrl/rd_data_reg[0] cannot be properly analyzed as its control pin u_WASM_TOP/u_instr_mem_ctrl/rd_data_reg[0]/G is not reached by a timing clock
Related violations: <none>

TIMING-20#66 Warning
Non-clocked latch  
The latch u_WASM_TOP/u_instr_mem_ctrl/rd_data_reg[0]_rep cannot be properly analyzed as its control pin u_WASM_TOP/u_instr_mem_ctrl/rd_data_reg[0]_rep/G is not reached by a timing clock
Related violations: <none>

TIMING-20#67 Warning
Non-clocked latch  
The latch u_WASM_TOP/u_instr_mem_ctrl/rd_data_reg[0]_rep__0 cannot be properly analyzed as its control pin u_WASM_TOP/u_instr_mem_ctrl/rd_data_reg[0]_rep__0/G is not reached by a timing clock
Related violations: <none>

TIMING-20#68 Warning
Non-clocked latch  
The latch u_WASM_TOP/u_instr_mem_ctrl/rd_data_reg[10] cannot be properly analyzed as its control pin u_WASM_TOP/u_instr_mem_ctrl/rd_data_reg[10]/G is not reached by a timing clock
Related violations: <none>

TIMING-20#69 Warning
Non-clocked latch  
The latch u_WASM_TOP/u_instr_mem_ctrl/rd_data_reg[10]_rep cannot be properly analyzed as its control pin u_WASM_TOP/u_instr_mem_ctrl/rd_data_reg[10]_rep/G is not reached by a timing clock
Related violations: <none>

TIMING-20#70 Warning
Non-clocked latch  
The latch u_WASM_TOP/u_instr_mem_ctrl/rd_data_reg[10]_rep__0 cannot be properly analyzed as its control pin u_WASM_TOP/u_instr_mem_ctrl/rd_data_reg[10]_rep__0/G is not reached by a timing clock
Related violations: <none>

TIMING-20#71 Warning
Non-clocked latch  
The latch u_WASM_TOP/u_instr_mem_ctrl/rd_data_reg[10]_rep__1 cannot be properly analyzed as its control pin u_WASM_TOP/u_instr_mem_ctrl/rd_data_reg[10]_rep__1/G is not reached by a timing clock
Related violations: <none>

TIMING-20#72 Warning
Non-clocked latch  
The latch u_WASM_TOP/u_instr_mem_ctrl/rd_data_reg[11] cannot be properly analyzed as its control pin u_WASM_TOP/u_instr_mem_ctrl/rd_data_reg[11]/G is not reached by a timing clock
Related violations: <none>

TIMING-20#73 Warning
Non-clocked latch  
The latch u_WASM_TOP/u_instr_mem_ctrl/rd_data_reg[11]_rep cannot be properly analyzed as its control pin u_WASM_TOP/u_instr_mem_ctrl/rd_data_reg[11]_rep/G is not reached by a timing clock
Related violations: <none>

TIMING-20#74 Warning
Non-clocked latch  
The latch u_WASM_TOP/u_instr_mem_ctrl/rd_data_reg[11]_rep__0 cannot be properly analyzed as its control pin u_WASM_TOP/u_instr_mem_ctrl/rd_data_reg[11]_rep__0/G is not reached by a timing clock
Related violations: <none>

TIMING-20#75 Warning
Non-clocked latch  
The latch u_WASM_TOP/u_instr_mem_ctrl/rd_data_reg[12] cannot be properly analyzed as its control pin u_WASM_TOP/u_instr_mem_ctrl/rd_data_reg[12]/G is not reached by a timing clock
Related violations: <none>

TIMING-20#76 Warning
Non-clocked latch  
The latch u_WASM_TOP/u_instr_mem_ctrl/rd_data_reg[13] cannot be properly analyzed as its control pin u_WASM_TOP/u_instr_mem_ctrl/rd_data_reg[13]/G is not reached by a timing clock
Related violations: <none>

TIMING-20#77 Warning
Non-clocked latch  
The latch u_WASM_TOP/u_instr_mem_ctrl/rd_data_reg[14] cannot be properly analyzed as its control pin u_WASM_TOP/u_instr_mem_ctrl/rd_data_reg[14]/G is not reached by a timing clock
Related violations: <none>

TIMING-20#78 Warning
Non-clocked latch  
The latch u_WASM_TOP/u_instr_mem_ctrl/rd_data_reg[15] cannot be properly analyzed as its control pin u_WASM_TOP/u_instr_mem_ctrl/rd_data_reg[15]/G is not reached by a timing clock
Related violations: <none>

TIMING-20#79 Warning
Non-clocked latch  
The latch u_WASM_TOP/u_instr_mem_ctrl/rd_data_reg[16] cannot be properly analyzed as its control pin u_WASM_TOP/u_instr_mem_ctrl/rd_data_reg[16]/G is not reached by a timing clock
Related violations: <none>

TIMING-20#80 Warning
Non-clocked latch  
The latch u_WASM_TOP/u_instr_mem_ctrl/rd_data_reg[17] cannot be properly analyzed as its control pin u_WASM_TOP/u_instr_mem_ctrl/rd_data_reg[17]/G is not reached by a timing clock
Related violations: <none>

TIMING-20#81 Warning
Non-clocked latch  
The latch u_WASM_TOP/u_instr_mem_ctrl/rd_data_reg[18] cannot be properly analyzed as its control pin u_WASM_TOP/u_instr_mem_ctrl/rd_data_reg[18]/G is not reached by a timing clock
Related violations: <none>

TIMING-20#82 Warning
Non-clocked latch  
The latch u_WASM_TOP/u_instr_mem_ctrl/rd_data_reg[19] cannot be properly analyzed as its control pin u_WASM_TOP/u_instr_mem_ctrl/rd_data_reg[19]/G is not reached by a timing clock
Related violations: <none>

TIMING-20#83 Warning
Non-clocked latch  
The latch u_WASM_TOP/u_instr_mem_ctrl/rd_data_reg[1] cannot be properly analyzed as its control pin u_WASM_TOP/u_instr_mem_ctrl/rd_data_reg[1]/G is not reached by a timing clock
Related violations: <none>

TIMING-20#84 Warning
Non-clocked latch  
The latch u_WASM_TOP/u_instr_mem_ctrl/rd_data_reg[20] cannot be properly analyzed as its control pin u_WASM_TOP/u_instr_mem_ctrl/rd_data_reg[20]/G is not reached by a timing clock
Related violations: <none>

TIMING-20#85 Warning
Non-clocked latch  
The latch u_WASM_TOP/u_instr_mem_ctrl/rd_data_reg[21] cannot be properly analyzed as its control pin u_WASM_TOP/u_instr_mem_ctrl/rd_data_reg[21]/G is not reached by a timing clock
Related violations: <none>

TIMING-20#86 Warning
Non-clocked latch  
The latch u_WASM_TOP/u_instr_mem_ctrl/rd_data_reg[22] cannot be properly analyzed as its control pin u_WASM_TOP/u_instr_mem_ctrl/rd_data_reg[22]/G is not reached by a timing clock
Related violations: <none>

TIMING-20#87 Warning
Non-clocked latch  
The latch u_WASM_TOP/u_instr_mem_ctrl/rd_data_reg[23] cannot be properly analyzed as its control pin u_WASM_TOP/u_instr_mem_ctrl/rd_data_reg[23]/G is not reached by a timing clock
Related violations: <none>

TIMING-20#88 Warning
Non-clocked latch  
The latch u_WASM_TOP/u_instr_mem_ctrl/rd_data_reg[24] cannot be properly analyzed as its control pin u_WASM_TOP/u_instr_mem_ctrl/rd_data_reg[24]/G is not reached by a timing clock
Related violations: <none>

TIMING-20#89 Warning
Non-clocked latch  
The latch u_WASM_TOP/u_instr_mem_ctrl/rd_data_reg[25] cannot be properly analyzed as its control pin u_WASM_TOP/u_instr_mem_ctrl/rd_data_reg[25]/G is not reached by a timing clock
Related violations: <none>

TIMING-20#90 Warning
Non-clocked latch  
The latch u_WASM_TOP/u_instr_mem_ctrl/rd_data_reg[26] cannot be properly analyzed as its control pin u_WASM_TOP/u_instr_mem_ctrl/rd_data_reg[26]/G is not reached by a timing clock
Related violations: <none>

TIMING-20#91 Warning
Non-clocked latch  
The latch u_WASM_TOP/u_instr_mem_ctrl/rd_data_reg[27] cannot be properly analyzed as its control pin u_WASM_TOP/u_instr_mem_ctrl/rd_data_reg[27]/G is not reached by a timing clock
Related violations: <none>

TIMING-20#92 Warning
Non-clocked latch  
The latch u_WASM_TOP/u_instr_mem_ctrl/rd_data_reg[28] cannot be properly analyzed as its control pin u_WASM_TOP/u_instr_mem_ctrl/rd_data_reg[28]/G is not reached by a timing clock
Related violations: <none>

TIMING-20#93 Warning
Non-clocked latch  
The latch u_WASM_TOP/u_instr_mem_ctrl/rd_data_reg[29] cannot be properly analyzed as its control pin u_WASM_TOP/u_instr_mem_ctrl/rd_data_reg[29]/G is not reached by a timing clock
Related violations: <none>

TIMING-20#94 Warning
Non-clocked latch  
The latch u_WASM_TOP/u_instr_mem_ctrl/rd_data_reg[2] cannot be properly analyzed as its control pin u_WASM_TOP/u_instr_mem_ctrl/rd_data_reg[2]/G is not reached by a timing clock
Related violations: <none>

TIMING-20#95 Warning
Non-clocked latch  
The latch u_WASM_TOP/u_instr_mem_ctrl/rd_data_reg[30] cannot be properly analyzed as its control pin u_WASM_TOP/u_instr_mem_ctrl/rd_data_reg[30]/G is not reached by a timing clock
Related violations: <none>

TIMING-20#96 Warning
Non-clocked latch  
The latch u_WASM_TOP/u_instr_mem_ctrl/rd_data_reg[31] cannot be properly analyzed as its control pin u_WASM_TOP/u_instr_mem_ctrl/rd_data_reg[31]/G is not reached by a timing clock
Related violations: <none>

TIMING-20#97 Warning
Non-clocked latch  
The latch u_WASM_TOP/u_instr_mem_ctrl/rd_data_reg[32] cannot be properly analyzed as its control pin u_WASM_TOP/u_instr_mem_ctrl/rd_data_reg[32]/G is not reached by a timing clock
Related violations: <none>

TIMING-20#98 Warning
Non-clocked latch  
The latch u_WASM_TOP/u_instr_mem_ctrl/rd_data_reg[33] cannot be properly analyzed as its control pin u_WASM_TOP/u_instr_mem_ctrl/rd_data_reg[33]/G is not reached by a timing clock
Related violations: <none>

TIMING-20#99 Warning
Non-clocked latch  
The latch u_WASM_TOP/u_instr_mem_ctrl/rd_data_reg[34] cannot be properly analyzed as its control pin u_WASM_TOP/u_instr_mem_ctrl/rd_data_reg[34]/G is not reached by a timing clock
Related violations: <none>

TIMING-20#100 Warning
Non-clocked latch  
The latch u_WASM_TOP/u_instr_mem_ctrl/rd_data_reg[35] cannot be properly analyzed as its control pin u_WASM_TOP/u_instr_mem_ctrl/rd_data_reg[35]/G is not reached by a timing clock
Related violations: <none>

TIMING-20#101 Warning
Non-clocked latch  
The latch u_WASM_TOP/u_instr_mem_ctrl/rd_data_reg[36] cannot be properly analyzed as its control pin u_WASM_TOP/u_instr_mem_ctrl/rd_data_reg[36]/G is not reached by a timing clock
Related violations: <none>

TIMING-20#102 Warning
Non-clocked latch  
The latch u_WASM_TOP/u_instr_mem_ctrl/rd_data_reg[37] cannot be properly analyzed as its control pin u_WASM_TOP/u_instr_mem_ctrl/rd_data_reg[37]/G is not reached by a timing clock
Related violations: <none>

TIMING-20#103 Warning
Non-clocked latch  
The latch u_WASM_TOP/u_instr_mem_ctrl/rd_data_reg[38] cannot be properly analyzed as its control pin u_WASM_TOP/u_instr_mem_ctrl/rd_data_reg[38]/G is not reached by a timing clock
Related violations: <none>

TIMING-20#104 Warning
Non-clocked latch  
The latch u_WASM_TOP/u_instr_mem_ctrl/rd_data_reg[39] cannot be properly analyzed as its control pin u_WASM_TOP/u_instr_mem_ctrl/rd_data_reg[39]/G is not reached by a timing clock
Related violations: <none>

TIMING-20#105 Warning
Non-clocked latch  
The latch u_WASM_TOP/u_instr_mem_ctrl/rd_data_reg[3] cannot be properly analyzed as its control pin u_WASM_TOP/u_instr_mem_ctrl/rd_data_reg[3]/G is not reached by a timing clock
Related violations: <none>

TIMING-20#106 Warning
Non-clocked latch  
The latch u_WASM_TOP/u_instr_mem_ctrl/rd_data_reg[40] cannot be properly analyzed as its control pin u_WASM_TOP/u_instr_mem_ctrl/rd_data_reg[40]/G is not reached by a timing clock
Related violations: <none>

TIMING-20#107 Warning
Non-clocked latch  
The latch u_WASM_TOP/u_instr_mem_ctrl/rd_data_reg[41] cannot be properly analyzed as its control pin u_WASM_TOP/u_instr_mem_ctrl/rd_data_reg[41]/G is not reached by a timing clock
Related violations: <none>

TIMING-20#108 Warning
Non-clocked latch  
The latch u_WASM_TOP/u_instr_mem_ctrl/rd_data_reg[42] cannot be properly analyzed as its control pin u_WASM_TOP/u_instr_mem_ctrl/rd_data_reg[42]/G is not reached by a timing clock
Related violations: <none>

TIMING-20#109 Warning
Non-clocked latch  
The latch u_WASM_TOP/u_instr_mem_ctrl/rd_data_reg[43] cannot be properly analyzed as its control pin u_WASM_TOP/u_instr_mem_ctrl/rd_data_reg[43]/G is not reached by a timing clock
Related violations: <none>

TIMING-20#110 Warning
Non-clocked latch  
The latch u_WASM_TOP/u_instr_mem_ctrl/rd_data_reg[44] cannot be properly analyzed as its control pin u_WASM_TOP/u_instr_mem_ctrl/rd_data_reg[44]/G is not reached by a timing clock
Related violations: <none>

TIMING-20#111 Warning
Non-clocked latch  
The latch u_WASM_TOP/u_instr_mem_ctrl/rd_data_reg[45] cannot be properly analyzed as its control pin u_WASM_TOP/u_instr_mem_ctrl/rd_data_reg[45]/G is not reached by a timing clock
Related violations: <none>

TIMING-20#112 Warning
Non-clocked latch  
The latch u_WASM_TOP/u_instr_mem_ctrl/rd_data_reg[46] cannot be properly analyzed as its control pin u_WASM_TOP/u_instr_mem_ctrl/rd_data_reg[46]/G is not reached by a timing clock
Related violations: <none>

TIMING-20#113 Warning
Non-clocked latch  
The latch u_WASM_TOP/u_instr_mem_ctrl/rd_data_reg[47] cannot be properly analyzed as its control pin u_WASM_TOP/u_instr_mem_ctrl/rd_data_reg[47]/G is not reached by a timing clock
Related violations: <none>

TIMING-20#114 Warning
Non-clocked latch  
The latch u_WASM_TOP/u_instr_mem_ctrl/rd_data_reg[48] cannot be properly analyzed as its control pin u_WASM_TOP/u_instr_mem_ctrl/rd_data_reg[48]/G is not reached by a timing clock
Related violations: <none>

TIMING-20#115 Warning
Non-clocked latch  
The latch u_WASM_TOP/u_instr_mem_ctrl/rd_data_reg[49] cannot be properly analyzed as its control pin u_WASM_TOP/u_instr_mem_ctrl/rd_data_reg[49]/G is not reached by a timing clock
Related violations: <none>

TIMING-20#116 Warning
Non-clocked latch  
The latch u_WASM_TOP/u_instr_mem_ctrl/rd_data_reg[4] cannot be properly analyzed as its control pin u_WASM_TOP/u_instr_mem_ctrl/rd_data_reg[4]/G is not reached by a timing clock
Related violations: <none>

TIMING-20#117 Warning
Non-clocked latch  
The latch u_WASM_TOP/u_instr_mem_ctrl/rd_data_reg[50] cannot be properly analyzed as its control pin u_WASM_TOP/u_instr_mem_ctrl/rd_data_reg[50]/G is not reached by a timing clock
Related violations: <none>

TIMING-20#118 Warning
Non-clocked latch  
The latch u_WASM_TOP/u_instr_mem_ctrl/rd_data_reg[51] cannot be properly analyzed as its control pin u_WASM_TOP/u_instr_mem_ctrl/rd_data_reg[51]/G is not reached by a timing clock
Related violations: <none>

TIMING-20#119 Warning
Non-clocked latch  
The latch u_WASM_TOP/u_instr_mem_ctrl/rd_data_reg[52] cannot be properly analyzed as its control pin u_WASM_TOP/u_instr_mem_ctrl/rd_data_reg[52]/G is not reached by a timing clock
Related violations: <none>

TIMING-20#120 Warning
Non-clocked latch  
The latch u_WASM_TOP/u_instr_mem_ctrl/rd_data_reg[53] cannot be properly analyzed as its control pin u_WASM_TOP/u_instr_mem_ctrl/rd_data_reg[53]/G is not reached by a timing clock
Related violations: <none>

TIMING-20#121 Warning
Non-clocked latch  
The latch u_WASM_TOP/u_instr_mem_ctrl/rd_data_reg[54] cannot be properly analyzed as its control pin u_WASM_TOP/u_instr_mem_ctrl/rd_data_reg[54]/G is not reached by a timing clock
Related violations: <none>

TIMING-20#122 Warning
Non-clocked latch  
The latch u_WASM_TOP/u_instr_mem_ctrl/rd_data_reg[55] cannot be properly analyzed as its control pin u_WASM_TOP/u_instr_mem_ctrl/rd_data_reg[55]/G is not reached by a timing clock
Related violations: <none>

TIMING-20#123 Warning
Non-clocked latch  
The latch u_WASM_TOP/u_instr_mem_ctrl/rd_data_reg[56] cannot be properly analyzed as its control pin u_WASM_TOP/u_instr_mem_ctrl/rd_data_reg[56]/G is not reached by a timing clock
Related violations: <none>

TIMING-20#124 Warning
Non-clocked latch  
The latch u_WASM_TOP/u_instr_mem_ctrl/rd_data_reg[57] cannot be properly analyzed as its control pin u_WASM_TOP/u_instr_mem_ctrl/rd_data_reg[57]/G is not reached by a timing clock
Related violations: <none>

TIMING-20#125 Warning
Non-clocked latch  
The latch u_WASM_TOP/u_instr_mem_ctrl/rd_data_reg[58] cannot be properly analyzed as its control pin u_WASM_TOP/u_instr_mem_ctrl/rd_data_reg[58]/G is not reached by a timing clock
Related violations: <none>

TIMING-20#126 Warning
Non-clocked latch  
The latch u_WASM_TOP/u_instr_mem_ctrl/rd_data_reg[59] cannot be properly analyzed as its control pin u_WASM_TOP/u_instr_mem_ctrl/rd_data_reg[59]/G is not reached by a timing clock
Related violations: <none>

TIMING-20#127 Warning
Non-clocked latch  
The latch u_WASM_TOP/u_instr_mem_ctrl/rd_data_reg[5] cannot be properly analyzed as its control pin u_WASM_TOP/u_instr_mem_ctrl/rd_data_reg[5]/G is not reached by a timing clock
Related violations: <none>

TIMING-20#128 Warning
Non-clocked latch  
The latch u_WASM_TOP/u_instr_mem_ctrl/rd_data_reg[60] cannot be properly analyzed as its control pin u_WASM_TOP/u_instr_mem_ctrl/rd_data_reg[60]/G is not reached by a timing clock
Related violations: <none>

TIMING-20#129 Warning
Non-clocked latch  
The latch u_WASM_TOP/u_instr_mem_ctrl/rd_data_reg[61] cannot be properly analyzed as its control pin u_WASM_TOP/u_instr_mem_ctrl/rd_data_reg[61]/G is not reached by a timing clock
Related violations: <none>

TIMING-20#130 Warning
Non-clocked latch  
The latch u_WASM_TOP/u_instr_mem_ctrl/rd_data_reg[62] cannot be properly analyzed as its control pin u_WASM_TOP/u_instr_mem_ctrl/rd_data_reg[62]/G is not reached by a timing clock
Related violations: <none>

TIMING-20#131 Warning
Non-clocked latch  
The latch u_WASM_TOP/u_instr_mem_ctrl/rd_data_reg[63] cannot be properly analyzed as its control pin u_WASM_TOP/u_instr_mem_ctrl/rd_data_reg[63]/G is not reached by a timing clock
Related violations: <none>

TIMING-20#132 Warning
Non-clocked latch  
The latch u_WASM_TOP/u_instr_mem_ctrl/rd_data_reg[64] cannot be properly analyzed as its control pin u_WASM_TOP/u_instr_mem_ctrl/rd_data_reg[64]/G is not reached by a timing clock
Related violations: <none>

TIMING-20#133 Warning
Non-clocked latch  
The latch u_WASM_TOP/u_instr_mem_ctrl/rd_data_reg[65] cannot be properly analyzed as its control pin u_WASM_TOP/u_instr_mem_ctrl/rd_data_reg[65]/G is not reached by a timing clock
Related violations: <none>

TIMING-20#134 Warning
Non-clocked latch  
The latch u_WASM_TOP/u_instr_mem_ctrl/rd_data_reg[66] cannot be properly analyzed as its control pin u_WASM_TOP/u_instr_mem_ctrl/rd_data_reg[66]/G is not reached by a timing clock
Related violations: <none>

TIMING-20#135 Warning
Non-clocked latch  
The latch u_WASM_TOP/u_instr_mem_ctrl/rd_data_reg[67] cannot be properly analyzed as its control pin u_WASM_TOP/u_instr_mem_ctrl/rd_data_reg[67]/G is not reached by a timing clock
Related violations: <none>

TIMING-20#136 Warning
Non-clocked latch  
The latch u_WASM_TOP/u_instr_mem_ctrl/rd_data_reg[68] cannot be properly analyzed as its control pin u_WASM_TOP/u_instr_mem_ctrl/rd_data_reg[68]/G is not reached by a timing clock
Related violations: <none>

TIMING-20#137 Warning
Non-clocked latch  
The latch u_WASM_TOP/u_instr_mem_ctrl/rd_data_reg[69] cannot be properly analyzed as its control pin u_WASM_TOP/u_instr_mem_ctrl/rd_data_reg[69]/G is not reached by a timing clock
Related violations: <none>

TIMING-20#138 Warning
Non-clocked latch  
The latch u_WASM_TOP/u_instr_mem_ctrl/rd_data_reg[6] cannot be properly analyzed as its control pin u_WASM_TOP/u_instr_mem_ctrl/rd_data_reg[6]/G is not reached by a timing clock
Related violations: <none>

TIMING-20#139 Warning
Non-clocked latch  
The latch u_WASM_TOP/u_instr_mem_ctrl/rd_data_reg[70] cannot be properly analyzed as its control pin u_WASM_TOP/u_instr_mem_ctrl/rd_data_reg[70]/G is not reached by a timing clock
Related violations: <none>

TIMING-20#140 Warning
Non-clocked latch  
The latch u_WASM_TOP/u_instr_mem_ctrl/rd_data_reg[71] cannot be properly analyzed as its control pin u_WASM_TOP/u_instr_mem_ctrl/rd_data_reg[71]/G is not reached by a timing clock
Related violations: <none>

TIMING-20#141 Warning
Non-clocked latch  
The latch u_WASM_TOP/u_instr_mem_ctrl/rd_data_reg[72] cannot be properly analyzed as its control pin u_WASM_TOP/u_instr_mem_ctrl/rd_data_reg[72]/G is not reached by a timing clock
Related violations: <none>

TIMING-20#142 Warning
Non-clocked latch  
The latch u_WASM_TOP/u_instr_mem_ctrl/rd_data_reg[73] cannot be properly analyzed as its control pin u_WASM_TOP/u_instr_mem_ctrl/rd_data_reg[73]/G is not reached by a timing clock
Related violations: <none>

TIMING-20#143 Warning
Non-clocked latch  
The latch u_WASM_TOP/u_instr_mem_ctrl/rd_data_reg[74] cannot be properly analyzed as its control pin u_WASM_TOP/u_instr_mem_ctrl/rd_data_reg[74]/G is not reached by a timing clock
Related violations: <none>

TIMING-20#144 Warning
Non-clocked latch  
The latch u_WASM_TOP/u_instr_mem_ctrl/rd_data_reg[75] cannot be properly analyzed as its control pin u_WASM_TOP/u_instr_mem_ctrl/rd_data_reg[75]/G is not reached by a timing clock
Related violations: <none>

TIMING-20#145 Warning
Non-clocked latch  
The latch u_WASM_TOP/u_instr_mem_ctrl/rd_data_reg[76] cannot be properly analyzed as its control pin u_WASM_TOP/u_instr_mem_ctrl/rd_data_reg[76]/G is not reached by a timing clock
Related violations: <none>

TIMING-20#146 Warning
Non-clocked latch  
The latch u_WASM_TOP/u_instr_mem_ctrl/rd_data_reg[77] cannot be properly analyzed as its control pin u_WASM_TOP/u_instr_mem_ctrl/rd_data_reg[77]/G is not reached by a timing clock
Related violations: <none>

TIMING-20#147 Warning
Non-clocked latch  
The latch u_WASM_TOP/u_instr_mem_ctrl/rd_data_reg[78] cannot be properly analyzed as its control pin u_WASM_TOP/u_instr_mem_ctrl/rd_data_reg[78]/G is not reached by a timing clock
Related violations: <none>

TIMING-20#148 Warning
Non-clocked latch  
The latch u_WASM_TOP/u_instr_mem_ctrl/rd_data_reg[79] cannot be properly analyzed as its control pin u_WASM_TOP/u_instr_mem_ctrl/rd_data_reg[79]/G is not reached by a timing clock
Related violations: <none>

TIMING-20#149 Warning
Non-clocked latch  
The latch u_WASM_TOP/u_instr_mem_ctrl/rd_data_reg[7] cannot be properly analyzed as its control pin u_WASM_TOP/u_instr_mem_ctrl/rd_data_reg[7]/G is not reached by a timing clock
Related violations: <none>

TIMING-20#150 Warning
Non-clocked latch  
The latch u_WASM_TOP/u_instr_mem_ctrl/rd_data_reg[80] cannot be properly analyzed as its control pin u_WASM_TOP/u_instr_mem_ctrl/rd_data_reg[80]/G is not reached by a timing clock
Related violations: <none>

TIMING-20#151 Warning
Non-clocked latch  
The latch u_WASM_TOP/u_instr_mem_ctrl/rd_data_reg[81] cannot be properly analyzed as its control pin u_WASM_TOP/u_instr_mem_ctrl/rd_data_reg[81]/G is not reached by a timing clock
Related violations: <none>

TIMING-20#152 Warning
Non-clocked latch  
The latch u_WASM_TOP/u_instr_mem_ctrl/rd_data_reg[82] cannot be properly analyzed as its control pin u_WASM_TOP/u_instr_mem_ctrl/rd_data_reg[82]/G is not reached by a timing clock
Related violations: <none>

TIMING-20#153 Warning
Non-clocked latch  
The latch u_WASM_TOP/u_instr_mem_ctrl/rd_data_reg[83] cannot be properly analyzed as its control pin u_WASM_TOP/u_instr_mem_ctrl/rd_data_reg[83]/G is not reached by a timing clock
Related violations: <none>

TIMING-20#154 Warning
Non-clocked latch  
The latch u_WASM_TOP/u_instr_mem_ctrl/rd_data_reg[84] cannot be properly analyzed as its control pin u_WASM_TOP/u_instr_mem_ctrl/rd_data_reg[84]/G is not reached by a timing clock
Related violations: <none>

TIMING-20#155 Warning
Non-clocked latch  
The latch u_WASM_TOP/u_instr_mem_ctrl/rd_data_reg[85] cannot be properly analyzed as its control pin u_WASM_TOP/u_instr_mem_ctrl/rd_data_reg[85]/G is not reached by a timing clock
Related violations: <none>

TIMING-20#156 Warning
Non-clocked latch  
The latch u_WASM_TOP/u_instr_mem_ctrl/rd_data_reg[86] cannot be properly analyzed as its control pin u_WASM_TOP/u_instr_mem_ctrl/rd_data_reg[86]/G is not reached by a timing clock
Related violations: <none>

TIMING-20#157 Warning
Non-clocked latch  
The latch u_WASM_TOP/u_instr_mem_ctrl/rd_data_reg[87] cannot be properly analyzed as its control pin u_WASM_TOP/u_instr_mem_ctrl/rd_data_reg[87]/G is not reached by a timing clock
Related violations: <none>

TIMING-20#158 Warning
Non-clocked latch  
The latch u_WASM_TOP/u_instr_mem_ctrl/rd_data_reg[8] cannot be properly analyzed as its control pin u_WASM_TOP/u_instr_mem_ctrl/rd_data_reg[8]/G is not reached by a timing clock
Related violations: <none>

TIMING-20#159 Warning
Non-clocked latch  
The latch u_WASM_TOP/u_instr_mem_ctrl/rd_data_reg[8]_rep cannot be properly analyzed as its control pin u_WASM_TOP/u_instr_mem_ctrl/rd_data_reg[8]_rep/G is not reached by a timing clock
Related violations: <none>

TIMING-20#160 Warning
Non-clocked latch  
The latch u_WASM_TOP/u_instr_mem_ctrl/rd_data_reg[8]_rep__0 cannot be properly analyzed as its control pin u_WASM_TOP/u_instr_mem_ctrl/rd_data_reg[8]_rep__0/G is not reached by a timing clock
Related violations: <none>

TIMING-20#161 Warning
Non-clocked latch  
The latch u_WASM_TOP/u_instr_mem_ctrl/rd_data_reg[8]_rep__1 cannot be properly analyzed as its control pin u_WASM_TOP/u_instr_mem_ctrl/rd_data_reg[8]_rep__1/G is not reached by a timing clock
Related violations: <none>

TIMING-20#162 Warning
Non-clocked latch  
The latch u_WASM_TOP/u_instr_mem_ctrl/rd_data_reg[8]_rep__2 cannot be properly analyzed as its control pin u_WASM_TOP/u_instr_mem_ctrl/rd_data_reg[8]_rep__2/G is not reached by a timing clock
Related violations: <none>

TIMING-20#163 Warning
Non-clocked latch  
The latch u_WASM_TOP/u_instr_mem_ctrl/rd_data_reg[9] cannot be properly analyzed as its control pin u_WASM_TOP/u_instr_mem_ctrl/rd_data_reg[9]/G is not reached by a timing clock
Related violations: <none>

TIMING-20#164 Warning
Non-clocked latch  
The latch u_WASM_TOP/u_instr_mem_ctrl/rd_data_reg[9]_rep cannot be properly analyzed as its control pin u_WASM_TOP/u_instr_mem_ctrl/rd_data_reg[9]_rep/G is not reached by a timing clock
Related violations: <none>

TIMING-20#165 Warning
Non-clocked latch  
The latch u_WASM_TOP/u_instr_mem_ctrl/rd_data_reg[9]_rep__0 cannot be properly analyzed as its control pin u_WASM_TOP/u_instr_mem_ctrl/rd_data_reg[9]_rep__0/G is not reached by a timing clock
Related violations: <none>

TIMING-20#166 Warning
Non-clocked latch  
The latch u_WASM_TOP/u_instr_mem_ctrl/rd_data_reg[9]_rep__1 cannot be properly analyzed as its control pin u_WASM_TOP/u_instr_mem_ctrl/rd_data_reg[9]_rep__1/G is not reached by a timing clock
Related violations: <none>

TIMING-20#167 Warning
Non-clocked latch  
The latch u_WASM_TOP/u_instr_mem_ctrl/rd_data_reg[9]_rep__2 cannot be properly analyzed as its control pin u_WASM_TOP/u_instr_mem_ctrl/rd_data_reg[9]_rep__2/G is not reached by a timing clock
Related violations: <none>


