Vivado Simulator 2018.2
Copyright 1986-1999, 2001-2018 Xilinx, Inc. All Rights Reserved.
Running: /data/eda/Xilinx/Vivado/2018.2/bin/unwrapped/lnx64.o/xelab -wto 9cfd8545cd4a4877b83729d52c640ee1 --incr --debug typical --relax --mt 8 -L xil_defaultlib -L blk_mem_gen_v8_4_1 -L unisims_ver -L unimacro_ver -L secureip -L xpm --snapshot softcore_top_behav xil_defaultlib.softcore_top xil_defaultlib.glbl -log elaborate.log 
Using 8 slave threads.
Starting static elaboration
WARNING: [VRFC 10-278] actual bit length 10 differs from formal bit length 9 for port i_line_mem_rd_addr [/data/home2/qiupingw/Softcore/PAWS_softcore_vc707_vivado2019.srcs/sources_1/new/softcore_top.v:83]
WARNING: [VRFC 10-278] actual bit length 1 differs from formal bit length 8 for port section_type_out [/data/home2/qiupingw/Softcore/PAWS_softcore_vc707_vivado2019.srcs/sources_1/imports/RTL_wsl_version/WASM_TOP.v:342]
WARNING: [VRFC 10-278] actual bit length 15 differs from formal bit length 10 for port i_instr_mem_wr_addr [/data/home2/qiupingw/Softcore/PAWS_softcore_vc707_vivado2019.srcs/sources_1/imports/RTL_wsl_version/WASM_TOP.v:365]
WARNING: [VRFC 10-278] actual bit length 280 differs from formal bit length 512 for port probe0 [/data/home2/qiupingw/Softcore/PAWS_softcore_vc707_vivado2019.srcs/sources_1/new/softcore_top.v:239]
WARNING: [VRFC 10-1783] select index 11 into tx_str_array is out of bounds [/data/home2/qiupingw/Softcore/PAWS_softcore_vc707_vivado2019.srcs/sources_1/new/softcore_top.v:254]
WARNING: [VRFC 10-1783] select index 11 into tx_str_array is out of bounds [/data/home2/qiupingw/Softcore/PAWS_softcore_vc707_vivado2019.srcs/sources_1/new/softcore_top.v:255]
WARNING: [VRFC 10-1783] select index 11 into tx_str_array is out of bounds [/data/home2/qiupingw/Softcore/PAWS_softcore_vc707_vivado2019.srcs/sources_1/new/softcore_top.v:256]
WARNING: [VRFC 10-1783] select index 11 into tx_str_array is out of bounds [/data/home2/qiupingw/Softcore/PAWS_softcore_vc707_vivado2019.srcs/sources_1/new/softcore_top.v:257]
WARNING: [VRFC 10-1783] select index 11 into tx_str_array is out of bounds [/data/home2/qiupingw/Softcore/PAWS_softcore_vc707_vivado2019.srcs/sources_1/new/softcore_top.v:258]
WARNING: [VRFC 10-1783] select index 11 into tx_str_array is out of bounds [/data/home2/qiupingw/Softcore/PAWS_softcore_vc707_vivado2019.srcs/sources_1/new/softcore_top.v:259]
WARNING: [VRFC 10-1783] select index 11 into tx_str_array is out of bounds [/data/home2/qiupingw/Softcore/PAWS_softcore_vc707_vivado2019.srcs/sources_1/new/softcore_top.v:260]
WARNING: [VRFC 10-1783] select index 11 into tx_str_array is out of bounds [/data/home2/qiupingw/Softcore/PAWS_softcore_vc707_vivado2019.srcs/sources_1/new/softcore_top.v:261]
WARNING: [VRFC 10-1783] select index 11 into tx_str_array is out of bounds [/data/home2/qiupingw/Softcore/PAWS_softcore_vc707_vivado2019.srcs/sources_1/new/softcore_top.v:262]
WARNING: [VRFC 10-1783] select index 11 into tx_str_array is out of bounds [/data/home2/qiupingw/Softcore/PAWS_softcore_vc707_vivado2019.srcs/sources_1/new/softcore_top.v:263]
WARNING: [VRFC 10-1783] select index 11 into tx_str_array is out of bounds [/data/home2/qiupingw/Softcore/PAWS_softcore_vc707_vivado2019.srcs/sources_1/new/softcore_top.v:264]
WARNING: [VRFC 10-1783] select index 11 into tx_str_array is out of bounds [/data/home2/qiupingw/Softcore/PAWS_softcore_vc707_vivado2019.srcs/sources_1/new/softcore_top.v:265]
WARNING: [VRFC 10-1783] select index 11 into tx_str_array is out of bounds [/data/home2/qiupingw/Softcore/PAWS_softcore_vc707_vivado2019.srcs/sources_1/new/softcore_top.v:266]
WARNING: [VRFC 10-1783] select index 11 into tx_str_array is out of bounds [/data/home2/qiupingw/Softcore/PAWS_softcore_vc707_vivado2019.srcs/sources_1/new/softcore_top.v:267]
WARNING: [VRFC 10-1783] select index 11 into tx_str_array is out of bounds [/data/home2/qiupingw/Softcore/PAWS_softcore_vc707_vivado2019.srcs/sources_1/new/softcore_top.v:268]
WARNING: [VRFC 10-1783] select index 11 into tx_str_array is out of bounds [/data/home2/qiupingw/Softcore/PAWS_softcore_vc707_vivado2019.srcs/sources_1/new/softcore_top.v:269]
WARNING: [VRFC 10-1783] select index 11 into tx_str_array is out of bounds [/data/home2/qiupingw/Softcore/PAWS_softcore_vc707_vivado2019.srcs/sources_1/new/softcore_top.v:270]
WARNING: [VRFC 10-1783] select index 11 into tx_str_array1 is out of bounds [/data/home2/qiupingw/Softcore/PAWS_softcore_vc707_vivado2019.srcs/sources_1/new/softcore_top.v:281]
WARNING: [VRFC 10-1783] select index 11 into tx_str_array1 is out of bounds [/data/home2/qiupingw/Softcore/PAWS_softcore_vc707_vivado2019.srcs/sources_1/new/softcore_top.v:282]
WARNING: [VRFC 10-1783] select index 11 into tx_str_array1 is out of bounds [/data/home2/qiupingw/Softcore/PAWS_softcore_vc707_vivado2019.srcs/sources_1/new/softcore_top.v:283]
WARNING: [VRFC 10-1783] select index 11 into tx_str_array1 is out of bounds [/data/home2/qiupingw/Softcore/PAWS_softcore_vc707_vivado2019.srcs/sources_1/new/softcore_top.v:284]
WARNING: [VRFC 10-1783] select index 11 into tx_str_array1 is out of bounds [/data/home2/qiupingw/Softcore/PAWS_softcore_vc707_vivado2019.srcs/sources_1/new/softcore_top.v:285]
WARNING: [VRFC 10-1783] select index 11 into tx_str_array1 is out of bounds [/data/home2/qiupingw/Softcore/PAWS_softcore_vc707_vivado2019.srcs/sources_1/new/softcore_top.v:286]
WARNING: [VRFC 10-1783] select index 11 into tx_str_array1 is out of bounds [/data/home2/qiupingw/Softcore/PAWS_softcore_vc707_vivado2019.srcs/sources_1/new/softcore_top.v:287]
WARNING: [VRFC 10-1783] select index 11 into tx_str_array1 is out of bounds [/data/home2/qiupingw/Softcore/PAWS_softcore_vc707_vivado2019.srcs/sources_1/new/softcore_top.v:288]
WARNING: [VRFC 10-1783] select index 11 into tx_str_array1 is out of bounds [/data/home2/qiupingw/Softcore/PAWS_softcore_vc707_vivado2019.srcs/sources_1/new/softcore_top.v:289]
WARNING: [VRFC 10-1783] select index 11 into tx_str_array1 is out of bounds [/data/home2/qiupingw/Softcore/PAWS_softcore_vc707_vivado2019.srcs/sources_1/new/softcore_top.v:290]
WARNING: [VRFC 10-1783] select index 11 into tx_str_array1 is out of bounds [/data/home2/qiupingw/Softcore/PAWS_softcore_vc707_vivado2019.srcs/sources_1/new/softcore_top.v:291]
WARNING: [VRFC 10-1783] select index 11 into tx_str_array1 is out of bounds [/data/home2/qiupingw/Softcore/PAWS_softcore_vc707_vivado2019.srcs/sources_1/new/softcore_top.v:292]
WARNING: [VRFC 10-1783] select index 11 into tx_str_array1 is out of bounds [/data/home2/qiupingw/Softcore/PAWS_softcore_vc707_vivado2019.srcs/sources_1/new/softcore_top.v:293]
WARNING: [VRFC 10-1783] select index 11 into tx_str_array1 is out of bounds [/data/home2/qiupingw/Softcore/PAWS_softcore_vc707_vivado2019.srcs/sources_1/new/softcore_top.v:294]
WARNING: [VRFC 10-1783] select index 11 into tx_str_array1 is out of bounds [/data/home2/qiupingw/Softcore/PAWS_softcore_vc707_vivado2019.srcs/sources_1/new/softcore_top.v:295]
WARNING: [VRFC 10-1783] select index 11 into tx_str_array1 is out of bounds [/data/home2/qiupingw/Softcore/PAWS_softcore_vc707_vivado2019.srcs/sources_1/new/softcore_top.v:296]
WARNING: [VRFC 10-1783] select index 11 into tx_str_array1 is out of bounds [/data/home2/qiupingw/Softcore/PAWS_softcore_vc707_vivado2019.srcs/sources_1/new/softcore_top.v:297]
Completed static elaboration
Starting simulation data flow analysis
Completed simulation data flow analysis
Time Resolution for simulation is 1ps
Compiling module unisims_ver.IBUFDS
Compiling module unisims_ver.MMCME2_ADV(CLKFBOUT_MULT_F=16.0,...
Compiling module unisims_ver.BUFG
Compiling module xil_defaultlib.clk_wiz_0_clk_wiz
Compiling module xil_defaultlib.clk_wiz_0
Compiling module xil_defaultlib.ControlStack
Compiling module xil_defaultlib.LEB128_uint_decode
Compiling module xil_defaultlib.CtrlUnit
Compiling module xil_defaultlib.blk_mem
Compiling module xil_defaultlib.InstrMemCtrl
Compiling module xil_defaultlib.ALU_32bit
Compiling module xil_defaultlib.ALU
Compiling module xil_defaultlib.OperandStack
Compiling module blk_mem_gen_v8_4_1.blk_mem_gen_v8_4_1_output_stage(...
Compiling module blk_mem_gen_v8_4_1.blk_mem_gen_v8_4_1_output_stage(...
Compiling module blk_mem_gen_v8_4_1.blk_mem_gen_v8_4_1_softecc_outpu...
Compiling module blk_mem_gen_v8_4_1.blk_mem_gen_v8_4_1_mem_module(C_...
Compiling module blk_mem_gen_v8_4_1.blk_mem_gen_v8_4_1(C_FAMILY="kin...
Compiling module xil_defaultlib.blk_mem_gen_0
Compiling module xil_defaultlib.LineMemory
Compiling module xil_defaultlib.WASM_TOP
Compiling module xil_defaultlib.uart_rx_instr
Compiling module xil_defaultlib.UART_Rx(CLK_FREQ_MHz=5)
Compiling module xil_defaultlib.UART_Tx(CLK_FREQ_MHz=5)
Compiling module xil_defaultlib.UART(CLK_FREQ_MHz=5)
Compiling module xil_defaultlib.ila_0
Compiling module xil_defaultlib.softcore_top
Compiling module xil_defaultlib.glbl
Built simulation snapshot softcore_top_behav
