INFO: [VRFC 10-2263] Analyzing Verilog file "/data/home2/qiupingw/Softcore/PAWS_softcore_ax7325b_vivado2018/PAWS_softcore_ax7325b_vivado2018.srcs/sources_1/ip/ila_0/sim/ila_0.v" into library xil_defaultlib
INFO: [VRFC 10-311] analyzing module ila_0
INFO: [VRFC 10-2263] Analyzing Verilog file "/data/home2/qiupingw/Softcore/PAWS_softcore_ax7325b_vivado2018/PAWS_softcore_ax7325b_vivado2018.srcs/sources_1/ip/blk_mem_gen_0/sim/blk_mem_gen_0.v" into library xil_defaultlib
INFO: [VRFC 10-311] analyzing module blk_mem_gen_0
INFO: [VRFC 10-2263] Analyzing Verilog file "/data/home2/qiupingw/Softcore/PAWS_softcore_ax7325b_vivado2018/PAWS_softcore_ax7325b_vivado2018.srcs/sources_1/ip/clk_wiz_0/clk_wiz_0_clk_wiz.v" into library xil_defaultlib
INFO: [VRFC 10-311] analyzing module clk_wiz_0_clk_wiz
INFO: [VRFC 10-2263] Analyzing Verilog file "/data/home2/qiupingw/Softcore/PAWS_softcore_ax7325b_vivado2018/PAWS_softcore_ax7325b_vivado2018.srcs/sources_1/ip/clk_wiz_0/clk_wiz_0.v" into library xil_defaultlib
INFO: [VRFC 10-311] analyzing module clk_wiz_0
INFO: [VRFC 10-2263] Analyzing Verilog file "/data/home2/qiupingw/Softcore/PAWS_softcore_vc707_vivado2019.srcs/sources_1/imports/RTL_wsl_version/ALU.v" into library xil_defaultlib
INFO: [VRFC 10-311] analyzing module ALU
INFO: [VRFC 10-2263] Analyzing Verilog file "/data/home2/qiupingw/Softcore/PAWS_softcore_vc707_vivado2019.srcs/sources_1/imports/RTL_wsl_version/ALU_32bit.v" into library xil_defaultlib
INFO: [VRFC 10-311] analyzing module ALU_32bit
INFO: [VRFC 10-2263] Analyzing Verilog file "/data/home2/qiupingw/Softcore/PAWS_softcore_vc707_vivado2019.srcs/sources_1/imports/RTL_wsl_version/ControlStack.v" into library xil_defaultlib
INFO: [VRFC 10-311] analyzing module ControlStack
INFO: [VRFC 10-2263] Analyzing Verilog file "/data/home2/qiupingw/Softcore/PAWS_softcore_vc707_vivado2019.srcs/sources_1/imports/RTL_wsl_version/CtrlUnit.v" into library xil_defaultlib
INFO: [VRFC 10-311] analyzing module CtrlUnit
INFO: [VRFC 10-2263] Analyzing Verilog file "/data/home2/qiupingw/Softcore/PAWS_softcore_vc707_vivado2019.srcs/sources_1/imports/RTL_wsl_version/InstrMemCtrl.v" into library xil_defaultlib
INFO: [VRFC 10-311] analyzing module InstrMemCtrl
INFO: [VRFC 10-2263] Analyzing Verilog file "/data/home2/qiupingw/Softcore/PAWS_softcore_vc707_vivado2019.srcs/sources_1/imports/RTL_wsl_version/LEB128_uint_decode_64bit.v" into library xil_defaultlib
INFO: [VRFC 10-311] analyzing module LEB128_uint_decode
INFO: [VRFC 10-2263] Analyzing Verilog file "/data/home2/qiupingw/Softcore/PAWS_softcore_vc707_vivado2019.srcs/sources_1/imports/RTL_wsl_version/LineMemory.v" into library xil_defaultlib
INFO: [VRFC 10-311] analyzing module LineMemory
INFO: [VRFC 10-2263] Analyzing Verilog file "/data/home2/qiupingw/Softcore/PAWS_softcore_vc707_vivado2019.srcs/sources_1/imports/RTL_wsl_version/OperandStack.v" into library xil_defaultlib
INFO: [VRFC 10-311] analyzing module OperandStack
INFO: [VRFC 10-2263] Analyzing Verilog file "/data/home2/qiupingw/Softcore/PAWS_softcore_vc707_vivado2019.srcs/sources_1/new/UART.v" into library xil_defaultlib
INFO: [VRFC 10-311] analyzing module UART
INFO: [VRFC 10-2263] Analyzing Verilog file "/data/home2/qiupingw/Softcore/PAWS_softcore_vc707_vivado2019.srcs/sources_1/new/UART_Rx.v" into library xil_defaultlib
INFO: [VRFC 10-311] analyzing module UART_Rx
INFO: [VRFC 10-2263] Analyzing Verilog file "/data/home2/qiupingw/Softcore/PAWS_softcore_vc707_vivado2019.srcs/sources_1/new/UART_Tx.v" into library xil_defaultlib
INFO: [VRFC 10-311] analyzing module UART_Tx
INFO: [VRFC 10-2263] Analyzing Verilog file "/data/home2/qiupingw/Softcore/PAWS_softcore_vc707_vivado2019.srcs/sources_1/imports/RTL_wsl_version/WASM_TOP.v" into library xil_defaultlib
INFO: [VRFC 10-311] analyzing module WASM_TOP
INFO: [VRFC 10-2458] undeclared symbol debug_reg_21, assumed default net type wire [/data/home2/qiupingw/Softcore/PAWS_softcore_vc707_vivado2019.srcs/sources_1/imports/RTL_wsl_version/WASM_TOP.v:342]
INFO: [VRFC 10-2263] Analyzing Verilog file "/data/home2/qiupingw/Softcore/PAWS_softcore_vc707_vivado2019.srcs/sources_1/new/blk_mem.v" into library xil_defaultlib
INFO: [VRFC 10-311] analyzing module blk_mem
INFO: [VRFC 10-2263] Analyzing Verilog file "/data/home2/qiupingw/Softcore/PAWS_softcore_vc707_vivado2019.srcs/sources_1/imports/new/uart_rx_instr.v" into library xil_defaultlib
INFO: [VRFC 10-311] analyzing module uart_rx_instr
INFO: [VRFC 10-2263] Analyzing Verilog file "/data/home2/qiupingw/Softcore/PAWS_softcore_vc707_vivado2019.srcs/sources_1/new/softcore_top.v" into library xil_defaultlib
INFO: [VRFC 10-311] analyzing module softcore_top
INFO: [VRFC 10-2263] Analyzing Verilog file "/data/home2/qiupingw/Softcore/PAWS_softcore_ax7325b_vivado2018/PAWS_softcore_ax7325b_vivado2018.sim/sim_1/behav/xsim/glbl.v" into library xil_defaultlib
INFO: [VRFC 10-311] analyzing module glbl
